<?xml version="1.0" encoding="UTF-8"?>
<coverage generated="1777968625525" clover="3.2.0">
  <project timestamp="1777968625525" name="All files">
    <metrics statements="3049" coveredstatements="579" conditionals="1423" coveredconditionals="232" methods="416" coveredmethods="95" elements="4888" coveredelements="906" complexity="0" loc="3049" ncloc="3049" packages="1" files="1" classes="1"/>
    <file name="artistoo-cjs.js" path="/Users/thijsvandegriendt/Documents/Master/GS/Project/artistoo/build/artistoo-cjs.js">
      <metrics statements="3049" coveredstatements="579" conditionals="1423" coveredconditionals="232" methods="416" coveredmethods="95"/>
      <line num="3" count="1" type="stmt"/>
      <line num="5" count="1" type="cond" truecount="3" falsecount="2"/>
      <line num="7" count="1" type="stmt"/>
      <line num="29" count="1" type="cond" truecount="1" falsecount="1"/>
      <line num="35" count="1" type="stmt"/>
      <line num="39" count="1" type="stmt"/>
      <line num="42" count="1" type="cond" truecount="1" falsecount="1"/>
      <line num="43" count="0" type="stmt"/>
      <line num="44" count="0" type="stmt"/>
      <line num="46" count="1" type="cond" truecount="1" falsecount="1"/>
      <line num="47" count="0" type="stmt"/>
      <line num="62" count="1" type="stmt"/>
      <line num="72" count="1" type="stmt"/>
      <line num="73" count="1" type="stmt"/>
      <line num="79" count="1" type="stmt"/>
      <line num="81" count="1" type="stmt"/>
      <line num="83" count="1" type="stmt"/>
      <line num="88" count="2" type="stmt"/>
      <line num="98" count="186881226" type="cond" truecount="1" falsecount="1"/>
      <line num="99" count="186881226" type="stmt"/>
      <line num="101" count="0" type="stmt"/>
      <line num="112" count="0" type="stmt"/>
      <line num="120" count="0" type="stmt"/>
      <line num="121" count="0" type="cond" truecount="0" falsecount="4"/>
      <line num="122" count="0" type="stmt"/>
      <line num="144" count="0" type="stmt"/>
      <line num="145" count="0" type="stmt"/>
      <line num="148" count="0" type="stmt"/>
      <line num="152" count="0" type="cond" truecount="0" falsecount="2"/>
      <line num="155" count="0" type="cond" truecount="0" falsecount="2"/>
      <line num="156" count="0" type="stmt"/>
      <line num="158" count="0" type="stmt"/>
      <line num="160" count="0" type="cond" truecount="0" falsecount="2"/>
      <line num="161" count="0" type="cond" truecount="0" falsecount="2"/>
      <line num="162" count="0" type="stmt"/>
      <line num="164" count="0" type="stmt"/>
      <line num="167" count="0" type="stmt"/>
      <line num="171" count="0" type="cond" truecount="0" falsecount="2"/>
      <line num="172" count="0" type="stmt"/>
      <line num="174" count="0" type="stmt"/>
      <line num="189" count="0" type="stmt"/>
      <line num="202" count="0" type="stmt"/>
      <line num="218" count="0" type="stmt"/>
      <line num="234" count="0" type="stmt"/>
      <line num="235" count="0" type="stmt"/>
      <line num="236" count="0" type="stmt"/>
      <line num="254" count="1704122" type="cond" truecount="1" falsecount="1"/>
      <line num="255" count="1704122" type="cond" truecount="3" falsecount="1"/>
      <line num="256" count="0" type="stmt"/>
      <line num="268" count="0" type="stmt"/>
      <line num="269" count="0" type="stmt"/>
      <line num="280" count="1704122" type="stmt"/>
      <line num="281" count="1704122" type="stmt"/>
      <line num="292" count="0" type="stmt"/>
      <line num="303" count="155177104" type="stmt"/>
      <line num="328" count="0" type="stmt"/>
      <line num="349" count="0" type="stmt"/>
      <line num="364" count="0" type="stmt"/>
      <line num="366" count="0" type="cond" truecount="0" falsecount="2"/>
      <line num="367" count="0" type="stmt"/>
      <line num="368" count="0" type="cond" truecount="0" falsecount="2"/>
      <line num="369" count="0" type="stmt"/>
      <line num="371" count="0" type="stmt"/>
      <line num="385" count="0" type="stmt"/>
      <line num="398" count="0" type="stmt"/>
      <line num="409" count="0" type="stmt"/>
      <line num="426" count="0" type="stmt"/>
      <line num="442" count="0" type="stmt"/>
      <line num="449" count="0" type="cond" truecount="0" falsecount="2"/>
      <line num="450" count="0" type="stmt"/>
      <line num="455" count="0" type="stmt"/>
      <line num="456" count="0" type="stmt"/>
      <line num="458" count="0" type="stmt"/>
      <line num="470" count="0" type="cond" truecount="0" falsecount="2"/>
      <line num="471" count="0" type="stmt"/>
      <line num="474" count="0" type="stmt"/>
      <line num="477" count="0" type="stmt"/>
      <line num="494" count="0" type="cond" truecount="0" falsecount="2"/>
      <line num="495" count="0" type="stmt"/>
      <line num="496" count="0" type="stmt"/>
      <line num="497" count="0" type="stmt"/>
      <line num="499" count="0" type="stmt"/>
      <line num="507" count="0" type="stmt"/>
      <line num="508" count="0" type="stmt"/>
      <line num="565" count="1" type="stmt"/>
      <line num="568" count="1" type="stmt"/>
      <line num="570" count="1" type="stmt"/>
      <line num="574" count="1" type="cond" truecount="1" falsecount="1"/>
      <line num="575" count="0" type="stmt"/>
      <line num="578" count="1" type="stmt"/>
      <line num="581" count="1" type="cond" truecount="1" falsecount="1"/>
      <line num="589" count="1" type="stmt"/>
      <line num="590" count="0" type="cond" truecount="0" falsecount="2"/>
      <line num="591" count="0" type="stmt"/>
      <line num="593" count="0" type="stmt"/>
      <line num="619" count="0" type="stmt"/>
      <line num="620" count="0" type="stmt"/>
      <line num="621" count="0" type="stmt"/>
      <line num="622" count="0" type="stmt"/>
      <line num="623" count="0" type="stmt"/>
      <line num="625" count="0" type="stmt"/>
      <line num="626" count="0" type="stmt"/>
      <line num="647" count="100" type="stmt"/>
      <line num="652" count="100" type="stmt"/>
      <line num="653" count="100000" type="stmt"/>
      <line num="656" count="30000000" type="stmt"/>
      <line num="657" count="30000000" type="cond" truecount="2" falsecount="0"/>
      <line num="658" count="14397317" type="stmt"/>
      <line num="660" count="30000000" type="stmt"/>
      <line num="662" count="100000" type="stmt"/>
      <line num="663" count="100000" type="stmt"/>
      <line num="678" count="0" type="stmt"/>
      <line num="679" count="0" type="stmt"/>
      <line num="680" count="0" type="stmt"/>
      <line num="681" count="0" type="cond" truecount="0" falsecount="2"/>
      <line num="682" count="0" type="cond" truecount="0" falsecount="2"/>
      <line num="683" count="0" type="stmt"/>
      <line num="685" count="0" type="stmt"/>
      <line num="687" count="0" type="cond" truecount="0" falsecount="2"/>
      <line num="688" count="0" type="cond" truecount="0" falsecount="2"/>
      <line num="689" count="0" type="stmt"/>
      <line num="691" count="0" type="stmt"/>
      <line num="694" count="0" type="stmt"/>
      <line num="698" count="0" type="stmt"/>
      <line num="699" count="0" type="stmt"/>
      <line num="700" count="0" type="stmt"/>
      <line num="701" count="0" type="cond" truecount="0" falsecount="2"/>
      <line num="702" count="0" type="stmt"/>
      <line num="704" count="0" type="stmt"/>
      <line num="708" count="0" type="stmt"/>
      <line num="724" count="0" type="stmt"/>
      <line num="732" count="0" type="cond" truecount="0" falsecount="2"/>
      <line num="733" count="0" type="cond" truecount="0" falsecount="2"/>
      <line num="734" count="0" type="stmt"/>
      <line num="735" count="0" type="stmt"/>
      <line num="738" count="0" type="stmt"/>
      <line num="741" count="0" type="cond" truecount="0" falsecount="2"/>
      <line num="742" count="0" type="cond" truecount="0" falsecount="2"/>
      <line num="743" count="0" type="stmt"/>
      <line num="744" count="0" type="stmt"/>
      <line num="747" count="0" type="stmt"/>
      <line num="750" count="0" type="cond" truecount="0" falsecount="2"/>
      <line num="751" count="0" type="cond" truecount="0" falsecount="2"/>
      <line num="752" count="0" type="stmt"/>
      <line num="753" count="0" type="stmt"/>
      <line num="756" count="0" type="stmt"/>
      <line num="759" count="0" type="cond" truecount="0" falsecount="2"/>
      <line num="760" count="0" type="cond" truecount="0" falsecount="2"/>
      <line num="761" count="0" type="stmt"/>
      <line num="762" count="0" type="stmt"/>
      <line num="765" count="0" type="stmt"/>
      <line num="783" count="25589351" type="stmt"/>
      <line num="784" count="25589351" type="stmt"/>
      <line num="785" count="25589351" type="stmt"/>
      <line num="789" count="25589351" type="stmt"/>
      <line num="793" count="25589351" type="cond" truecount="2" falsecount="0"/>
      <line num="794" count="30445" type="cond" truecount="1" falsecount="1"/>
      <line num="795" count="0" type="stmt"/>
      <line num="797" count="30445" type="stmt"/>
      <line num="801" count="25589351" type="cond" truecount="1" falsecount="1"/>
      <line num="802" count="0" type="cond" truecount="0" falsecount="2"/>
      <line num="803" count="0" type="stmt"/>
      <line num="805" count="0" type="stmt"/>
      <line num="808" count="25589351" type="stmt"/>
      <line num="810" count="25589351" type="cond" truecount="2" falsecount="0"/>
      <line num="811" count="50656" type="cond" truecount="1" falsecount="1"/>
      <line num="812" count="0" type="stmt"/>
      <line num="814" count="50656" type="stmt"/>
      <line num="818" count="25589351" type="cond" truecount="2" falsecount="0"/>
      <line num="819" count="53269" type="cond" truecount="1" falsecount="1"/>
      <line num="820" count="0" type="stmt"/>
      <line num="822" count="53269" type="stmt"/>
      <line num="824" count="25589351" type="cond" truecount="2" falsecount="2"/>
      <line num="825" count="25589351" type="stmt"/>
      <line num="827" count="0" type="stmt"/>
      <line num="847" count="9801641" type="stmt"/>
      <line num="865" count="9393297" type="stmt"/>
      <line num="875" count="0" type="stmt"/>
      <line num="876" count="0" type="stmt"/>
      <line num="878" count="0" type="stmt"/>
      <line num="881" count="0" type="cond" truecount="0" falsecount="2"/>
      <line num="882" count="0" type="cond" truecount="0" falsecount="2"/>
      <line num="883" count="0" type="stmt"/>
      <line num="884" count="0" type="stmt"/>
      <line num="887" count="0" type="stmt"/>
      <line num="890" count="0" type="cond" truecount="0" falsecount="2"/>
      <line num="891" count="0" type="cond" truecount="0" falsecount="2"/>
      <line num="892" count="0" type="stmt"/>
      <line num="893" count="0" type="stmt"/>
      <line num="896" count="0" type="stmt"/>
      <line num="899" count="0" type="stmt"/>
      <line num="905" count="0" type="cond" truecount="0" falsecount="2"/>
      <line num="906" count="0" type="cond" truecount="0" falsecount="2"/>
      <line num="907" count="0" type="stmt"/>
      <line num="908" count="0" type="stmt"/>
      <line num="911" count="0" type="stmt"/>
      <line num="914" count="0" type="cond" truecount="0" falsecount="2"/>
      <line num="915" count="0" type="cond" truecount="0" falsecount="2"/>
      <line num="916" count="0" type="stmt"/>
      <line num="917" count="0" type="stmt"/>
      <line num="920" count="0" type="stmt"/>
      <line num="923" count="0" type="stmt"/>
      <line num="927" count="0" type="stmt"/>
      <line num="961" count="0" type="stmt"/>
      <line num="965" count="0" type="stmt"/>
      <line num="966" count="0" type="cond" truecount="0" falsecount="2"/>
      <line num="967" count="0" type="stmt"/>
      <line num="970" count="0" type="stmt"/>
      <line num="972" count="0" type="stmt"/>
      <line num="974" count="0" type="stmt"/>
      <line num="976" count="0" type="stmt"/>
      <line num="984" count="0" type="stmt"/>
      <line num="985" count="0" type="stmt"/>
      <line num="1002" count="0" type="stmt"/>
      <line num="1021" count="0" type="stmt"/>
      <line num="1048" count="0" type="stmt"/>
      <line num="1049" count="0" type="stmt"/>
      <line num="1050" count="0" type="stmt"/>
      <line num="1051" count="0" type="stmt"/>
      <line num="1052" count="0" type="stmt"/>
      <line num="1053" count="0" type="stmt"/>
      <line num="1054" count="0" type="stmt"/>
      <line num="1056" count="0" type="stmt"/>
      <line num="1057" count="0" type="stmt"/>
      <line num="1059" count="0" type="stmt"/>
      <line num="1060" count="0" type="stmt"/>
      <line num="1081" count="0" type="stmt"/>
      <line num="1082" count="0" type="stmt"/>
      <line num="1083" count="0" type="stmt"/>
      <line num="1084" count="0" type="stmt"/>
      <line num="1085" count="0" type="stmt"/>
      <line num="1087" count="0" type="stmt"/>
      <line num="1088" count="0" type="cond" truecount="0" falsecount="2"/>
      <line num="1089" count="0" type="stmt"/>
      <line num="1091" count="0" type="stmt"/>
      <line num="1093" count="0" type="stmt"/>
      <line num="1094" count="0" type="stmt"/>
      <line num="1096" count="0" type="stmt"/>
      <line num="1097" count="0" type="stmt"/>
      <line num="1112" count="0" type="stmt"/>
      <line num="1114" count="0" type="stmt"/>
      <line num="1115" count="0" type="stmt"/>
      <line num="1116" count="0" type="cond" truecount="0" falsecount="2"/>
      <line num="1117" count="0" type="cond" truecount="0" falsecount="2"/>
      <line num="1118" count="0" type="stmt"/>
      <line num="1120" count="0" type="stmt"/>
      <line num="1122" count="0" type="cond" truecount="0" falsecount="2"/>
      <line num="1123" count="0" type="cond" truecount="0" falsecount="2"/>
      <line num="1124" count="0" type="stmt"/>
      <line num="1126" count="0" type="stmt"/>
      <line num="1129" count="0" type="stmt"/>
      <line num="1132" count="0" type="stmt"/>
      <line num="1133" count="0" type="stmt"/>
      <line num="1134" count="0" type="stmt"/>
      <line num="1135" count="0" type="stmt"/>
      <line num="1136" count="0" type="cond" truecount="0" falsecount="2"/>
      <line num="1137" count="0" type="stmt"/>
      <line num="1139" count="0" type="stmt"/>
      <line num="1144" count="0" type="stmt"/>
      <line num="1166" count="1" type="cond" truecount="1" falsecount="1"/>
      <line num="1170" count="1" type="stmt"/>
      <line num="1171" count="1" type="cond" truecount="1" falsecount="1"/>
      <line num="1172" count="0" type="stmt"/>
      <line num="1173" count="0" type="stmt"/>
      <line num="1174" count="0" type="stmt"/>
      <line num="1176" count="0" type="stmt"/>
      <line num="1182" count="1" type="stmt"/>
      <line num="1183" count="1" type="cond" truecount="2" falsecount="2"/>
      <line num="1184" count="0" type="stmt"/>
      <line num="1189" count="1" type="stmt"/>
      <line num="1194" count="1" type="cond" truecount="1" falsecount="1"/>
      <line num="1195" count="1" type="stmt"/>
      <line num="1208" count="0" type="stmt"/>
      <line num="1214" count="1" type="stmt"/>
      <line num="1217" count="1" type="stmt"/>
      <line num="1220" count="1" type="stmt"/>
      <line num="1223" count="1" type="stmt"/>
      <line num="1226" count="1" type="stmt"/>
      <line num="1229" count="1" type="stmt"/>
      <line num="1235" count="1" type="stmt"/>
      <line num="1238" count="1" type="stmt"/>
      <line num="1241" count="1" type="stmt"/>
      <line num="1245" count="1" type="stmt"/>
      <line num="1253" count="0" type="stmt"/>
      <line num="1259" count="200" type="stmt"/>
      <line num="1268" count="0" type="stmt"/>
      <line num="1269" count="0" type="stmt"/>
      <line num="1276" count="0" type="stmt"/>
      <line num="1291" count="0" type="stmt"/>
      <line num="1292" count="0" type="cond" truecount="0" falsecount="2"/>
      <line num="1294" count="0" type="stmt"/>
      <line num="1297" count="0" type="cond" truecount="0" falsecount="2"/>
      <line num="1298" count="0" type="stmt"/>
      <line num="1302" count="0" type="stmt"/>
      <line num="1303" count="0" type="cond" truecount="0" falsecount="2"/>
      <line num="1304" count="0" type="cond" truecount="0" falsecount="2"/>
      <line num="1305" count="0" type="stmt"/>
      <line num="1307" count="0" type="stmt"/>
      <line num="1319" count="2294" type="stmt"/>
      <line num="1326" count="12692066" type="stmt"/>
      <line num="1334" count="10476988" type="stmt"/>
      <line num="1355" count="240" type="cond" truecount="2" falsecount="0"/>
      <line num="1356" count="2" type="stmt"/>
      <line num="1357" count="2" type="stmt"/>
      <line num="1358" count="2" type="stmt"/>
      <line num="1362" count="240" type="cond" truecount="2" falsecount="0"/>
      <line num="1363" count="200" type="stmt"/>
      <line num="1366" count="240" type="stmt"/>
      <line num="1373" count="0" type="stmt"/>
      <line num="1402" count="1" type="stmt"/>
      <line num="1407" count="1" type="stmt"/>
      <line num="1412" count="1" type="stmt"/>
      <line num="1415" count="1" type="stmt"/>
      <line num="1427" count="1037942" type="cond" truecount="1" falsecount="1"/>
      <line num="1428" count="0" type="stmt"/>
      <line num="1432" count="1037942" type="stmt"/>
      <line num="1434" count="1037942" type="stmt"/>
      <line num="1435" count="1037942" type="stmt"/>
      <line num="1443" count="928841" type="cond" truecount="1" falsecount="1"/>
      <line num="1444" count="0" type="stmt"/>
      <line num="1451" count="928841" type="stmt"/>
      <line num="1454" count="928841" type="stmt"/>
      <line num="1456" count="928841" type="stmt"/>
      <line num="1457" count="928841" type="stmt"/>
      <line num="1458" count="928841" type="cond" truecount="2" falsecount="0"/>
      <line num="1459" count="50" type="stmt"/>
      <line num="1461" count="928791" type="stmt"/>
      <line num="1464" count="928791" type="stmt"/>
      <line num="1472" count="0" type="stmt"/>
      <line num="1479" count="10476988" type="stmt"/>
      <line num="1506" count="0" type="stmt"/>
      <line num="1514" count="0" type="stmt"/>
      <line num="1533" count="0" type="stmt"/>
      <line num="1546" count="0" type="cond" truecount="0" falsecount="2"/>
      <line num="1547" count="0" type="stmt"/>
      <line num="1549" count="0" type="stmt"/>
      <line num="1560" count="80705317" type="stmt"/>
      <line num="1572" count="4" type="stmt"/>
      <line num="1584" count="4" type="stmt"/>
      <line num="1585" count="4" type="stmt"/>
      <line num="1586" count="4" type="cond" truecount="1" falsecount="1"/>
      <line num="1587" count="0" type="stmt"/>
      <line num="1589" count="4" type="cond" truecount="1" falsecount="1"/>
      <line num="1590" count="4" type="stmt"/>
      <line num="1610" count="8" type="stmt"/>
      <line num="1624" count="0" type="stmt"/>
      <line num="1661" count="5" type="stmt"/>
      <line num="1666" count="5" type="stmt"/>
      <line num="1691" count="9" type="cond" truecount="1" falsecount="1"/>
      <line num="1692" count="0" type="stmt"/>
      <line num="1694" count="9" type="cond" truecount="1" falsecount="1"/>
      <line num="1695" count="0" type="stmt"/>
      <line num="1710" count="9" type="cond" truecount="1" falsecount="1"/>
      <line num="1711" count="0" type="stmt"/>
      <line num="1713" count="9" type="cond" truecount="2" falsecount="0"/>
      <line num="1714" count="1" type="stmt"/>
      <line num="1716" count="9" type="stmt"/>
      <line num="1748" count="0" type="stmt"/>
      <line num="1749" count="0" type="cond" truecount="0" falsecount="5"/>
      <line num="1750" count="0" type="stmt"/>
      <line num="1752" count="0" type="stmt"/>
      <line num="1784" count="8" type="cond" truecount="1" falsecount="1"/>
      <line num="1785" count="0" type="stmt"/>
      <line num="1789" count="8" type="stmt"/>
      <line num="1790" count="8" type="cond" truecount="1" falsecount="1"/>
      <line num="1791" count="0" type="stmt"/>
      <line num="1830" count="1" type="stmt"/>
      <line num="1834" count="1" type="cond" truecount="1" falsecount="1"/>
      <line num="1835" count="0" type="stmt"/>
      <line num="1837" count="1" type="stmt"/>
      <line num="1838" count="1" type="cond" truecount="1" falsecount="1"/>
      <line num="1839" count="0" type="stmt"/>
      <line num="1842" count="1" type="cond" truecount="1" falsecount="1"/>
      <line num="1843" count="0" type="stmt"/>
      <line num="1848" count="1" type="stmt"/>
      <line num="1849" count="2" type="cond" truecount="1" falsecount="1"/>
      <line num="1850" count="0" type="stmt"/>
      <line num="1852" count="2" type="cond" truecount="1" falsecount="1"/>
      <line num="1853" count="0" type="stmt"/>
      <line num="1856" count="2" type="cond" truecount="1" falsecount="1"/>
      <line num="1857" count="0" type="stmt"/>
      <line num="1896" count="9" type="cond" truecount="1" falsecount="1"/>
      <line num="1897" count="0" type="stmt"/>
      <line num="1898" count="9" type="cond" truecount="2" falsecount="0"/>
      <line num="1899" count="8" type="stmt"/>
      <line num="1900" count="1" type="cond" truecount="1" falsecount="1"/>
      <line num="1901" count="1" type="stmt"/>
      <line num="1903" count="0" type="stmt"/>
      <line num="1921" count="4" type="stmt"/>
      <line num="1935" count="12" type="cond" truecount="3" falsecount="1"/>
      <line num="1936" count="0" type="stmt"/>
      <line num="1938" count="12" type="stmt"/>
      <line num="1952" count="4" type="cond" truecount="4" falsecount="1"/>
      <line num="1953" count="0" type="stmt"/>
      <line num="1955" count="4" type="stmt"/>
      <line num="1970" count="0" type="cond" truecount="0" falsecount="2"/>
      <line num="1971" count="0" type="stmt"/>
      <line num="1973" count="0" type="stmt"/>
      <line num="1974" count="0" type="stmt"/>
      <line num="1975" count="0" type="cond" truecount="0" falsecount="2"/>
      <line num="1976" count="0" type="stmt"/>
      <line num="1979" count="0" type="stmt"/>
      <line num="1991" count="0" type="stmt"/>
      <line num="2000" count="0" type="cond" truecount="0" falsecount="2"/>
      <line num="2001" count="0" type="stmt"/>
      <line num="2003" count="0" type="cond" truecount="0" falsecount="2"/>
      <line num="2004" count="0" type="stmt"/>
      <line num="2006" count="0" type="stmt"/>
      <line num="2025" count="9" type="cond" truecount="2" falsecount="0"/>
      <line num="2026" count="1" type="stmt"/>
      <line num="2027" count="8" type="cond" truecount="2" falsecount="0"/>
      <line num="2028" count="6" type="stmt"/>
      <line num="2029" count="2" type="cond" truecount="1" falsecount="1"/>
      <line num="2030" count="2" type="stmt"/>
      <line num="2031" count="0" type="cond" truecount="0" falsecount="2"/>
      <line num="2032" count="0" type="stmt"/>
      <line num="2033" count="0" type="cond" truecount="0" falsecount="2"/>
      <line num="2034" count="0" type="stmt"/>
      <line num="2036" count="0" type="stmt"/>
      <line num="2040" count="9" type="stmt"/>
      <line num="2043" count="9" type="cond" truecount="1" falsecount="1"/>
      <line num="2044" count="0" type="cond" truecount="0" falsecount="4"/>
      <line num="2045" count="9" type="cond" truecount="2" falsecount="0"/>
      <line num="2046" count="8" type="stmt"/>
      <line num="2047" count="16" type="cond" truecount="3" falsecount="1"/>
      <line num="2049" count="1" type="cond" truecount="1" falsecount="1"/>
      <line num="2050" count="1" type="stmt"/>
      <line num="2051" count="2" type="stmt"/>
      <line num="2052" count="4" type="cond" truecount="3" falsecount="1"/>
      <line num="2056" count="0" type="stmt"/>
      <line num="2078" count="9" type="stmt"/>
      <line num="2079" count="9" type="stmt"/>
      <line num="2080" count="9" type="stmt"/>
      <line num="2081" count="9" type="stmt"/>
      <line num="2114" count="1" type="stmt"/>
      <line num="2121" count="1" type="stmt"/>
      <line num="2122" count="1" type="stmt"/>
      <line num="2132" count="34538634" type="stmt"/>
      <line num="2143" count="7802746" type="stmt"/>
      <line num="2145" count="7802746" type="stmt"/>
      <line num="2146" count="7802746" type="stmt"/>
      <line num="2147" count="62298104" type="stmt"/>
      <line num="2148" count="62298104" type="cond" truecount="2" falsecount="0"/>
      <line num="2150" count="7802746" type="stmt"/>
      <line num="2160" count="3901373" type="stmt"/>
      <line num="2200" count="1" type="stmt"/>
      <line num="2207" count="1" type="stmt"/>
      <line num="2208" count="1" type="stmt"/>
      <line num="2209" count="1" type="stmt"/>
      <line num="2221" count="3901373" type="stmt"/>
      <line num="2224" count="3901373" type="stmt"/>
      <line num="2226" count="3901373" type="stmt"/>
      <line num="2237" count="15605492" type="stmt"/>
      <line num="2239" count="15605492" type="cond" truecount="4" falsecount="0"/>
      <line num="2240" count="14880194" type="stmt"/>
      <line num="2241" count="14880194" type="stmt"/>
      <line num="2300" count="0" type="stmt"/>
      <line num="2307" count="0" type="stmt"/>
      <line num="2312" count="0" type="stmt"/>
      <line num="2313" count="0" type="cond" truecount="0" falsecount="2"/>
      <line num="2314" count="0" type="stmt"/>
      <line num="2323" count="0" type="stmt"/>
      <line num="2324" count="0" type="stmt"/>
      <line num="2325" count="0" type="stmt"/>
      <line num="2326" count="0" type="stmt"/>
      <line num="2345" count="0" type="stmt"/>
      <line num="2349" count="0" type="cond" truecount="0" falsecount="2"/>
      <line num="2350" count="0" type="stmt"/>
      <line num="2351" count="0" type="stmt"/>
      <line num="2356" count="0" type="stmt"/>
      <line num="2357" count="0" type="stmt"/>
      <line num="2359" count="0" type="cond" truecount="0" falsecount="4"/>
      <line num="2360" count="0" type="stmt"/>
      <line num="2365" count="0" type="stmt"/>
      <line num="2366" count="0" type="stmt"/>
      <line num="2380" count="0" type="stmt"/>
      <line num="2383" count="0" type="cond" truecount="0" falsecount="2"/>
      <line num="2386" count="0" type="stmt"/>
      <line num="2390" count="0" type="stmt"/>
      <line num="2393" count="0" type="stmt"/>
      <line num="2394" count="0" type="stmt"/>
      <line num="2397" count="0" type="cond" truecount="0" falsecount="2"/>
      <line num="2398" count="0" type="stmt"/>
      <line num="2399" count="0" type="stmt"/>
      <line num="2404" count="0" type="stmt"/>
      <line num="2417" count="0" type="stmt"/>
      <line num="2420" count="0" type="cond" truecount="0" falsecount="2"/>
      <line num="2423" count="0" type="stmt"/>
      <line num="2427" count="0" type="stmt"/>
      <line num="2430" count="0" type="stmt"/>
      <line num="2431" count="0" type="stmt"/>
      <line num="2436" count="0" type="cond" truecount="0" falsecount="2"/>
      <line num="2437" count="0" type="cond" truecount="0" falsecount="2"/>
      <line num="2438" count="0" type="stmt"/>
      <line num="2439" count="0" type="stmt"/>
      <line num="2444" count="0" type="stmt"/>
      <line num="2454" count="0" type="cond" truecount="0" falsecount="2"/>
      <line num="2468" count="0" type="stmt"/>
      <line num="2477" count="0" type="stmt"/>
      <line num="2479" count="0" type="cond" truecount="0" falsecount="2"/>
      <line num="2480" count="0" type="stmt"/>
      <line num="2531" count="1" type="stmt"/>
      <line num="2535" count="1" type="stmt"/>
      <line num="2541" count="1" type="stmt"/>
      <line num="2544" count="1" type="cond" truecount="1" falsecount="1"/>
      <line num="2545" count="0" type="stmt"/>
      <line num="2553" count="1" type="stmt"/>
      <line num="2554" count="1" type="stmt"/>
      <line num="2555" count="1" type="stmt"/>
      <line num="2562" count="0" type="stmt"/>
      <line num="2563" count="0" type="stmt"/>
      <line num="2564" count="0" type="stmt"/>
      <line num="2565" count="0" type="cond" truecount="0" falsecount="2"/>
      <line num="2566" count="0" type="stmt"/>
      <line num="2568" count="0" type="stmt"/>
      <line num="2569" count="0" type="stmt"/>
      <line num="2584" count="1704122" type="cond" truecount="1" falsecount="1"/>
      <line num="2587" count="1704122" type="stmt"/>
      <line num="2590" count="1704122" type="stmt"/>
      <line num="2593" count="1704122" type="stmt"/>
      <line num="2594" count="13601614" type="stmt"/>
      <line num="2598" count="13601614" type="cond" truecount="2" falsecount="0"/>
      <line num="2599" count="7647769" type="stmt"/>
      <line num="2601" count="13601614" type="cond" truecount="2" falsecount="0"/>
      <line num="2602" count="7485556" type="stmt"/>
      <line num="2607" count="13601614" type="cond" truecount="2" falsecount="0"/>
      <line num="2612" count="12859670" type="cond" truecount="2" falsecount="0"/>
      <line num="2613" count="5451994" type="stmt"/>
      <line num="2616" count="12859670" type="cond" truecount="2" falsecount="0"/>
      <line num="2617" count="5914450" type="stmt"/>
      <line num="2623" count="1704122" type="cond" truecount="2" falsecount="0"/>
      <line num="2624" count="1539433" type="stmt"/>
      <line num="2626" count="1704122" type="cond" truecount="2" falsecount="0"/>
      <line num="2627" count="1695805" type="cond" truecount="2" falsecount="0"/>
      <line num="2628" count="2294" type="stmt"/>
      <line num="2630" count="1695805" type="stmt"/>
      <line num="2644" count="3901373" type="cond" truecount="1" falsecount="1"/>
      <line num="2645" count="0" type="stmt"/>
      <line num="2647" count="3901373" type="stmt"/>
      <line num="2648" count="3901373" type="stmt"/>
      <line num="2649" count="3901373" type="cond" truecount="3" falsecount="1"/>
      <line num="2650" count="0" type="stmt"/>
      <line num="2652" count="3901373" type="stmt"/>
      <line num="2653" count="3901373" type="stmt"/>
      <line num="2654" count="3901373" type="stmt"/>
      <line num="2655" count="3901373" type="stmt"/>
      <line num="2656" count="31149052" type="stmt"/>
      <line num="2657" count="31149052" type="cond" truecount="2" falsecount="0"/>
      <line num="2658" count="19248533" type="stmt"/>
      <line num="2660" count="31149052" type="cond" truecount="2" falsecount="0"/>
      <line num="2661" count="15290101" type="stmt"/>
      <line num="2663" count="31149052" type="cond" truecount="2" falsecount="0"/>
      <line num="2664" count="15858951" type="stmt"/>
      <line num="2666" count="31149052" type="cond" truecount="2" falsecount="0"/>
      <line num="2667" count="11900519" type="stmt"/>
      <line num="2670" count="3901373" type="stmt"/>
      <line num="2671" count="3901373" type="cond" truecount="2" falsecount="0"/>
      <line num="2672" count="3719934" type="stmt"/>
      <line num="2673" count="3719934" type="stmt"/>
      <line num="2674" count="3719934" type="stmt"/>
      <line num="2675" count="3719934" type="stmt"/>
      <line num="2676" count="3719934" type="stmt"/>
      <line num="2678" count="3901373" type="cond" truecount="2" falsecount="0"/>
      <line num="2679" count="3720163" type="stmt"/>
      <line num="2680" count="3720163" type="stmt"/>
      <line num="2681" count="3720163" type="stmt"/>
      <line num="2682" count="3720163" type="stmt"/>
      <line num="2683" count="3720163" type="stmt"/>
      <line num="2687" count="3901373" type="stmt"/>
      <line num="2699" count="0" type="stmt"/>
      <line num="2720" count="0" type="stmt"/>
      <line num="2765" count="0" type="stmt"/>
      <line num="2772" count="0" type="stmt"/>
      <line num="2773" count="0" type="stmt"/>
      <line num="2786" count="0" type="cond" truecount="0" falsecount="2"/>
      <line num="2787" count="0" type="stmt"/>
      <line num="2790" count="0" type="cond" truecount="0" falsecount="2"/>
      <line num="2791" count="0" type="stmt"/>
      <line num="2794" count="0" type="stmt"/>
      <line num="2811" count="1" type="stmt"/>
      <line num="2840" count="1" type="stmt"/>
      <line num="2847" count="1" type="stmt"/>
      <line num="2851" count="1" type="stmt"/>
      <line num="2857" count="1" type="stmt"/>
      <line num="2860" count="1" type="stmt"/>
      <line num="2863" count="1" type="stmt"/>
      <line num="2867" count="1" type="stmt"/>
      <line num="2875" count="1" type="stmt"/>
      <line num="2876" count="1" type="stmt"/>
      <line num="2882" count="1" type="stmt"/>
      <line num="2886" count="1" type="stmt"/>
      <line num="2890" count="1" type="stmt"/>
      <line num="2894" count="1" type="stmt"/>
      <line num="2899" count="1" type="stmt"/>
      <line num="2904" count="1" type="stmt"/>
      <line num="2908" count="1" type="stmt"/>
      <line num="2909" count="9" type="cond" truecount="2" falsecount="0"/>
      <line num="2910" count="3" type="stmt"/>
      <line num="2918" count="0" type="stmt"/>
      <line num="2919" count="0" type="stmt"/>
      <line num="2921" count="0" type="stmt"/>
      <line num="2922" count="0" type="stmt"/>
      <line num="2923" count="0" type="stmt"/>
      <line num="2924" count="0" type="stmt"/>
      <line num="2925" count="0" type="stmt"/>
      <line num="2926" count="0" type="stmt"/>
      <line num="2939" count="0" type="stmt"/>
      <line num="2940" count="0" type="cond" truecount="0" falsecount="2"/>
      <line num="2941" count="0" type="stmt"/>
      <line num="2953" count="20" type="stmt"/>
      <line num="2954" count="2069277" type="stmt"/>
      <line num="2955" count="2069277" type="cond" truecount="2" falsecount="0"/>
      <line num="2956" count="1959869" type="stmt"/>
      <line num="2968" count="0" type="stmt"/>
      <line num="2969" count="0" type="stmt"/>
      <line num="2970" count="0" type="cond" truecount="0" falsecount="2"/>
      <line num="2971" count="0" type="stmt"/>
      <line num="2982" count="4" type="stmt"/>
      <line num="2983" count="4" type="cond" truecount="1" falsecount="1"/>
      <line num="2984" count="4" type="cond" truecount="1" falsecount="1"/>
      <line num="2988" count="4" type="stmt"/>
      <line num="2992" count="4" type="cond" truecount="1" falsecount="1"/>
      <line num="2993" count="4" type="stmt"/>
      <line num="2995" count="4" type="stmt"/>
      <line num="2996" count="4" type="stmt"/>
      <line num="3000" count="0" type="stmt"/>
      <line num="3004" count="0" type="cond" truecount="0" falsecount="2"/>
      <line num="3005" count="0" type="stmt"/>
      <line num="3007" count="0" type="stmt"/>
      <line num="3008" count="0" type="stmt"/>
      <line num="3011" count="4" type="cond" truecount="2" falsecount="0"/>
      <line num="3012" count="1" type="stmt"/>
      <line num="3014" count="4" type="cond" truecount="2" falsecount="0"/>
      <line num="3015" count="1" type="stmt"/>
      <line num="3017" count="4" type="stmt"/>
      <line num="3018" count="4" type="cond" truecount="1" falsecount="1"/>
      <line num="3019" count="0" type="stmt"/>
      <line num="3039" count="0" type="cond" truecount="0" falsecount="2"/>
      <line num="3040" count="0" type="stmt"/>
      <line num="3044" count="0" type="cond" truecount="0" falsecount="2"/>
      <line num="3045" count="0" type="stmt"/>
      <line num="3046" count="0" type="stmt"/>
      <line num="3047" count="0" type="cond" truecount="0" falsecount="2"/>
      <line num="3048" count="0" type="stmt"/>
      <line num="3049" count="0" type="stmt"/>
      <line num="3051" count="0" type="stmt"/>
      <line num="3057" count="0" type="stmt"/>
      <line num="3058" count="0" type="stmt"/>
      <line num="3059" count="0" type="stmt"/>
      <line num="3060" count="0" type="stmt"/>
      <line num="3061" count="0" type="stmt"/>
      <line num="3062" count="0" type="stmt"/>
      <line num="3069" count="9799345" type="stmt"/>
      <line num="3076" count="14880194" type="stmt"/>
      <line num="3084" count="117249700" type="stmt"/>
      <line num="3092" count="2294" type="stmt"/>
      <line num="3107" count="3901373" type="stmt"/>
      <line num="3108" count="3901373" type="stmt"/>
      <line num="3109" count="15605492" type="stmt"/>
      <line num="3111" count="3901373" type="stmt"/>
      <line num="3120" count="0" type="stmt"/>
      <line num="3135" count="100" type="stmt"/>
      <line num="3137" count="100" type="stmt"/>
      <line num="3140" count="10476988" type="stmt"/>
      <line num="3144" count="10476988" type="stmt"/>
      <line num="3145" count="10476988" type="stmt"/>
      <line num="3146" count="10476988" type="stmt"/>
      <line num="3148" count="10476988" type="stmt"/>
      <line num="3149" count="10476988" type="stmt"/>
      <line num="3154" count="10476988" type="cond" truecount="2" falsecount="0"/>
      <line num="3155" count="3901373" type="stmt"/>
      <line num="3156" count="3901373" type="stmt"/>
      <line num="3157" count="0" type="cond" truecount="0" falsecount="2"/>
      <line num="3158" count="0" type="stmt"/>
      <line num="3161" count="3901373" type="cond" truecount="1" falsecount="1"/>
      <line num="3162" count="3901373" type="stmt"/>
      <line num="3164" count="3901373" type="cond" truecount="2" falsecount="0"/>
      <line num="3165" count="1701828" type="stmt"/>
      <line num="3170" count="100" type="stmt"/>
      <line num="3174" count="100" type="stmt"/>
      <line num="3175" count="100" type="stmt"/>
      <line num="3176" count="100" type="stmt"/>
      <line num="3185" count="3901373" type="cond" truecount="2" falsecount="0"/>
      <line num="3186" count="2205902" type="stmt"/>
      <line num="3199" count="1704122" type="stmt"/>
      <line num="3200" count="1704122" type="cond" truecount="1" falsecount="1"/>
      <line num="3201" count="0" type="stmt"/>
      <line num="3203" count="1704122" type="cond" truecount="2" falsecount="0"/>
      <line num="3206" count="1539433" type="stmt"/>
      <line num="3210" count="1539433" type="cond" truecount="1" falsecount="1"/>
      <line num="3211" count="0" type="stmt"/>
      <line num="3212" count="0" type="stmt"/>
      <line num="3213" count="0" type="stmt"/>
      <line num="3217" count="1704122" type="stmt"/>
      <line num="3218" count="1704122" type="cond" truecount="2" falsecount="0"/>
      <line num="3219" count="1695805" type="stmt"/>
      <line num="3221" count="1704122" type="stmt"/>
      <line num="3223" count="1704122" type="stmt"/>
      <line num="3224" count="1704122" type="stmt"/>
      <line num="3229" count="0" type="stmt"/>
      <line num="3239" count="1704122" type="cond" truecount="1" falsecount="1"/>
      <line num="3240" count="1704122" type="stmt"/>
      <line num="3241" count="1704122" type="stmt"/>
      <line num="3242" count="1704122" type="stmt"/>
      <line num="3243" count="1704122" type="stmt"/>
      <line num="3244" count="13601614" type="stmt"/>
      <line num="3245" count="13601614" type="cond" truecount="2" falsecount="0"/>
      <line num="3246" count="7647769" type="stmt"/>
      <line num="3248" count="13601614" type="cond" truecount="2" falsecount="0"/>
      <line num="3249" count="6116058" type="cond" truecount="2" falsecount="0"/>
      <line num="3250" count="1035648" type="stmt"/>
      <line num="3253" count="13601614" type="cond" truecount="2" falsecount="0"/>
      <line num="3254" count="5953845" type="cond" truecount="2" falsecount="0"/>
      <line num="3255" count="916024" type="stmt"/>
      <line num="3260" count="1704122" type="cond" truecount="4" falsecount="0"/>
      <line num="3261" count="2294" type="stmt"/>
      <line num="3263" count="1704122" type="cond" truecount="4" falsecount="0"/>
      <line num="3264" count="12817" type="stmt"/>
      <line num="3275" count="2294" type="cond" truecount="1" falsecount="1"/>
      <line num="3277" count="0" type="stmt"/>
      <line num="3280" count="2294" type="stmt"/>
      <line num="3281" count="2294" type="stmt"/>
      <line num="3282" count="2294" type="cond" truecount="1" falsecount="1"/>
      <line num="3283" count="0" type="stmt"/>
      <line num="3284" count="0" type="stmt"/>
      <line num="3287" count="2294" type="stmt"/>
      <line num="3288" count="2294" type="stmt"/>
      <line num="3289" count="2294" type="stmt"/>
      <line num="3335" count="0" type="stmt"/>
      <line num="3336" count="0" type="stmt"/>
      <line num="3337" count="0" type="stmt"/>
      <line num="3339" count="0" type="stmt"/>
      <line num="3343" count="0" type="stmt"/>
      <line num="3346" count="0" type="stmt"/>
      <line num="3351" count="0" type="stmt"/>
      <line num="3367" count="0" type="stmt"/>
      <line num="3368" count="0" type="stmt"/>
      <line num="3369" count="0" type="stmt"/>
      <line num="3372" count="0" type="stmt"/>
      <line num="3373" count="0" type="stmt"/>
      <line num="3374" count="0" type="stmt"/>
      <line num="3375" count="0" type="stmt"/>
      <line num="3378" count="0" type="stmt"/>
      <line num="3379" count="0" type="stmt"/>
      <line num="3381" count="0" type="stmt"/>
      <line num="3396" count="0" type="stmt"/>
      <line num="3397" count="0" type="stmt"/>
      <line num="3398" count="0" type="stmt"/>
      <line num="3401" count="0" type="stmt"/>
      <line num="3402" count="0" type="stmt"/>
      <line num="3403" count="0" type="stmt"/>
      <line num="3404" count="0" type="stmt"/>
      <line num="3407" count="0" type="stmt"/>
      <line num="3408" count="0" type="stmt"/>
      <line num="3409" count="0" type="stmt"/>
      <line num="3410" count="0" type="stmt"/>
      <line num="3419" count="0" type="stmt"/>
      <line num="3420" count="0" type="stmt"/>
      <line num="3422" count="0" type="stmt"/>
      <line num="3423" count="0" type="stmt"/>
      <line num="3426" count="0" type="stmt"/>
      <line num="3427" count="0" type="stmt"/>
      <line num="3430" count="0" type="cond" truecount="0" falsecount="2"/>
      <line num="3431" count="0" type="cond" truecount="0" falsecount="2"/>
      <line num="3432" count="0" type="stmt"/>
      <line num="3434" count="0" type="stmt"/>
      <line num="3435" count="0" type="stmt"/>
      <line num="3439" count="0" type="cond" truecount="0" falsecount="2"/>
      <line num="3440" count="0" type="cond" truecount="0" falsecount="2"/>
      <line num="3441" count="0" type="stmt"/>
      <line num="3443" count="0" type="stmt"/>
      <line num="3444" count="0" type="stmt"/>
      <line num="3449" count="0" type="stmt"/>
      <line num="3478" count="2" type="cond" truecount="2" falsecount="0"/>
      <line num="3487" count="1" type="stmt"/>
      <line num="3495" count="0" type="stmt"/>
      <line num="3529" count="100" type="stmt"/>
      <line num="3533" count="100" type="stmt"/>
      <line num="3534" count="14397317" type="cond" truecount="2" falsecount="0"/>
      <line num="3535" count="229400" type="stmt"/>
      <line num="3537" count="14167917" type="stmt"/>
      <line num="3540" count="100" type="stmt"/>
      <line num="3568" count="0" type="stmt"/>
      <line num="3575" count="0" type="stmt"/>
      <line num="3580" count="0" type="stmt"/>
      <line num="3581" count="0" type="cond" truecount="0" falsecount="2"/>
      <line num="3582" count="0" type="stmt"/>
      <line num="3587" count="0" type="stmt"/>
      <line num="3591" count="0" type="stmt"/>
      <line num="3598" count="0" type="stmt"/>
      <line num="3599" count="0" type="stmt"/>
      <line num="3600" count="0" type="stmt"/>
      <line num="3601" count="0" type="stmt"/>
      <line num="3604" count="0" type="stmt"/>
      <line num="3605" count="0" type="stmt"/>
      <line num="3606" count="0" type="stmt"/>
      <line num="3607" count="0" type="cond" truecount="0" falsecount="2"/>
      <line num="3608" count="0" type="stmt"/>
      <line num="3612" count="0" type="stmt"/>
      <line num="3613" count="0" type="stmt"/>
      <line num="3615" count="0" type="cond" truecount="0" falsecount="2"/>
      <line num="3616" count="0" type="stmt"/>
      <line num="3617" count="0" type="cond" truecount="0" falsecount="2"/>
      <line num="3618" count="0" type="stmt"/>
      <line num="3621" count="0" type="stmt"/>
      <line num="3622" count="0" type="cond" truecount="0" falsecount="2"/>
      <line num="3623" count="0" type="stmt"/>
      <line num="3627" count="0" type="stmt"/>
      <line num="3628" count="0" type="stmt"/>
      <line num="3629" count="0" type="cond" truecount="0" falsecount="2"/>
      <line num="3630" count="0" type="stmt"/>
      <line num="3631" count="0" type="cond" truecount="0" falsecount="2"/>
      <line num="3632" count="0" type="stmt"/>
      <line num="3634" count="0" type="cond" truecount="0" falsecount="2"/>
      <line num="3635" count="0" type="stmt"/>
      <line num="3647" count="0" type="cond" truecount="0" falsecount="2"/>
      <line num="3650" count="0" type="stmt"/>
      <line num="3651" count="0" type="stmt"/>
      <line num="3652" count="0" type="stmt"/>
      <line num="3653" count="0" type="stmt"/>
      <line num="3654" count="0" type="stmt"/>
      <line num="3657" count="0" type="stmt"/>
      <line num="3677" count="0" type="cond" truecount="0" falsecount="2"/>
      <line num="3678" count="0" type="stmt"/>
      <line num="3681" count="0" type="stmt"/>
      <line num="3682" count="0" type="stmt"/>
      <line num="3684" count="0" type="stmt"/>
      <line num="3685" count="0" type="cond" truecount="0" falsecount="2"/>
      <line num="3686" count="0" type="stmt"/>
      <line num="3688" count="0" type="cond" truecount="0" falsecount="2"/>
      <line num="3689" count="0" type="stmt"/>
      <line num="3696" count="0" type="cond" truecount="0" falsecount="2"/>
      <line num="3697" count="0" type="stmt"/>
      <line num="3698" count="0" type="stmt"/>
      <line num="3703" count="0" type="stmt"/>
      <line num="3704" count="0" type="stmt"/>
      <line num="3706" count="0" type="cond" truecount="0" falsecount="4"/>
      <line num="3707" count="0" type="stmt"/>
      <line num="3712" count="0" type="stmt"/>
      <line num="3713" count="0" type="stmt"/>
      <line num="3765" count="1" type="cond" truecount="1" falsecount="1"/>
      <line num="3770" count="1" type="stmt"/>
      <line num="3775" count="1" type="stmt"/>
      <line num="3781" count="1" type="stmt"/>
      <line num="3782" count="0" type="cond" truecount="0" falsecount="4"/>
      <line num="3784" count="0" type="stmt"/>
      <line num="3785" count="0" type="stmt"/>
      <line num="3790" count="1" type="cond" truecount="2" falsecount="1"/>
      <line num="3794" count="1" type="cond" truecount="3" falsecount="0"/>
      <line num="3798" count="1" type="stmt"/>
      <line num="3801" count="1" type="stmt"/>
      <line num="3803" count="1" type="cond" truecount="2" falsecount="2"/>
      <line num="3804" count="1" type="stmt"/>
      <line num="3806" count="1" type="cond" truecount="2" falsecount="2"/>
      <line num="3807" count="1" type="stmt"/>
      <line num="3810" count="1" type="cond" truecount="1" falsecount="1"/>
      <line num="3812" count="0" type="stmt"/>
      <line num="3813" count="0" type="stmt"/>
      <line num="3814" count="0" type="stmt"/>
      <line num="3815" count="0" type="cond" truecount="0" falsecount="3"/>
      <line num="3816" count="0" type="stmt"/>
      <line num="3818" count="1" type="stmt"/>
      <line num="3820" count="1" type="stmt"/>
      <line num="3823" count="1" type="stmt"/>
      <line num="3827" count="1" type="stmt"/>
      <line num="3828" count="1" type="stmt"/>
      <line num="3829" count="1" type="stmt"/>
      <line num="3837" count="0" type="stmt"/>
      <line num="3846" count="0" type="stmt"/>
      <line num="3852" count="2816957" type="stmt"/>
      <line num="3853" count="2816957" type="stmt"/>
      <line num="3854" count="2816957" type="stmt"/>
      <line num="3855" count="2816957" type="stmt"/>
      <line num="3856" count="2816957" type="stmt"/>
      <line num="3857" count="2816957" type="stmt"/>
      <line num="3858" count="2816957" type="stmt"/>
      <line num="3859" count="2816957" type="stmt"/>
      <line num="3867" count="2684657" type="stmt"/>
      <line num="3868" count="2684657" type="stmt"/>
      <line num="3869" count="2684657" type="stmt"/>
      <line num="3870" count="2684657" type="stmt"/>
      <line num="3871" count="2684657" type="stmt"/>
      <line num="3872" count="2684657" type="stmt"/>
      <line num="3879" count="40" type="stmt"/>
      <line num="3881" count="40" type="stmt"/>
      <line num="3887" count="40" type="stmt"/>
      <line num="3893" count="0" type="stmt"/>
      <line num="3900" count="668351" type="stmt"/>
      <line num="3901" count="668351" type="stmt"/>
      <line num="3908" count="671293" type="stmt"/>
      <line num="3909" count="671293" type="stmt"/>
      <line num="3915" count="672724" type="stmt"/>
      <line num="3916" count="672724" type="stmt"/>
      <line num="3922" count="672289" type="stmt"/>
      <line num="3923" count="672289" type="stmt"/>
      <line num="3931" count="40" type="stmt"/>
      <line num="3933" count="40" type="stmt"/>
      <line num="3935" count="40" type="stmt"/>
      <line num="3937" count="40" type="stmt"/>
      <line num="3947" count="20" type="cond" truecount="1" falsecount="1"/>
      <line num="3948" count="20" type="stmt"/>
      <line num="3949" count="20" type="stmt"/>
      <line num="3961" count="0" type="stmt"/>
      <line num="3966" count="1959869" type="stmt"/>
      <line num="3967" count="3919738" type="cond" truecount="1" falsecount="1"/>
      <line num="3968" count="0" type="stmt"/>
      <line num="3971" count="1959869" type="stmt"/>
      <line num="3984" count="0" type="cond" truecount="0" falsecount="2"/>
      <line num="3985" count="0" type="stmt"/>
      <line num="3987" count="0" type="stmt"/>
      <line num="3988" count="0" type="stmt"/>
      <line num="3989" count="0" type="stmt"/>
      <line num="3990" count="0" type="stmt"/>
      <line num="3991" count="0" type="stmt"/>
      <line num="3992" count="0" type="cond" truecount="0" falsecount="2"/>
      <line num="3993" count="0" type="stmt"/>
      <line num="3997" count="0" type="stmt"/>
      <line num="4000" count="0" type="stmt"/>
      <line num="4001" count="0" type="stmt"/>
      <line num="4003" count="0" type="stmt"/>
      <line num="4006" count="0" type="stmt"/>
      <line num="4009" count="0" type="stmt"/>
      <line num="4010" count="0" type="stmt"/>
      <line num="4023" count="0" type="cond" truecount="0" falsecount="2"/>
      <line num="4024" count="0" type="stmt"/>
      <line num="4026" count="0" type="stmt"/>
      <line num="4027" count="0" type="stmt"/>
      <line num="4028" count="0" type="stmt"/>
      <line num="4029" count="0" type="stmt"/>
      <line num="4030" count="0" type="stmt"/>
      <line num="4031" count="0" type="stmt"/>
      <line num="4032" count="0" type="cond" truecount="0" falsecount="2"/>
      <line num="4033" count="0" type="stmt"/>
      <line num="4035" count="0" type="cond" truecount="0" falsecount="2"/>
      <line num="4036" count="0" type="stmt"/>
      <line num="4042" count="0" type="stmt"/>
      <line num="4047" count="0" type="stmt"/>
      <line num="4048" count="0" type="stmt"/>
      <line num="4050" count="0" type="stmt"/>
      <line num="4051" count="0" type="stmt"/>
      <line num="4053" count="0" type="stmt"/>
      <line num="4054" count="0" type="cond" truecount="0" falsecount="2"/>
      <line num="4055" count="0" type="stmt"/>
      <line num="4056" count="0" type="stmt"/>
      <line num="4058" count="0" type="stmt"/>
      <line num="4059" count="0" type="cond" truecount="0" falsecount="2"/>
      <line num="4060" count="0" type="stmt"/>
      <line num="4062" count="0" type="cond" truecount="0" falsecount="2"/>
      <line num="4063" count="0" type="stmt"/>
      <line num="4065" count="0" type="cond" truecount="0" falsecount="4"/>
      <line num="4067" count="0" type="stmt"/>
      <line num="4068" count="0" type="stmt"/>
      <line num="4069" count="0" type="stmt"/>
      <line num="4085" count="0" type="stmt"/>
      <line num="4104" count="20" type="stmt"/>
      <line num="4105" count="20" type="stmt"/>
      <line num="4106" count="20" type="stmt"/>
      <line num="4107" count="1959869" type="stmt"/>
      <line num="4110" count="20" type="cond" truecount="1" falsecount="1"/>
      <line num="4112" count="0" type="stmt"/>
      <line num="4113" count="0" type="stmt"/>
      <line num="4114" count="0" type="stmt"/>
      <line num="4121" count="20" type="cond" truecount="1" falsecount="1"/>
      <line num="4123" count="20" type="stmt"/>
      <line num="4124" count="20" type="stmt"/>
      <line num="4126" count="20" type="stmt"/>
      <line num="4129" count="1959869" type="cond" truecount="1" falsecount="1"/>
      <line num="4130" count="1959869" type="stmt"/>
      <line num="4132" count="0" type="stmt"/>
      <line num="4135" count="1959869" type="stmt"/>
      <line num="4136" count="1959869" type="cond" truecount="3" falsecount="1"/>
      <line num="4137" count="1959869" type="stmt"/>
      <line num="4139" count="1959869" type="stmt"/>
      <line num="4140" count="1959869" type="stmt"/>
      <line num="4141" count="1959869" type="stmt"/>
      <line num="4142" count="1959869" type="stmt"/>
      <line num="4143" count="1959869" type="stmt"/>
      <line num="4145" count="1959869" type="cond" truecount="2" falsecount="0"/>
      <line num="4146" count="668351" type="stmt"/>
      <line num="4148" count="1959869" type="cond" truecount="2" falsecount="0"/>
      <line num="4149" count="671293" type="stmt"/>
      <line num="4151" count="1959869" type="cond" truecount="2" falsecount="0"/>
      <line num="4152" count="672724" type="stmt"/>
      <line num="4154" count="1959869" type="cond" truecount="2" falsecount="0"/>
      <line num="4155" count="672289" type="stmt"/>
      <line num="4160" count="20" type="stmt"/>
      <line num="4181" count="0" type="cond" truecount="0" falsecount="2"/>
      <line num="4182" count="0" type="stmt"/>
      <line num="4184" count="0" type="cond" truecount="0" falsecount="2"/>
      <line num="4185" count="0" type="stmt"/>
      <line num="4186" count="0" type="cond" truecount="0" falsecount="4"/>
      <line num="4187" count="0" type="stmt"/>
      <line num="4191" count="0" type="cond" truecount="0" falsecount="2"/>
      <line num="4192" count="0" type="stmt"/>
      <line num="4194" count="0" type="cond" truecount="0" falsecount="2"/>
      <line num="4195" count="0" type="stmt"/>
      <line num="4196" count="0" type="stmt"/>
      <line num="4197" count="0" type="cond" truecount="0" falsecount="2"/>
      <line num="4198" count="0" type="stmt"/>
      <line num="4199" count="0" type="stmt"/>
      <line num="4201" count="0" type="stmt"/>
      <line num="4202" count="0" type="stmt"/>
      <line num="4204" count="0" type="stmt"/>
      <line num="4211" count="0" type="stmt"/>
      <line num="4212" count="0" type="stmt"/>
      <line num="4213" count="0" type="stmt"/>
      <line num="4215" count="0" type="stmt"/>
      <line num="4216" count="0" type="stmt"/>
      <line num="4217" count="0" type="stmt"/>
      <line num="4218" count="0" type="stmt"/>
      <line num="4222" count="0" type="cond" truecount="0" falsecount="5"/>
      <line num="4223" count="0" type="stmt"/>
      <line num="4224" count="0" type="cond" truecount="0" falsecount="2"/>
      <line num="4225" count="0" type="cond" truecount="0" falsecount="2"/>
      <line num="4226" count="0" type="stmt"/>
      <line num="4227" count="0" type="stmt"/>
      <line num="4229" count="0" type="stmt"/>
      <line num="4230" count="0" type="stmt"/>
      <line num="4232" count="0" type="stmt"/>
      <line num="4233" count="0" type="stmt"/>
      <line num="4234" count="0" type="stmt"/>
      <line num="4235" count="0" type="stmt"/>
      <line num="4236" count="0" type="stmt"/>
      <line num="4240" count="0" type="stmt"/>
      <line num="4255" count="0" type="cond" truecount="0" falsecount="2"/>
      <line num="4257" count="0" type="stmt"/>
      <line num="4258" count="0" type="stmt"/>
      <line num="4259" count="0" type="stmt"/>
      <line num="4260" count="0" type="stmt"/>
      <line num="4263" count="0" type="cond" truecount="0" falsecount="2"/>
      <line num="4265" count="0" type="stmt"/>
      <line num="4268" count="0" type="stmt"/>
      <line num="4269" count="0" type="stmt"/>
      <line num="4270" count="0" type="stmt"/>
      <line num="4273" count="0" type="cond" truecount="0" falsecount="2"/>
      <line num="4274" count="0" type="stmt"/>
      <line num="4276" count="0" type="stmt"/>
      <line num="4279" count="0" type="cond" truecount="0" falsecount="4"/>
      <line num="4280" count="0" type="cond" truecount="0" falsecount="2"/>
      <line num="4281" count="0" type="stmt"/>
      <line num="4283" count="0" type="stmt"/>
      <line num="4286" count="0" type="stmt"/>
      <line num="4302" count="0" type="cond" truecount="0" falsecount="2"/>
      <line num="4303" count="0" type="stmt"/>
      <line num="4305" count="0" type="cond" truecount="0" falsecount="2"/>
      <line num="4306" count="0" type="stmt"/>
      <line num="4311" count="0" type="stmt"/>
      <line num="4314" count="0" type="stmt"/>
      <line num="4315" count="0" type="cond" truecount="0" falsecount="2"/>
      <line num="4317" count="0" type="stmt"/>
      <line num="4322" count="0" type="stmt"/>
      <line num="4369" count="20" type="cond" truecount="1" falsecount="1"/>
      <line num="4370" count="0" type="cond" truecount="0" falsecount="2"/>
      <line num="4371" count="0" type="stmt"/>
      <line num="4374" count="0" type="stmt"/>
      <line num="4376" count="20" type="cond" truecount="1" falsecount="1"/>
      <line num="4377" count="0" type="stmt"/>
      <line num="4379" count="20" type="cond" truecount="1" falsecount="1"/>
      <line num="4380" count="20" type="stmt"/>
      <line num="4384" count="20" type="stmt"/>
      <line num="4386" count="20" type="stmt"/>
      <line num="4387" count="20" type="stmt"/>
      <line num="4388" count="45880" type="cond" truecount="3" falsecount="1"/>
      <line num="4389" count="45880" type="cond" truecount="1" falsecount="1"/>
      <line num="4390" count="0" type="stmt"/>
      <line num="4392" count="45880" type="stmt"/>
      <line num="4393" count="2816957" type="stmt"/>
      <line num="4397" count="20" type="stmt"/>
      <line num="4410" count="0" type="cond" truecount="0" falsecount="2"/>
      <line num="4411" count="0" type="stmt"/>
      <line num="4413" count="0" type="cond" truecount="0" falsecount="2"/>
      <line num="4414" count="0" type="stmt"/>
      <line num="4416" count="0" type="stmt"/>
      <line num="4417" count="0" type="stmt"/>
      <line num="4418" count="0" type="stmt"/>
      <line num="4420" count="0" type="stmt"/>
      <line num="4429" count="0" type="stmt"/>
      <line num="4430" count="0" type="stmt"/>
      <line num="4433" count="0" type="cond" truecount="0" falsecount="2"/>
      <line num="4434" count="0" type="stmt"/>
      <line num="4436" count="0" type="stmt"/>
      <line num="4484" count="0" type="stmt"/>
      <line num="4487" count="0" type="stmt"/>
      <line num="4493" count="0" type="stmt"/>
      <line num="4498" count="0" type="stmt"/>
      <line num="4513" count="0" type="stmt"/>
      <line num="4514" count="0" type="stmt"/>
      <line num="4515" count="0" type="stmt"/>
      <line num="4516" count="0" type="stmt"/>
      <line num="4521" count="0" type="stmt"/>
      <line num="4529" count="0" type="stmt"/>
      <line num="4543" count="0" type="stmt"/>
      <line num="4561" count="0" type="stmt"/>
      <line num="4568" count="0" type="stmt"/>
      <line num="4575" count="0" type="stmt"/>
      <line num="4578" count="0" type="stmt"/>
      <line num="4584" count="0" type="stmt"/>
      <line num="4585" count="0" type="stmt"/>
      <line num="4597" count="0" type="cond" truecount="0" falsecount="4"/>
      <line num="4598" count="0" type="stmt"/>
      <line num="4599" count="0" type="stmt"/>
      <line num="4607" count="0" type="stmt"/>
      <line num="4616" count="0" type="stmt"/>
      <line num="4617" count="0" type="stmt"/>
      <line num="4618" count="0" type="stmt"/>
      <line num="4626" count="0" type="stmt"/>
      <line num="4637" count="0" type="stmt"/>
      <line num="4641" count="0" type="stmt"/>
      <line num="4645" count="0" type="stmt"/>
      <line num="4655" count="0" type="stmt"/>
      <line num="4656" count="0" type="stmt"/>
      <line num="4657" count="0" type="stmt"/>
      <line num="4658" count="0" type="cond" truecount="0" falsecount="2"/>
      <line num="4659" count="0" type="stmt"/>
      <line num="4660" count="0" type="cond" truecount="0" falsecount="2"/>
      <line num="4661" count="0" type="stmt"/>
      <line num="4664" count="0" type="stmt"/>
      <line num="4665" count="0" type="stmt"/>
      <line num="4667" count="0" type="stmt"/>
      <line num="4668" count="0" type="stmt"/>
      <line num="4669" count="0" type="stmt"/>
      <line num="4695" count="0" type="cond" truecount="0" falsecount="2"/>
      <line num="4698" count="0" type="stmt"/>
      <line num="4700" count="0" type="stmt"/>
      <line num="4712" count="0" type="stmt"/>
      <line num="4717" count="0" type="stmt"/>
      <line num="4718" count="0" type="cond" truecount="0" falsecount="2"/>
      <line num="4719" count="0" type="stmt"/>
      <line num="4721" count="0" type="stmt"/>
      <line num="4724" count="0" type="stmt"/>
      <line num="4762" count="1" type="stmt"/>
      <line num="4767" count="1" type="stmt"/>
      <line num="4768" count="1" type="stmt"/>
      <line num="4769" count="2" type="stmt"/>
      <line num="4775" count="1" type="stmt"/>
      <line num="4792" count="229400" type="stmt"/>
      <line num="4796" count="229400" type="stmt"/>
      <line num="4797" count="229400" type="stmt"/>
      <line num="4799" count="458800" type="stmt"/>
      <line num="4800" count="458800" type="stmt"/>
      <line num="4804" count="458800" type="stmt"/>
      <line num="4812" count="28794634" type="stmt"/>
      <line num="4813" count="28794634" type="cond" truecount="2" falsecount="2"/>
      <line num="4816" count="0" type="cond" truecount="0" falsecount="2"/>
      <line num="4817" count="0" type="stmt"/>
      <line num="4818" count="0" type="cond" truecount="0" falsecount="2"/>
      <line num="4819" count="0" type="stmt"/>
      <line num="4823" count="28794634" type="stmt"/>
      <line num="4828" count="458800" type="cond" truecount="1" falsecount="1"/>
      <line num="4829" count="0" type="stmt"/>
      <line num="4830" count="458800" type="cond" truecount="1" falsecount="1"/>
      <line num="4831" count="0" type="stmt"/>
      <line num="4835" count="458800" type="stmt"/>
      <line num="4837" count="229400" type="stmt"/>
      <line num="4847" count="100" type="stmt"/>
      <line num="4850" count="100" type="stmt"/>
      <line num="4851" count="100" type="stmt"/>
      <line num="4852" count="229400" type="stmt"/>
      <line num="4855" count="100" type="stmt"/>
      <line num="4890" count="0" type="stmt"/>
      <line num="4894" count="0" type="stmt"/>
      <line num="4895" count="0" type="stmt"/>
      <line num="4896" count="0" type="cond" truecount="0" falsecount="2"/>
      <line num="4897" count="0" type="stmt"/>
      <line num="4898" count="0" type="stmt"/>
      <line num="4902" count="0" type="cond" truecount="0" falsecount="2"/>
      <line num="4904" count="0" type="stmt"/>
      <line num="4911" count="0" type="stmt"/>
      <line num="4912" count="0" type="stmt"/>
      <line num="4913" count="0" type="stmt"/>
      <line num="4918" count="0" type="stmt"/>
      <line num="4931" count="0" type="stmt"/>
      <line num="4935" count="0" type="stmt"/>
      <line num="4936" count="0" type="stmt"/>
      <line num="4938" count="0" type="stmt"/>
      <line num="4941" count="0" type="stmt"/>
      <line num="4948" count="0" type="stmt"/>
      <line num="4950" count="0" type="stmt"/>
      <line num="4953" count="0" type="stmt"/>
      <line num="4955" count="0" type="stmt"/>
      <line num="4965" count="0" type="stmt"/>
      <line num="4968" count="0" type="stmt"/>
      <line num="4969" count="0" type="stmt"/>
      <line num="4970" count="0" type="stmt"/>
      <line num="4972" count="0" type="stmt"/>
      <line num="5008" count="0" type="cond" truecount="0" falsecount="2"/>
      <line num="5011" count="0" type="stmt"/>
      <line num="5013" count="0" type="stmt"/>
      <line num="5028" count="0" type="stmt"/>
      <line num="5029" count="0" type="stmt"/>
      <line num="5032" count="0" type="stmt"/>
      <line num="5035" count="0" type="stmt"/>
      <line num="5040" count="0" type="stmt"/>
      <line num="5042" count="0" type="stmt"/>
      <line num="5044" count="0" type="cond" truecount="0" falsecount="2"/>
      <line num="5045" count="0" type="cond" truecount="0" falsecount="2"/>
      <line num="5049" count="0" type="stmt"/>
      <line num="5062" count="0" type="stmt"/>
      <line num="5063" count="0" type="stmt"/>
      <line num="5066" count="0" type="stmt"/>
      <line num="5067" count="0" type="stmt"/>
      <line num="5070" count="0" type="stmt"/>
      <line num="5105" count="0" type="stmt"/>
      <line num="5106" count="0" type="stmt"/>
      <line num="5107" count="0" type="stmt"/>
      <line num="5110" count="0" type="stmt"/>
      <line num="5111" count="0" type="stmt"/>
      <line num="5112" count="0" type="stmt"/>
      <line num="5113" count="0" type="stmt"/>
      <line num="5114" count="0" type="stmt"/>
      <line num="5115" count="0" type="stmt"/>
      <line num="5116" count="0" type="stmt"/>
      <line num="5117" count="0" type="stmt"/>
      <line num="5118" count="0" type="stmt"/>
      <line num="5119" count="0" type="stmt"/>
      <line num="5120" count="0" type="cond" truecount="0" falsecount="4"/>
      <line num="5122" count="0" type="stmt"/>
      <line num="5123" count="0" type="stmt"/>
      <line num="5128" count="0" type="stmt"/>
      <line num="5129" count="0" type="stmt"/>
      <line num="5130" count="0" type="cond" truecount="0" falsecount="2"/>
      <line num="5131" count="0" type="stmt"/>
      <line num="5132" count="0" type="stmt"/>
      <line num="5135" count="0" type="stmt"/>
      <line num="5146" count="0" type="stmt"/>
      <line num="5150" count="0" type="stmt"/>
      <line num="5151" count="0" type="stmt"/>
      <line num="5153" count="0" type="stmt"/>
      <line num="5183" count="0" type="stmt"/>
      <line num="5184" count="0" type="stmt"/>
      <line num="5187" count="0" type="stmt"/>
      <line num="5189" count="0" type="stmt"/>
      <line num="5190" count="0" type="stmt"/>
      <line num="5191" count="0" type="stmt"/>
      <line num="5193" count="0" type="stmt"/>
      <line num="5194" count="0" type="stmt"/>
      <line num="5195" count="0" type="stmt"/>
      <line num="5198" count="0" type="stmt"/>
      <line num="5209" count="0" type="stmt"/>
      <line num="5213" count="0" type="stmt"/>
      <line num="5214" count="0" type="stmt"/>
      <line num="5216" count="0" type="stmt"/>
      <line num="5247" count="0" type="stmt"/>
      <line num="5254" count="0" type="stmt"/>
      <line num="5255" count="0" type="cond" truecount="0" falsecount="2"/>
      <line num="5256" count="0" type="stmt"/>
      <line num="5261" count="0" type="cond" truecount="0" falsecount="2"/>
      <line num="5262" count="0" type="stmt"/>
      <line num="5299" count="0" type="stmt"/>
      <line num="5300" count="0" type="cond" truecount="0" falsecount="2"/>
      <line num="5301" count="0" type="stmt"/>
      <line num="5302" count="0" type="stmt"/>
      <line num="5305" count="0" type="cond" truecount="0" falsecount="2"/>
      <line num="5306" count="0" type="stmt"/>
      <line num="5308" count="0" type="stmt"/>
      <line num="5309" count="0" type="stmt"/>
      <line num="5310" count="0" type="stmt"/>
      <line num="5338" count="0" type="stmt"/>
      <line num="5339" count="0" type="stmt"/>
      <line num="5340" count="0" type="stmt"/>
      <line num="5341" count="0" type="stmt"/>
      <line num="5376" count="0" type="cond" truecount="0" falsecount="2"/>
      <line num="5377" count="0" type="stmt"/>
      <line num="5379" count="0" type="stmt"/>
      <line num="5380" count="0" type="stmt"/>
      <line num="5381" count="0" type="cond" truecount="0" falsecount="2"/>
      <line num="5382" count="0" type="stmt"/>
      <line num="5384" count="0" type="stmt"/>
      <line num="5385" count="0" type="stmt"/>
      <line num="5386" count="0" type="stmt"/>
      <line num="5387" count="0" type="stmt"/>
      <line num="5389" count="0" type="cond" truecount="0" falsecount="4"/>
      <line num="5390" count="0" type="stmt"/>
      <line num="5391" count="0" type="stmt"/>
      <line num="5427" count="0" type="cond" truecount="0" falsecount="2"/>
      <line num="5430" count="0" type="stmt"/>
      <line num="5431" count="0" type="stmt"/>
      <line num="5432" count="0" type="stmt"/>
      <line num="5433" count="0" type="stmt"/>
      <line num="5435" count="0" type="stmt"/>
      <line num="5436" count="0" type="stmt"/>
      <line num="5440" count="0" type="stmt"/>
      <line num="5441" count="0" type="stmt"/>
      <line num="5442" count="0" type="stmt"/>
      <line num="5443" count="0" type="cond" truecount="0" falsecount="2"/>
      <line num="5444" count="0" type="stmt"/>
      <line num="5447" count="0" type="stmt"/>
      <line num="5453" count="0" type="stmt"/>
      <line num="5470" count="0" type="stmt"/>
      <line num="5504" count="0" type="cond" truecount="0" falsecount="2"/>
      <line num="5507" count="0" type="stmt"/>
      <line num="5508" count="0" type="cond" truecount="0" falsecount="2"/>
      <line num="5509" count="0" type="stmt"/>
      <line num="5515" count="0" type="stmt"/>
      <line num="5516" count="0" type="stmt"/>
      <line num="5517" count="0" type="stmt"/>
      <line num="5519" count="0" type="stmt"/>
      <line num="5520" count="0" type="cond" truecount="0" falsecount="2"/>
      <line num="5522" count="0" type="stmt"/>
      <line num="5523" count="0" type="stmt"/>
      <line num="5525" count="0" type="stmt"/>
      <line num="5526" count="0" type="cond" truecount="0" falsecount="2"/>
      <line num="5530" count="0" type="stmt"/>
      <line num="5531" count="0" type="cond" truecount="0" falsecount="2"/>
      <line num="5536" count="0" type="stmt"/>
      <line num="5570" count="0" type="cond" truecount="0" falsecount="4"/>
      <line num="5571" count="0" type="stmt"/>
      <line num="5576" count="0" type="stmt"/>
      <line num="5577" count="0" type="stmt"/>
      <line num="5578" count="0" type="stmt"/>
      <line num="5580" count="0" type="stmt"/>
      <line num="5581" count="0" type="cond" truecount="0" falsecount="2"/>
      <line num="5583" count="0" type="stmt"/>
      <line num="5584" count="0" type="stmt"/>
      <line num="5585" count="0" type="cond" truecount="0" falsecount="2"/>
      <line num="5586" count="0" type="stmt"/>
      <line num="5587" count="0" type="cond" truecount="0" falsecount="2"/>
      <line num="5592" count="0" type="cond" truecount="0" falsecount="2"/>
      <line num="5593" count="0" type="stmt"/>
      <line num="5594" count="0" type="cond" truecount="0" falsecount="2"/>
      <line num="5602" count="0" type="stmt"/>
      <line num="5625" count="0" type="cond" truecount="0" falsecount="2"/>
      <line num="5626" count="0" type="stmt"/>
      <line num="5627" count="0" type="stmt"/>
      <line num="5634" count="0" type="stmt"/>
      <line num="5665" count="0" type="stmt"/>
      <line num="5666" count="0" type="stmt"/>
      <line num="5667" count="0" type="cond" truecount="0" falsecount="4"/>
      <line num="5668" count="0" type="stmt"/>
      <line num="5670" count="0" type="stmt"/>
      <line num="5671" count="0" type="stmt"/>
      <line num="5674" count="0" type="stmt"/>
      <line num="5675" count="0" type="stmt"/>
      <line num="5676" count="0" type="stmt"/>
      <line num="5679" count="0" type="stmt"/>
      <line num="5680" count="0" type="stmt"/>
      <line num="5681" count="0" type="stmt"/>
      <line num="5686" count="0" type="cond" truecount="0" falsecount="2"/>
      <line num="5687" count="0" type="stmt"/>
      <line num="5688" count="0" type="stmt"/>
      <line num="5689" count="0" type="stmt"/>
      <line num="5690" count="0" type="stmt"/>
      <line num="5692" count="0" type="stmt"/>
      <line num="5693" count="0" type="stmt"/>
      <line num="5695" count="0" type="stmt"/>
      <line num="5696" count="0" type="stmt"/>
      <line num="5697" count="0" type="stmt"/>
      <line num="5698" count="0" type="stmt"/>
      <line num="5699" count="0" type="stmt"/>
      <line num="5704" count="0" type="stmt"/>
      <line num="5705" count="0" type="cond" truecount="0" falsecount="2"/>
      <line num="5706" count="0" type="stmt"/>
      <line num="5715" count="0" type="stmt"/>
      <line num="5717" count="0" type="stmt"/>
      <line num="5718" count="0" type="stmt"/>
      <line num="5722" count="0" type="stmt"/>
      <line num="5723" count="0" type="cond" truecount="0" falsecount="2"/>
      <line num="5725" count="0" type="stmt"/>
      <line num="5733" count="0" type="stmt"/>
      <line num="5734" count="0" type="stmt"/>
      <line num="5768" count="0" type="stmt"/>
      <line num="5769" count="0" type="cond" truecount="0" falsecount="2"/>
      <line num="5770" count="0" type="stmt"/>
      <line num="5772" count="0" type="stmt"/>
      <line num="5773" count="0" type="stmt"/>
      <line num="5776" count="0" type="stmt"/>
      <line num="5777" count="0" type="stmt"/>
      <line num="5778" count="0" type="stmt"/>
      <line num="5779" count="0" type="stmt"/>
      <line num="5780" count="0" type="cond" truecount="0" falsecount="4"/>
      <line num="5783" count="0" type="cond" truecount="0" falsecount="2"/>
      <line num="5784" count="0" type="stmt"/>
      <line num="5785" count="0" type="cond" truecount="0" falsecount="2"/>
      <line num="5786" count="0" type="stmt"/>
      <line num="5790" count="0" type="stmt"/>
      <line num="5791" count="0" type="stmt"/>
      <line num="5792" count="0" type="stmt"/>
      <line num="5793" count="0" type="stmt"/>
      <line num="5798" count="0" type="cond" truecount="0" falsecount="2"/>
      <line num="5799" count="0" type="stmt"/>
      <line num="5800" count="0" type="stmt"/>
      <line num="5802" count="0" type="stmt"/>
      <line num="5803" count="0" type="stmt"/>
      <line num="5805" count="0" type="stmt"/>
      <line num="5806" count="0" type="stmt"/>
      <line num="5807" count="0" type="stmt"/>
      <line num="5811" count="0" type="stmt"/>
      <line num="5813" count="0" type="stmt"/>
      <line num="5815" count="0" type="cond" truecount="0" falsecount="2"/>
      <line num="5816" count="0" type="stmt"/>
      <line num="5820" count="0" type="cond" truecount="0" falsecount="2"/>
      <line num="5821" count="0" type="stmt"/>
      <line num="5826" count="0" type="stmt"/>
      <line num="5827" count="0" type="stmt"/>
      <line num="5850" count="1" type="stmt"/>
      <line num="5855" count="1" type="stmt"/>
      <line num="5859" count="1" type="stmt"/>
      <line num="5867" count="1" type="stmt"/>
      <line num="5869" count="1" type="stmt"/>
      <line num="5871" count="1" type="stmt"/>
      <line num="5872" count="2" type="stmt"/>
      <line num="5874" count="1" type="stmt"/>
      <line num="5881" count="2" type="stmt"/>
      <line num="5882" count="2" type="stmt"/>
      <line num="5883" count="2" type="stmt"/>
      <line num="5897" count="3901373" type="cond" truecount="4" falsecount="0"/>
      <line num="5898" count="3716714" type="stmt"/>
      <line num="5899" count="3716714" type="stmt"/>
      <line num="5900" count="3716714" type="stmt"/>
      <line num="5901" count="3716714" type="stmt"/>
      <line num="5902" count="7433428" type="stmt"/>
      <line num="5904" count="7433428" type="cond" truecount="1" falsecount="1"/>
      <line num="5905" count="0" type="cond" truecount="0" falsecount="2"/>
      <line num="5906" count="0" type="stmt"/>
      <line num="5907" count="0" type="cond" truecount="0" falsecount="2"/>
      <line num="5908" count="0" type="stmt"/>
      <line num="5912" count="3716714" type="stmt"/>
      <line num="5913" count="3716714" type="stmt"/>
      <line num="5914" count="7433428" type="stmt"/>
      <line num="5916" count="3716714" type="stmt"/>
      <line num="5924" count="628556" type="stmt"/>
      <line num="5925" count="628556" type="stmt"/>
      <line num="5926" count="1257112" type="stmt"/>
      <line num="5928" count="628556" type="stmt"/>
      <line num="5929" count="628556" type="stmt"/>
      <line num="5930" count="1257112" type="stmt"/>
      <line num="5940" count="4588" type="stmt"/>
      <line num="5941" count="4588" type="stmt"/>
      <line num="5942" count="4588" type="stmt"/>
      <line num="5943" count="4588" type="stmt"/>
      <line num="5950" count="2294" type="stmt"/>
      <line num="5951" count="2294" type="stmt"/>
      <line num="5952" count="4588" type="stmt"/>
      <line num="5954" count="2294" type="stmt"/>
      <line num="5955" count="2294" type="stmt"/>
      <line num="5962" count="0" type="stmt"/>
      <line num="5973" count="100" type="cond" truecount="1" falsecount="1"/>
      <line num="5974" count="100" type="stmt"/>
      <line num="5976" count="0" type="stmt"/>
      <line num="5978" count="100" type="stmt"/>
      <line num="5979" count="229400" type="stmt"/>
      <line num="5980" count="229400" type="cond" truecount="2" falsecount="2"/>
      <line num="5982" count="229400" type="cond" truecount="1" falsecount="1"/>
      <line num="5983" count="0" type="stmt"/>
      <line num="5984" count="0" type="stmt"/>
      <line num="5985" count="0" type="stmt"/>
      <line num="5987" count="229400" type="cond" truecount="2" falsecount="0"/>
      <line num="5988" count="2294" type="stmt"/>
      <line num="5989" count="2294" type="stmt"/>
      <line num="5992" count="229400" type="stmt"/>
      <line num="5993" count="229400" type="stmt"/>
      <line num="5994" count="229400" type="cond" truecount="2" falsecount="0"/>
      <line num="5997" count="208754" type="stmt"/>
      <line num="5998" count="208754" type="stmt"/>
      <line num="6000" count="208754" type="stmt"/>
      <line num="6001" count="208754" type="stmt"/>
      <line num="6002" count="417508" type="stmt"/>
      <line num="6005" count="417508" type="cond" truecount="1" falsecount="1"/>
      <line num="6006" count="0" type="cond" truecount="0" falsecount="2"/>
      <line num="6007" count="0" type="stmt"/>
      <line num="6008" count="0" type="cond" truecount="0" falsecount="2"/>
      <line num="6009" count="0" type="stmt"/>
      <line num="6014" count="208754" type="stmt"/>
      <line num="6015" count="208754" type="cond" truecount="1" falsecount="1"/>
      <line num="6016" count="208754" type="stmt"/>
[...]
      <line num="9924" count="0" type="stmt"/>
      <line num="9928" count="0" type="stmt"/>
      <line num="9934" count="0" type="stmt"/>
      <line num="9935" count="0" type="stmt"/>
      <line num="9937" count="0" type="stmt"/>
      <line num="9939" count="0" type="cond" truecount="0" falsecount="2"/>
      <line num="9940" count="0" type="stmt"/>
      <line num="9943" count="0" type="stmt"/>
      <line num="9946" count="0" type="stmt"/>
      <line num="9952" count="0" type="stmt"/>
      <line num="9954" count="0" type="stmt"/>
      <line num="9955" count="0" type="stmt"/>
      <line num="9957" count="0" type="stmt"/>
      <line num="9959" count="0" type="stmt"/>
      <line num="9961" count="0" type="stmt"/>
      <line num="9962" count="0" type="stmt"/>
      <line num="9963" count="0" type="stmt"/>
      <line num="9964" count="0" type="stmt"/>
      <line num="9966" count="0" type="stmt"/>
      <line num="9968" count="0" type="stmt"/>
      <line num="9969" count="0" type="stmt"/>
      <line num="9970" count="0" type="stmt"/>
      <line num="9975" count="0" type="stmt"/>
      <line num="9976" count="0" type="stmt"/>
      <line num="9978" count="0" type="cond" truecount="0" falsecount="13"/>
      <line num="9982" count="0" type="stmt"/>
      <line num="9985" count="0" type="stmt"/>
      <line num="9986" count="0" type="stmt"/>
      <line num="9989" count="0" type="stmt"/>
      <line num="9990" count="0" type="stmt"/>
      <line num="9993" count="0" type="stmt"/>
      <line num="9994" count="0" type="stmt"/>
      <line num="9997" count="0" type="stmt"/>
      <line num="9998" count="0" type="stmt"/>
      <line num="10001" count="0" type="stmt"/>
      <line num="10002" count="0" type="stmt"/>
      <line num="10005" count="0" type="stmt"/>
      <line num="10006" count="0" type="stmt"/>
      <line num="10009" count="0" type="stmt"/>
      <line num="10010" count="0" type="stmt"/>
      <line num="10013" count="0" type="stmt"/>
      <line num="10014" count="0" type="stmt"/>
      <line num="10017" count="0" type="stmt"/>
      <line num="10018" count="0" type="stmt"/>
      <line num="10021" count="0" type="stmt"/>
      <line num="10022" count="0" type="stmt"/>
      <line num="10025" count="0" type="stmt"/>
      <line num="10026" count="0" type="stmt"/>
      <line num="10029" count="0" type="stmt"/>
      <line num="10042" count="0" type="stmt"/>
      <line num="10049" count="0" type="cond" truecount="0" falsecount="2"/>
      <line num="10050" count="0" type="stmt"/>
      <line num="10051" count="0" type="stmt"/>
      <line num="10052" count="0" type="stmt"/>
      <line num="10053" count="0" type="stmt"/>
      <line num="10054" count="0" type="cond" truecount="0" falsecount="4"/>
      <line num="10055" count="0" type="stmt"/>
      <line num="10061" count="0" type="stmt"/>
      <line num="10062" count="0" type="cond" truecount="0" falsecount="2"/>
      <line num="10063" count="0" type="stmt"/>
      <line num="10065" count="0" type="stmt"/>
      <line num="10066" count="0" type="stmt"/>
      <line num="10067" count="0" type="stmt"/>
      <line num="10075" count="0" type="cond" truecount="0" falsecount="2"/>
      <line num="10076" count="0" type="stmt"/>
      <line num="10078" count="0" type="stmt"/>
      <line num="10079" count="0" type="stmt"/>
      <line num="10080" count="0" type="stmt"/>
      <line num="10082" count="0" type="stmt"/>
      <line num="10084" count="0" type="cond" truecount="0" falsecount="2"/>
      <line num="10085" count="0" type="stmt"/>
      <line num="10086" count="0" type="stmt"/>
      <line num="10088" count="0" type="stmt"/>
      <line num="10094" count="0" type="cond" truecount="0" falsecount="2"/>
      <line num="10095" count="0" type="stmt"/>
      <line num="10097" count="0" type="stmt"/>
      <line num="10098" count="0" type="stmt"/>
      <line num="10099" count="0" type="stmt"/>
      <line num="10101" count="0" type="stmt"/>
      <line num="10103" count="0" type="cond" truecount="0" falsecount="2"/>
      <line num="10104" count="0" type="stmt"/>
      <line num="10105" count="0" type="stmt"/>
      <line num="10107" count="0" type="stmt"/>
      <line num="10113" count="0" type="cond" truecount="0" falsecount="2"/>
      <line num="10114" count="0" type="stmt"/>
      <line num="10116" count="0" type="stmt"/>
      <line num="10117" count="0" type="stmt"/>
      <line num="10118" count="0" type="stmt"/>
      <line num="10119" count="0" type="stmt"/>
      <line num="10120" count="0" type="cond" truecount="0" falsecount="2"/>
      <line num="10121" count="0" type="stmt"/>
      <line num="10127" count="0" type="stmt"/>
      <line num="10129" count="0" type="cond" truecount="0" falsecount="2"/>
      <line num="10130" count="0" type="stmt"/>
      <line num="10132" count="0" type="stmt"/>
      <line num="10134" count="0" type="stmt"/>
      <line num="10137" count="0" type="stmt"/>
      <line num="10139" count="0" type="stmt"/>
      <line num="10140" count="0" type="stmt"/>
      <line num="10141" count="0" type="stmt"/>
      <line num="10145" count="0" type="stmt"/>
      <line num="10149" count="0" type="cond" truecount="0" falsecount="2"/>
      <line num="10150" count="0" type="stmt"/>
      <line num="10152" count="0" type="stmt"/>
      <line num="10155" count="0" type="cond" truecount="0" falsecount="2"/>
      <line num="10156" count="0" type="stmt"/>
      <line num="10158" count="0" type="stmt"/>
      <line num="10159" count="0" type="cond" truecount="0" falsecount="2"/>
      <line num="10160" count="0" type="stmt"/>
      <line num="10161" count="0" type="stmt"/>
      <line num="10165" count="0" type="cond" truecount="0" falsecount="2"/>
      <line num="10166" count="0" type="stmt"/>
      <line num="10175" count="0" type="cond" truecount="0" falsecount="2"/>
      <line num="10178" count="0" type="stmt"/>
      <line num="10179" count="0" type="stmt"/>
      <line num="10180" count="0" type="cond" truecount="0" falsecount="2"/>
      <line num="10181" count="0" type="stmt"/>
      <line num="10182" count="0" type="stmt"/>
      <line num="10187" count="0" type="stmt"/>
      <line num="10197" count="0" type="cond" truecount="0" falsecount="2"/>
      <line num="10198" count="0" type="stmt"/>
      <line num="10200" count="0" type="stmt"/>
      <line num="10201" count="0" type="stmt"/>
      <line num="10204" count="0" type="stmt"/>
      <line num="10205" count="0" type="cond" truecount="0" falsecount="2"/>
      <line num="10206" count="0" type="stmt"/>
      <line num="10208" count="0" type="stmt"/>
      <line num="10215" count="0" type="cond" truecount="0" falsecount="2"/>
      <line num="10216" count="0" type="stmt"/>
      <line num="10218" count="0" type="stmt"/>
      <line num="10219" count="0" type="stmt"/>
      <line num="10220" count="0" type="cond" truecount="0" falsecount="2"/>
      <line num="10221" count="0" type="stmt"/>
      <line num="10223" count="0" type="stmt"/>
      <line num="10225" count="0" type="cond" truecount="0" falsecount="2"/>
      <line num="10226" count="0" type="stmt"/>
      <line num="10227" count="0" type="stmt"/>
      <line num="10229" count="0" type="stmt"/>
      <line num="10230" count="0" type="cond" truecount="0" falsecount="2"/>
      <line num="10231" count="0" type="stmt"/>
      <line num="10241" count="0" type="cond" truecount="0" falsecount="2"/>
      <line num="10242" count="0" type="stmt"/>
      <line num="10244" count="0" type="stmt"/>
      <line num="10245" count="0" type="stmt"/>
      <line num="10246" count="0" type="stmt"/>
      <line num="10248" count="0" type="stmt"/>
      <line num="10250" count="0" type="cond" truecount="0" falsecount="2"/>
      <line num="10251" count="0" type="stmt"/>
      <line num="10252" count="0" type="stmt"/>
      <line num="10253" count="0" type="stmt"/>
      <line num="10255" count="0" type="stmt"/>
      <line num="10263" count="0" type="stmt"/>
      <line num="10265" count="0" type="stmt"/>
      <line num="10266" count="0" type="stmt"/>
      <line num="10267" count="0" type="stmt"/>
      <line num="10269" count="0" type="stmt"/>
      <line num="10270" count="0" type="stmt"/>
      <line num="10273" count="0" type="cond" truecount="0" falsecount="4"/>
      <line num="10274" count="0" type="stmt"/>
      <line num="10283" count="0" type="stmt"/>
      <line num="10284" count="0" type="cond" truecount="0" falsecount="2"/>
      <line num="10285" count="0" type="stmt"/>
      <line num="10286" count="0" type="stmt"/>
      <line num="10288" count="0" type="stmt"/>
      <line num="10293" count="0" type="stmt"/>
      <line num="10295" count="0" type="stmt"/>
      <line num="10297" count="0" type="stmt"/>
      <line num="10303" count="0" type="stmt"/>
      <line num="10304" count="0" type="stmt"/>
      <line num="10307" count="0" type="stmt"/>
      <line num="10309" count="0" type="stmt"/>
      <line num="10311" count="0" type="stmt"/>
      <line num="10312" count="0" type="stmt"/>
      <line num="10313" count="0" type="stmt"/>
      <line num="10314" count="0" type="stmt"/>
      <line num="10317" count="0" type="stmt"/>
      <line num="10319" count="0" type="stmt"/>
      <line num="10322" count="0" type="stmt"/>
      <line num="10324" count="0" type="stmt"/>
      <line num="10326" count="0" type="stmt"/>
      <line num="10327" count="0" type="stmt"/>
      <line num="10328" count="0" type="stmt"/>
      <line num="10330" count="0" type="stmt"/>
      <line num="10331" count="0" type="stmt"/>
      <line num="10332" count="0" type="stmt"/>
      <line num="10333" count="0" type="stmt"/>
      <line num="10335" count="0" type="stmt"/>
      <line num="10344" count="0" type="stmt"/>
      <line num="10346" count="0" type="stmt"/>
      <line num="10347" count="0" type="stmt"/>
      <line num="10349" count="0" type="stmt"/>
      <line num="10350" count="0" type="stmt"/>
      <line num="10351" count="0" type="cond" truecount="0" falsecount="2"/>
      <line num="10353" count="0" type="cond" truecount="0" falsecount="5"/>
      <line num="10356" count="0" type="stmt"/>
      <line num="10359" count="0" type="stmt"/>
      <line num="10363" count="0" type="stmt"/>
      <line num="10366" count="0" type="stmt"/>
      <line num="10369" count="0" type="stmt"/>
      <line num="10370" count="0" type="stmt"/>
      <line num="10372" count="0" type="stmt"/>
      <line num="10375" count="0" type="stmt"/>
      <line num="10376" count="0" type="stmt"/>
      <line num="10377" count="0" type="stmt"/>
      <line num="10378" count="0" type="stmt"/>
      <line num="10382" count="0" type="stmt"/>
      <line num="10383" count="0" type="stmt"/>
      <line num="10385" count="0" type="stmt"/>
      <line num="10386" count="0" type="stmt"/>
      <line num="10387" count="0" type="stmt"/>
      <line num="10389" count="0" type="stmt"/>
      <line num="10391" count="0" type="stmt"/>
      <line num="10393" count="0" type="stmt"/>
      <line num="10394" count="0" type="stmt"/>
      <line num="10395" count="0" type="stmt"/>
      <line num="10396" count="0" type="stmt"/>
      <line num="10400" count="0" type="stmt"/>
      <line num="10407" count="0" type="stmt"/>
      <line num="10409" count="0" type="cond" truecount="0" falsecount="2"/>
      <line num="10411" count="0" type="stmt"/>
      <line num="10412" count="0" type="stmt"/>
      <line num="10416" count="0" type="stmt"/>
      <line num="10417" count="0" type="stmt"/>
      <line num="10418" count="0" type="stmt"/>
      <line num="10420" count="0" type="stmt"/>
      <line num="10421" count="0" type="stmt"/>
      <line num="10423" count="0" type="stmt"/>
      <line num="10424" count="0" type="stmt"/>
      <line num="10432" count="0" type="stmt"/>
      <line num="10437" count="0" type="stmt"/>
      <line num="10439" count="0" type="stmt"/>
      <line num="10440" count="0" type="stmt"/>
      <line num="10443" count="0" type="stmt"/>
      <line num="10444" count="0" type="stmt"/>
      <line num="10450" count="0" type="stmt"/>
      <line num="10451" count="0" type="stmt"/>
      <line num="10455" count="0" type="stmt"/>
      <line num="10456" count="0" type="stmt"/>
      <line num="10466" count="0" type="stmt"/>
      <line num="10468" count="0" type="cond" truecount="0" falsecount="2"/>
      <line num="10469" count="0" type="stmt"/>
      <line num="10470" count="0" type="stmt"/>
      <line num="10471" count="0" type="stmt"/>
      <line num="10472" count="0" type="cond" truecount="0" falsecount="2"/>
      <line num="10473" count="0" type="stmt"/>
      <line num="10474" count="0" type="stmt"/>
      <line num="10475" count="0" type="stmt"/>
      <line num="10476" count="0" type="stmt"/>
      <line num="10478" count="0" type="stmt"/>
      <line num="10481" count="0" type="stmt"/>
      <line num="10482" count="0" type="stmt"/>
      <line num="10494" count="0" type="stmt"/>
      <line num="10499" count="0" type="stmt"/>
      <line num="10500" count="0" type="stmt"/>
      <line num="10501" count="0" type="stmt"/>
      <line num="10510" count="0" type="stmt"/>
      <line num="10511" count="0" type="cond" truecount="0" falsecount="2"/>
      <line num="10512" count="0" type="stmt"/>
      <line num="10515" count="0" type="cond" truecount="0" falsecount="2"/>
      <line num="10516" count="0" type="stmt"/>
      <line num="10517" count="0" type="cond" truecount="0" falsecount="2"/>
      <line num="10518" count="0" type="stmt"/>
      <line num="10520" count="0" type="stmt"/>
      <line num="10521" count="0" type="stmt"/>
      <line num="10527" count="0" type="stmt"/>
      <line num="10528" count="0" type="cond" truecount="0" falsecount="2"/>
      <line num="10529" count="0" type="stmt"/>
      <line num="10534" count="0" type="stmt"/>
      <line num="10535" count="0" type="stmt"/>
      <line num="10536" count="0" type="stmt"/>
      <line num="10537" count="0" type="cond" truecount="0" falsecount="2"/>
      <line num="10538" count="0" type="stmt"/>
      <line num="10540" count="0" type="stmt"/>
      <line num="10541" count="0" type="stmt"/>
      <line num="10542" count="0" type="stmt"/>
      <line num="10543" count="0" type="stmt"/>
      <line num="10544" count="0" type="cond" truecount="0" falsecount="2"/>
      <line num="10545" count="0" type="stmt"/>
      <line num="10547" count="0" type="stmt"/>
      <line num="10550" count="0" type="stmt"/>
      <line num="10555" count="0" type="stmt"/>
      <line num="10563" count="0" type="stmt"/>
      <line num="10564" count="0" type="stmt"/>
      <line num="10567" count="0" type="cond" truecount="0" falsecount="2"/>
      <line num="10568" count="0" type="stmt"/>
      <line num="10569" count="0" type="stmt"/>
      <line num="10574" count="0" type="stmt"/>
      <line num="10575" count="0" type="stmt"/>
      <line num="10578" count="0" type="stmt"/>
      <line num="10580" count="0" type="stmt"/>
      <line num="10582" count="0" type="cond" truecount="0" falsecount="2"/>
      <line num="10584" count="0" type="stmt"/>
      <line num="10585" count="0" type="stmt"/>
      <line num="10586" count="0" type="stmt"/>
      <line num="10588" count="0" type="cond" truecount="0" falsecount="2"/>
      <line num="10590" count="0" type="stmt"/>
      <line num="10596" count="0" type="stmt"/>
      <line num="10597" count="0" type="stmt"/>
      <line num="10598" count="0" type="cond" truecount="0" falsecount="2"/>
      <line num="10599" count="0" type="stmt"/>
      <line num="10602" count="0" type="stmt"/>
      <line num="10603" count="0" type="stmt"/>
      <line num="10618" count="0" type="cond" truecount="0" falsecount="2"/>
      <line num="10619" count="0" type="stmt"/>
      <line num="10620" count="0" type="stmt"/>
      <line num="10629" count="0" type="stmt"/>
      <line num="10630" count="0" type="stmt"/>
      <line num="10631" count="0" type="stmt"/>
      <line num="10632" count="0" type="cond" truecount="0" falsecount="2"/>
      <line num="10633" count="0" type="stmt"/>
      <line num="10634" count="0" type="stmt"/>
      <line num="10636" count="0" type="stmt"/>
      <line num="10637" count="0" type="stmt"/>
      <line num="10642" count="0" type="stmt"/>
      <line num="10643" count="0" type="stmt"/>
      <line num="10644" count="0" type="stmt"/>
      <line num="10653" count="0" type="stmt"/>
      <line num="10656" count="0" type="stmt"/>
      <line num="10662" count="0" type="stmt"/>
      <line num="10663" count="0" type="stmt"/>
      <line num="10664" count="0" type="stmt"/>
      <line num="10665" count="0" type="stmt"/>
      <line num="10666" count="0" type="stmt"/>
      <line num="10667" count="0" type="stmt"/>
      <line num="10668" count="0" type="stmt"/>
      <line num="10669" count="0" type="stmt"/>
      <line num="10679" count="0" type="cond" truecount="0" falsecount="2"/>
      <line num="10681" count="0" type="stmt"/>
      <line num="10683" count="0" type="stmt"/>
      <line num="10684" count="0" type="stmt"/>
      <line num="10685" count="0" type="stmt"/>
      <line num="10687" count="0" type="stmt"/>
      <line num="10688" count="0" type="stmt"/>
      <line num="10689" count="0" type="stmt"/>
      <line num="10690" count="0" type="stmt"/>
      <line num="10692" count="0" type="stmt"/>
      <line num="10698" count="0" type="stmt"/>
      <line num="10705" count="0" type="stmt"/>
      <line num="10706" count="0" type="stmt"/>
      <line num="10707" count="0" type="cond" truecount="0" falsecount="2"/>
      <line num="10708" count="0" type="stmt"/>
      <line num="10709" count="0" type="stmt"/>
      <line num="10722" count="1" type="stmt"/>
      <line num="10723" count="1" type="stmt"/>
      <line num="10724" count="1" type="stmt"/>
      <line num="10725" count="1" type="stmt"/>
      <line num="10726" count="1" type="stmt"/>
      <line num="10727" count="1" type="stmt"/>
      <line num="10728" count="1" type="stmt"/>
      <line num="10729" count="1" type="stmt"/>
      <line num="10730" count="1" type="stmt"/>
      <line num="10731" count="1" type="stmt"/>
      <line num="10732" count="1" type="stmt"/>
      <line num="10733" count="1" type="stmt"/>
      <line num="10734" count="1" type="stmt"/>
      <line num="10735" count="1" type="stmt"/>
      <line num="10736" count="1" type="stmt"/>
      <line num="10737" count="1" type="stmt"/>
      <line num="10738" count="1" type="stmt"/>
      <line num="10739" count="1" type="stmt"/>
      <line num="10740" count="1" type="stmt"/>
      <line num="10741" count="1" type="stmt"/>
      <line num="10742" count="1" type="stmt"/>
      <line num="10743" count="1" type="stmt"/>
      <line num="10744" count="1" type="stmt"/>
      <line num="10745" count="1" type="stmt"/>
      <line num="10746" count="1" type="stmt"/>
      <line num="10747" count="1" type="stmt"/>
      <line num="10748" count="1" type="stmt"/>
      <line num="10749" count="1" type="stmt"/>
      <line num="10750" count="1" type="stmt"/>
      <line num="10751" count="1" type="stmt"/>
      <line num="10752" count="1" type="stmt"/>
      <line num="10753" count="1" type="stmt"/>
      <line num="10754" count="1" type="stmt"/>
      <line num="10755" count="1" type="stmt"/>
      <line num="10756" count="1" type="stmt"/>
      <line num="10757" count="1" type="stmt"/>
      <line num="10758" count="1" type="stmt"/>
      <line num="10759" count="1" type="stmt"/>
      <line num="10760" count="1" type="stmt"/>
      <line num="10761" count="1" type="stmt"/>
      <line num="10762" count="1" type="stmt"/>
      <line num="10763" count="1" type="stmt"/>
      <line num="10764" count="1" type="stmt"/>
      <line num="10765" count="1" type="stmt"/>
      <line num="10766" count="1" type="stmt"/>
    </file>
  </project>
</coverage>
