{"/Users/thijsvandegriendt/Documents/Master/GS/Project/artistoo/build/artistoo-cjs.js": {"path":"/Users/thijsvandegriendt/Documents/Master/GS/Project/artistoo/build/artistoo-cjs.js","statementMap":{"0":{"start":{"line":3,"column":0},"end":{"line":3,"column":62}},"1":{"start":{"line":5,"column":32},"end":{"line":5,"column":112}},"2":{"start":{"line":7,"column":22},"end":{"line":7,"column":66}},"3":{"start":{"line":29,"column":2},"end":{"line":29,"column":22}},"4":{"start":{"line":35,"column":2},"end":{"line":35,"column":28}},"5":{"start":{"line":39,"column":2},"end":{"line":39,"column":34}},"6":{"start":{"line":42,"column":2},"end":{"line":49,"column":3}},"7":{"start":{"line":43,"column":3},"end":{"line":45,"column":4}},"8":{"start":{"line":43,"column":16},"end":{"line":43,"column":17}},"9":{"start":{"line":44,"column":4},"end":{"line":44,"column":23}},"10":{"start":{"line":46,"column":9},"end":{"line":49,"column":3}},"11":{"start":{"line":47,"column":3},"end":{"line":48,"column":15}},"12":{"start":{"line":62,"column":2},"end":{"line":62,"column":21}},"13":{"start":{"line":72,"column":2},"end":{"line":72,"column":31}},"14":{"start":{"line":73,"column":2},"end":{"line":73,"column":28}},"15":{"start":{"line":79,"column":2},"end":{"line":79,"column":65}},"16":{"start":{"line":81,"column":2},"end":{"line":81,"column":65}},"17":{"start":{"line":83,"column":2},"end":{"line":83,"column":37}},"18":{"start":{"line":88,"column":2},"end":{"line":88,"column":63}},"19":{"start":{"line":88,"column":41},"end":{"line":88,"column":60}},"20":{"start":{"line":98,"column":2},"end":{"line":100,"column":3}},"21":{"start":{"line":99,"column":3},"end":{"line":99,"column":26}},"22":{"start":{"line":101,"column":2},"end":{"line":102,"column":56}},"23":{"start":{"line":112,"column":2},"end":{"line":112,"column":28}},"24":{"start":{"line":120,"column":2},"end":{"line":129,"column":3}},"25":{"start":{"line":120,"column":15},"end":{"line":120,"column":16}},"26":{"start":{"line":121,"column":3},"end":{"line":128,"column":4}},"27":{"start":{"line":122,"column":4},"end":{"line":127,"column":20}},"28":{"start":{"line":144,"column":13},"end":{"line":144,"column":15}},"29":{"start":{"line":145,"column":15},"end":{"line":145,"column":20}},"30":{"start":{"line":148,"column":2},"end":{"line":169,"column":3}},"31":{"start":{"line":148,"column":15},"end":{"line":148,"column":16}},"32":{"start":{"line":152,"column":3},"end":{"line":168,"column":4}},"33":{"start":{"line":155,"column":4},"end":{"line":159,"column":5}},"34":{"start":{"line":156,"column":5},"end":{"line":156,"column":41}},"35":{"start":{"line":158,"column":5},"end":{"line":158,"column":19}},"36":{"start":{"line":160,"column":10},"end":{"line":168,"column":4}},"37":{"start":{"line":161,"column":4},"end":{"line":165,"column":5}},"38":{"start":{"line":162,"column":5},"end":{"line":162,"column":41}},"39":{"start":{"line":164,"column":5},"end":{"line":164,"column":19}},"40":{"start":{"line":167,"column":4},"end":{"line":167,"column":22}},"41":{"start":{"line":171,"column":2},"end":{"line":175,"column":3}},"42":{"start":{"line":172,"column":3},"end":{"line":172,"column":14}},"43":{"start":{"line":174,"column":3},"end":{"line":174,"column":19}},"44":{"start":{"line":189,"column":2},"end":{"line":189,"column":70}},"45":{"start":{"line":202,"column":2},"end":{"line":202,"column":71}},"46":{"start":{"line":218,"column":2},"end":{"line":218,"column":73}},"47":{"start":{"line":234,"column":10},"end":{"line":234,"column":14}},"48":{"start":{"line":235,"column":2},"end":{"line":237,"column":5}},"49":{"start":{"line":236,"column":3},"end":{"line":236,"column":18}},"50":{"start":{"line":254,"column":2},"end":{"line":258,"column":3}},"51":{"start":{"line":255,"column":3},"end":{"line":257,"column":4}},"52":{"start":{"line":256,"column":4},"end":{"line":256,"column":83}},"53":{"start":{"line":268,"column":2},"end":{"line":268,"column":24}},"54":{"start":{"line":269,"column":2},"end":{"line":269,"column":32}},"55":{"start":{"line":280,"column":2},"end":{"line":280,"column":24}},"56":{"start":{"line":281,"column":2},"end":{"line":281,"column":22}},"57":{"start":{"line":292,"column":2},"end":{"line":292,"column":34}},"58":{"start":{"line":303,"column":2},"end":{"line":303,"column":24}},"59":{"start":{"line":328,"column":2},"end":{"line":328,"column":45}},"60":{"start":{"line":349,"column":2},"end":{"line":349,"column":46}},"61":{"start":{"line":364,"column":2},"end":{"line":364,"column":60}},"62":{"start":{"line":366,"column":2},"end":{"line":372,"column":3}},"63":{"start":{"line":367,"column":3},"end":{"line":367,"column":61}},"64":{"start":{"line":368,"column":9},"end":{"line":372,"column":3}},"65":{"start":{"line":369,"column":3},"end":{"line":369,"column":62}},"66":{"start":{"line":371,"column":3},"end":{"line":371,"column":58}},"67":{"start":{"line":385,"column":2},"end":{"line":385,"column":47}},"68":{"start":{"line":398,"column":2},"end":{"line":398,"column":40}},"69":{"start":{"line":409,"column":2},"end":{"line":409,"column":41}},"70":{"start":{"line":426,"column":2},"end":{"line":427,"column":65}},"71":{"start":{"line":442,"column":10},"end":{"line":442,"column":11}},"72":{"start":{"line":442,"column":17},"end":{"line":442,"column":18}},"73":{"start":{"line":449,"column":2},"end":{"line":452,"column":3}},"74":{"start":{"line":450,"column":3},"end":{"line":451,"column":43}},"75":{"start":{"line":455,"column":2},"end":{"line":457,"column":3}},"76":{"start":{"line":456,"column":3},"end":{"line":456,"column":24}},"77":{"start":{"line":456,"column":25},"end":{"line":456,"column":30}},"78":{"start":{"line":458,"column":2},"end":{"line":458,"column":32}},"79":{"start":{"line":470,"column":2},"end":{"line":470,"column":49}},"80":{"start":{"line":470,"column":29},"end":{"line":470,"column":49}},"81":{"start":{"line":471,"column":2},"end":{"line":475,"column":3}},"82":{"start":{"line":474,"column":3},"end":{"line":474,"column":70}},"83":{"start":{"line":477,"column":2},"end":{"line":477,"column":74}},"84":{"start":{"line":494,"column":2},"end":{"line":494,"column":49}},"85":{"start":{"line":494,"column":29},"end":{"line":494,"column":49}},"86":{"start":{"line":495,"column":2},"end":{"line":498,"column":3}},"87":{"start":{"line":496,"column":11},"end":{"line":496,"column":22}},"88":{"start":{"line":497,"column":3},"end":{"line":497,"column":49}},"89":{"start":{"line":499,"column":2},"end":{"line":499,"column":74}},"90":{"start":{"line":507,"column":2},"end":{"line":509,"column":3}},"91":{"start":{"line":508,"column":3},"end":{"line":508,"column":24}},"92":{"start":{"line":565,"column":2},"end":{"line":565,"column":26}},"93":{"start":{"line":568,"column":2},"end":{"line":568,"column":33}},"94":{"start":{"line":570,"column":2},"end":{"line":570,"column":30}},"95":{"start":{"line":574,"column":2},"end":{"line":576,"column":3}},"96":{"start":{"line":575,"column":3},"end":{"line":575,"column":80}},"97":{"start":{"line":578,"column":2},"end":{"line":578,"column":27}},"98":{"start":{"line":581,"column":2},"end":{"line":594,"column":3}},"99":{"start":{"line":589,"column":3},"end":{"line":589,"column":62}},"100":{"start":{"line":590,"column":9},"end":{"line":594,"column":3}},"101":{"start":{"line":591,"column":3},"end":{"line":591,"column":63}},"102":{"start":{"line":593,"column":3},"end":{"line":593,"column":45}},"103":{"start":{"line":619,"column":11},"end":{"line":619,"column":12}},"104":{"start":{"line":619,"column":18},"end":{"line":619,"column":19}},"105":{"start":{"line":620,"column":2},"end":{"line":627,"column":3}},"106":{"start":{"line":620,"column":15},"end":{"line":620,"column":16}},"107":{"start":{"line":621,"column":3},"end":{"line":624,"column":4}},"108":{"start":{"line":621,"column":16},"end":{"line":621,"column":17}},"109":{"start":{"line":622,"column":4},"end":{"line":622,"column":13}},"110":{"start":{"line":623,"column":4},"end":{"line":623,"column":10}},"111":{"start":{"line":625,"column":3},"end":{"line":625,"column":20}},"112":{"start":{"line":626,"column":3},"end":{"line":626,"column":10}},"113":{"start":{"line":647,"column":11},"end":{"line":647,"column":12}},"114":{"start":{"line":647,"column":18},"end":{"line":647,"column":19}},"115":{"start":{"line":652,"column":2},"end":{"line":664,"column":3}},"116":{"start":{"line":652,"column":15},"end":{"line":652,"column":16}},"117":{"start":{"line":653,"column":3},"end":{"line":661,"column":4}},"118":{"start":{"line":653,"column":16},"end":{"line":653,"column":17}},"119":{"start":{"line":656,"column":17},"end":{"line":656,"column":29}},"120":{"start":{"line":657,"column":4},"end":{"line":659,"column":5}},"121":{"start":{"line":658,"column":5},"end":{"line":658,"column":31}},"122":{"start":{"line":660,"column":4},"end":{"line":660,"column":10}},"123":{"start":{"line":662,"column":3},"end":{"line":662,"column":20}},"124":{"start":{"line":663,"column":3},"end":{"line":663,"column":10}},"125":{"start":{"line":678,"column":10},"end":{"line":678,"column":21}},"126":{"start":{"line":679,"column":11},"end":{"line":679,"column":13}},"127":{"start":{"line":680,"column":2},"end":{"line":696,"column":3}},"128":{"start":{"line":680,"column":15},"end":{"line":680,"column":16}},"129":{"start":{"line":681,"column":3},"end":{"line":695,"column":4}},"130":{"start":{"line":682,"column":4},"end":{"line":686,"column":5}},"131":{"start":{"line":683,"column":5},"end":{"line":683,"column":45}},"132":{"start":{"line":685,"column":5},"end":{"line":685,"column":27}},"133":{"start":{"line":687,"column":10},"end":{"line":695,"column":4}},"134":{"start":{"line":688,"column":4},"end":{"line":692,"column":5}},"135":{"start":{"line":689,"column":5},"end":{"line":689,"column":29}},"136":{"start":{"line":691,"column":5},"end":{"line":691,"column":27}},"137":{"start":{"line":694,"column":4},"end":{"line":694,"column":33}},"138":{"start":{"line":698,"column":10},"end":{"line":698,"column":12}},"139":{"start":{"line":698,"column":20},"end":{"line":698,"column":24}},"140":{"start":{"line":699,"column":2},"end":{"line":707,"column":3}},"141":{"start":{"line":700,"column":3},"end":{"line":706,"column":4}},"142":{"start":{"line":701,"column":4},"end":{"line":705,"column":5}},"143":{"start":{"line":702,"column":5},"end":{"line":702,"column":19}},"144":{"start":{"line":704,"column":5},"end":{"line":704,"column":33}},"145":{"start":{"line":708,"column":2},"end":{"line":708,"column":10}},"146":{"start":{"line":724,"column":10},"end":{"line":724,"column":13}},"147":{"start":{"line":724,"column":19},"end":{"line":724,"column":32}},"148":{"start":{"line":724,"column":38},"end":{"line":724,"column":51}},"149":{"start":{"line":724,"column":57},"end":{"line":724,"column":60}},"150":{"start":{"line":732,"column":2},"end":{"line":739,"column":3}},"151":{"start":{"line":733,"column":3},"end":{"line":736,"column":4}},"152":{"start":{"line":734,"column":4},"end":{"line":734,"column":39}},"153":{"start":{"line":735,"column":4},"end":{"line":735,"column":12}},"154":{"start":{"line":738,"column":3},"end":{"line":738,"column":11}},"155":{"start":{"line":741,"column":2},"end":{"line":748,"column":3}},"156":{"start":{"line":742,"column":3},"end":{"line":745,"column":4}},"157":{"start":{"line":743,"column":4},"end":{"line":743,"column":39}},"158":{"start":{"line":744,"column":4},"end":{"line":744,"column":12}},"159":{"start":{"line":747,"column":3},"end":{"line":747,"column":11}},"160":{"start":{"line":750,"column":2},"end":{"line":757,"column":3}},"161":{"start":{"line":751,"column":3},"end":{"line":754,"column":4}},"162":{"start":{"line":752,"column":4},"end":{"line":752,"column":25}},"163":{"start":{"line":753,"column":4},"end":{"line":753,"column":12}},"164":{"start":{"line":756,"column":3},"end":{"line":756,"column":11}},"165":{"start":{"line":759,"column":2},"end":{"line":766,"column":3}},"166":{"start":{"line":760,"column":3},"end":{"line":763,"column":4}},"167":{"start":{"line":761,"column":4},"end":{"line":761,"column":25}},"168":{"start":{"line":762,"column":4},"end":{"line":762,"column":12}},"169":{"start":{"line":765,"column":3},"end":{"line":765,"column":11}},"170":{"start":{"line":783,"column":2},"end":{"line":783,"column":23}},"171":{"start":{"line":783,"column":24},"end":{"line":783,"column":33}},"172":{"start":{"line":783,"column":34},"end":{"line":783,"column":55}},"173":{"start":{"line":784,"column":2},"end":{"line":784,"column":20}},"174":{"start":{"line":784,"column":21},"end":{"line":784,"column":39}},"175":{"start":{"line":785,"column":2},"end":{"line":785,"column":23}},"176":{"start":{"line":785,"column":24},"end":{"line":785,"column":33}},"177":{"start":{"line":785,"column":34},"end":{"line":785,"column":55}},"178":{"start":{"line":789,"column":12},"end":{"line":789,"column":15}},"179":{"start":{"line":793,"column":2},"end":{"line":798,"column":3}},"180":{"start":{"line":794,"column":3},"end":{"line":796,"column":4}},"181":{"start":{"line":795,"column":4},"end":{"line":795,"column":40}},"182":{"start":{"line":797,"column":3},"end":{"line":797,"column":13}},"183":{"start":{"line":797,"column":14},"end":{"line":797,"column":23}},"184":{"start":{"line":797,"column":24},"end":{"line":797,"column":34}},"185":{"start":{"line":801,"column":2},"end":{"line":806,"column":3}},"186":{"start":{"line":802,"column":3},"end":{"line":804,"column":4}},"187":{"start":{"line":803,"column":4},"end":{"line":803,"column":41}},"188":{"start":{"line":805,"column":3},"end":{"line":805,"column":13}},"189":{"start":{"line":805,"column":14},"end":{"line":805,"column":23}},"190":{"start":{"line":805,"column":24},"end":{"line":805,"column":34}},"191":{"start":{"line":808,"column":2},"end":{"line":808,"column":12}},"192":{"start":{"line":810,"column":2},"end":{"line":815,"column":3}},"193":{"start":{"line":811,"column":3},"end":{"line":813,"column":4}},"194":{"start":{"line":812,"column":4},"end":{"line":812,"column":26}},"195":{"start":{"line":814,"column":3},"end":{"line":814,"column":13}},"196":{"start":{"line":814,"column":14},"end":{"line":814,"column":24}},"197":{"start":{"line":814,"column":25},"end":{"line":814,"column":35}},"198":{"start":{"line":818,"column":2},"end":{"line":823,"column":3}},"199":{"start":{"line":819,"column":3},"end":{"line":821,"column":4}},"200":{"start":{"line":820,"column":4},"end":{"line":820,"column":27}},"201":{"start":{"line":822,"column":3},"end":{"line":822,"column":13}},"202":{"start":{"line":822,"column":14},"end":{"line":822,"column":24}},"203":{"start":{"line":822,"column":25},"end":{"line":822,"column":35}},"204":{"start":{"line":824,"column":2},"end":{"line":828,"column":3}},"205":{"start":{"line":825,"column":3},"end":{"line":825,"column":61}},"206":{"start":{"line":827,"column":3},"end":{"line":827,"column":42}},"207":{"start":{"line":847,"column":2},"end":{"line":847,"column":39}},"208":{"start":{"line":865,"column":2},"end":{"line":865,"column":44}},"209":{"start":{"line":875,"column":10},"end":{"line":875,"column":13}},"210":{"start":{"line":875,"column":19},"end":{"line":875,"column":22}},"211":{"start":{"line":875,"column":28},"end":{"line":875,"column":41}},"212":{"start":{"line":875,"column":47},"end":{"line":875,"column":60}},"213":{"start":{"line":876,"column":11},"end":{"line":876,"column":21}},"214":{"start":{"line":878,"column":17},"end":{"line":878,"column":29}},"215":{"start":{"line":881,"column":2},"end":{"line":902,"column":3}},"216":{"start":{"line":882,"column":3},"end":{"line":888,"column":4}},"217":{"start":{"line":883,"column":4},"end":{"line":883,"column":39}},"218":{"start":{"line":884,"column":4},"end":{"line":885,"column":30}},"219":{"start":{"line":887,"column":4},"end":{"line":887,"column":29}},"220":{"start":{"line":890,"column":3},"end":{"line":901,"column":4}},"221":{"start":{"line":891,"column":4},"end":{"line":897,"column":5}},"222":{"start":{"line":892,"column":5},"end":{"line":892,"column":40}},"223":{"start":{"line":893,"column":5},"end":{"line":894,"column":31}},"224":{"start":{"line":896,"column":5},"end":{"line":896,"column":30}},"225":{"start":{"line":899,"column":4},"end":{"line":900,"column":30}},"226":{"start":{"line":905,"column":2},"end":{"line":926,"column":3}},"227":{"start":{"line":906,"column":3},"end":{"line":912,"column":4}},"228":{"start":{"line":907,"column":4},"end":{"line":907,"column":25}},"229":{"start":{"line":908,"column":4},"end":{"line":909,"column":30}},"230":{"start":{"line":911,"column":4},"end":{"line":911,"column":29}},"231":{"start":{"line":914,"column":3},"end":{"line":925,"column":4}},"232":{"start":{"line":915,"column":4},"end":{"line":921,"column":5}},"233":{"start":{"line":916,"column":5},"end":{"line":916,"column":26}},"234":{"start":{"line":917,"column":5},"end":{"line":918,"column":31}},"235":{"start":{"line":920,"column":5},"end":{"line":920,"column":30}},"236":{"start":{"line":923,"column":4},"end":{"line":924,"column":30}},"237":{"start":{"line":927,"column":2},"end":{"line":927,"column":17}},"238":{"start":{"line":961,"column":2},"end":{"line":961,"column":26}},"239":{"start":{"line":965,"column":2},"end":{"line":965,"column":65}},"240":{"start":{"line":966,"column":2},"end":{"line":968,"column":3}},"241":{"start":{"line":967,"column":3},"end":{"line":967,"column":80}},"242":{"start":{"line":970,"column":2},"end":{"line":970,"column":37}},"243":{"start":{"line":972,"column":2},"end":{"line":972,"column":18}},"244":{"start":{"line":974,"column":2},"end":{"line":974,"column":35}},"245":{"start":{"line":976,"column":2},"end":{"line":976,"column":48}},"246":{"start":{"line":984,"column":2},"end":{"line":984,"column":56}},"247":{"start":{"line":985,"column":2},"end":{"line":985,"column":27}},"248":{"start":{"line":1002,"column":2},"end":{"line":1004,"column":7}},"249":{"start":{"line":1021,"column":2},"end":{"line":1022,"column":56}},"250":{"start":{"line":1048,"column":11},"end":{"line":1048,"column":12}},"251":{"start":{"line":1048,"column":18},"end":{"line":1048,"column":19}},"252":{"start":{"line":1049,"column":2},"end":{"line":1061,"column":3}},"253":{"start":{"line":1049,"column":15},"end":{"line":1049,"column":16}},"254":{"start":{"line":1050,"column":11},"end":{"line":1050,"column":12}},"255":{"start":{"line":1051,"column":3},"end":{"line":1058,"column":4}},"256":{"start":{"line":1051,"column":16},"end":{"line":1051,"column":17}},"257":{"start":{"line":1052,"column":4},"end":{"line":1055,"column":5}},"258":{"start":{"line":1052,"column":17},"end":{"line":1052,"column":18}},"259":{"start":{"line":1053,"column":5},"end":{"line":1053,"column":14}},"260":{"start":{"line":1054,"column":5},"end":{"line":1054,"column":10}},"261":{"start":{"line":1056,"column":4},"end":{"line":1056,"column":21}},"262":{"start":{"line":1057,"column":4},"end":{"line":1057,"column":15}},"263":{"start":{"line":1059,"column":3},"end":{"line":1059,"column":20}},"264":{"start":{"line":1060,"column":3},"end":{"line":1060,"column":10}},"265":{"start":{"line":1081,"column":11},"end":{"line":1081,"column":12}},"266":{"start":{"line":1081,"column":18},"end":{"line":1081,"column":19}},"267":{"start":{"line":1082,"column":2},"end":{"line":1098,"column":3}},"268":{"start":{"line":1082,"column":15},"end":{"line":1082,"column":16}},"269":{"start":{"line":1083,"column":11},"end":{"line":1083,"column":12}},"270":{"start":{"line":1084,"column":3},"end":{"line":1095,"column":4}},"271":{"start":{"line":1084,"column":16},"end":{"line":1084,"column":17}},"272":{"start":{"line":1085,"column":4},"end":{"line":1092,"column":5}},"273":{"start":{"line":1085,"column":17},"end":{"line":1085,"column":18}},"274":{"start":{"line":1087,"column":18},"end":{"line":1087,"column":30}},"275":{"start":{"line":1088,"column":5},"end":{"line":1090,"column":6}},"276":{"start":{"line":1089,"column":6},"end":{"line":1089,"column":34}},"277":{"start":{"line":1091,"column":5},"end":{"line":1091,"column":10}},"278":{"start":{"line":1093,"column":4},"end":{"line":1093,"column":21}},"279":{"start":{"line":1094,"column":4},"end":{"line":1094,"column":15}},"280":{"start":{"line":1096,"column":3},"end":{"line":1096,"column":20}},"281":{"start":{"line":1097,"column":3},"end":{"line":1097,"column":10}},"282":{"start":{"line":1112,"column":10},"end":{"line":1112,"column":21}},"283":{"start":{"line":1114,"column":11},"end":{"line":1114,"column":13}},"284":{"start":{"line":1115,"column":2},"end":{"line":1131,"column":3}},"285":{"start":{"line":1115,"column":15},"end":{"line":1115,"column":16}},"286":{"start":{"line":1116,"column":3},"end":{"line":1130,"column":4}},"287":{"start":{"line":1117,"column":4},"end":{"line":1121,"column":5}},"288":{"start":{"line":1118,"column":5},"end":{"line":1118,"column":45}},"289":{"start":{"line":1120,"column":5},"end":{"line":1120,"column":27}},"290":{"start":{"line":1122,"column":10},"end":{"line":1130,"column":4}},"291":{"start":{"line":1123,"column":4},"end":{"line":1127,"column":5}},"292":{"start":{"line":1124,"column":5},"end":{"line":1124,"column":29}},"293":{"start":{"line":1126,"column":5},"end":{"line":1126,"column":27}},"294":{"start":{"line":1129,"column":4},"end":{"line":1129,"column":33}},"295":{"start":{"line":1132,"column":10},"end":{"line":1132,"column":12}},"296":{"start":{"line":1132,"column":20},"end":{"line":1132,"column":24}},"297":{"start":{"line":1133,"column":2},"end":{"line":1143,"column":3}},"298":{"start":{"line":1134,"column":3},"end":{"line":1142,"column":4}},"299":{"start":{"line":1135,"column":4},"end":{"line":1141,"column":5}},"300":{"start":{"line":1136,"column":5},"end":{"line":1140,"column":6}},"301":{"start":{"line":1137,"column":6},"end":{"line":1137,"column":20}},"302":{"start":{"line":1139,"column":6},"end":{"line":1139,"column":36}},"303":{"start":{"line":1144,"column":2},"end":{"line":1144,"column":10}},"304":{"start":{"line":1166,"column":13},"end":{"line":1166,"column":75}},"305":{"start":{"line":1170,"column":2},"end":{"line":1170,"column":40}},"306":{"start":{"line":1171,"column":2},"end":{"line":1177,"column":3}},"307":{"start":{"line":1172,"column":15},"end":{"line":1172,"column":17}},"308":{"start":{"line":1173,"column":3},"end":{"line":1175,"column":4}},"309":{"start":{"line":1173,"column":16},"end":{"line":1173,"column":17}},"310":{"start":{"line":1174,"column":4},"end":{"line":1174,"column":23}},"311":{"start":{"line":1176,"column":3},"end":{"line":1176,"column":25}},"312":{"start":{"line":1182,"column":2},"end":{"line":1182,"column":29}},"313":{"start":{"line":1183,"column":2},"end":{"line":1185,"column":3}},"314":{"start":{"line":1184,"column":3},"end":{"line":1184,"column":50}},"315":{"start":{"line":1189,"column":2},"end":{"line":1189,"column":19}},"316":{"start":{"line":1194,"column":2},"end":{"line":1209,"column":3}},"317":{"start":{"line":1195,"column":3},"end":{"line":1195,"column":44}},"318":{"start":{"line":1208,"column":3},"end":{"line":1208,"column":46}},"319":{"start":{"line":1214,"column":2},"end":{"line":1214,"column":37}},"320":{"start":{"line":1217,"column":2},"end":{"line":1217,"column":41}},"321":{"start":{"line":1220,"column":2},"end":{"line":1220,"column":49}},"322":{"start":{"line":1223,"column":2},"end":{"line":1223,"column":47}},"323":{"start":{"line":1226,"column":2},"end":{"line":1226,"column":49}},"324":{"start":{"line":1229,"column":2},"end":{"line":1229,"column":35}},"325":{"start":{"line":1235,"column":2},"end":{"line":1235,"column":23}},"326":{"start":{"line":1238,"column":2},"end":{"line":1238,"column":16}},"327":{"start":{"line":1241,"column":2},"end":{"line":1241,"column":18}},"328":{"start":{"line":1245,"column":2},"end":{"line":1245,"column":24}},"329":{"start":{"line":1253,"column":2},"end":{"line":1253,"column":10}},"330":{"start":{"line":1259,"column":2},"end":{"line":1259,"column":40}},"331":{"start":{"line":1268,"column":10},"end":{"line":1268,"column":19}},"332":{"start":{"line":1269,"column":2},"end":{"line":1269,"column":74}},"333":{"start":{"line":1269,"column":55},"end":{"line":1269,"column":70}},"334":{"start":{"line":1276,"column":2},"end":{"line":1276,"column":44}},"335":{"start":{"line":1291,"column":16},"end":{"line":1291,"column":34}},"336":{"start":{"line":1292,"column":2},"end":{"line":1300,"column":3}},"337":{"start":{"line":1294,"column":3},"end":{"line":1294,"column":29}},"338":{"start":{"line":1297,"column":3},"end":{"line":1299,"column":4}},"339":{"start":{"line":1298,"column":4},"end":{"line":1298,"column":34}},"340":{"start":{"line":1302,"column":2},"end":{"line":1302,"column":28}},"341":{"start":{"line":1303,"column":2},"end":{"line":1309,"column":3}},"342":{"start":{"line":1304,"column":3},"end":{"line":1308,"column":4}},"343":{"start":{"line":1305,"column":4},"end":{"line":1305,"column":27}},"344":{"start":{"line":1307,"column":4},"end":{"line":1307,"column":26}},"345":{"start":{"line":1319,"column":2},"end":{"line":1319,"column":38}},"346":{"start":{"line":1326,"column":2},"end":{"line":1326,"column":25}},"347":{"start":{"line":1334,"column":2},"end":{"line":1334,"column":75}},"348":{"start":{"line":1355,"column":2},"end":{"line":1360,"column":3}},"349":{"start":{"line":1356,"column":11},"end":{"line":1356,"column":18}},"350":{"start":{"line":1357,"column":3},"end":{"line":1357,"column":26}},"351":{"start":{"line":1358,"column":3},"end":{"line":1358,"column":18}},"352":{"start":{"line":1362,"column":2},"end":{"line":1364,"column":3}},"353":{"start":{"line":1363,"column":3},"end":{"line":1363,"column":59}},"354":{"start":{"line":1366,"column":2},"end":{"line":1366,"column":33}},"355":{"start":{"line":1373,"column":2},"end":{"line":1373,"column":36}},"356":{"start":{"line":1402,"column":2},"end":{"line":1402,"column":20}},"357":{"start":{"line":1407,"column":2},"end":{"line":1407,"column":21}},"358":{"start":{"line":1412,"column":2},"end":{"line":1412,"column":18}},"359":{"start":{"line":1415,"column":2},"end":{"line":1415,"column":15}},"360":{"start":{"line":1427,"column":2},"end":{"line":1429,"column":3}},"361":{"start":{"line":1428,"column":3},"end":{"line":1428,"column":9}},"362":{"start":{"line":1432,"column":2},"end":{"line":1432,"column":32}},"363":{"start":{"line":1434,"column":2},"end":{"line":1434,"column":26}},"364":{"start":{"line":1435,"column":2},"end":{"line":1435,"column":17}},"365":{"start":{"line":1443,"column":2},"end":{"line":1445,"column":3}},"366":{"start":{"line":1444,"column":3},"end":{"line":1444,"column":9}},"367":{"start":{"line":1451,"column":12},"end":{"line":1451,"column":27}},"368":{"start":{"line":1454,"column":2},"end":{"line":1454,"column":25}},"369":{"start":{"line":1456,"column":12},"end":{"line":1456,"column":31}},"370":{"start":{"line":1457,"column":2},"end":{"line":1457,"column":17}},"371":{"start":{"line":1458,"column":2},"end":{"line":1460,"column":3}},"372":{"start":{"line":1459,"column":3},"end":{"line":1459,"column":9}},"373":{"start":{"line":1461,"column":2},"end":{"line":1461,"column":23}},"374":{"start":{"line":1464,"column":2},"end":{"line":1464,"column":22}},"375":{"start":{"line":1472,"column":2},"end":{"line":1472,"column":28}},"376":{"start":{"line":1479,"column":2},"end":{"line":1479,"column":64}},"377":{"start":{"line":1506,"column":2},"end":{"line":1506,"column":82}},"378":{"start":{"line":1514,"column":2},"end":{"line":1514,"column":18}},"379":{"start":{"line":1533,"column":2},"end":{"line":1533,"column":141}},"380":{"start":{"line":1546,"column":2},"end":{"line":1548,"column":3}},"381":{"start":{"line":1547,"column":3},"end":{"line":1547,"column":34}},"382":{"start":{"line":1549,"column":2},"end":{"line":1549,"column":36}},"383":{"start":{"line":1560,"column":2},"end":{"line":1560,"column":47}},"384":{"start":{"line":1572,"column":2},"end":{"line":1572,"column":19}},"385":{"start":{"line":1584,"column":2},"end":{"line":1584,"column":13}},"386":{"start":{"line":1585,"column":2},"end":{"line":1585,"column":40}},"387":{"start":{"line":1586,"column":2},"end":{"line":1588,"column":3}},"388":{"start":{"line":1587,"column":3},"end":{"line":1587,"column":41}},"389":{"start":{"line":1589,"column":2},"end":{"line":1591,"column":3}},"390":{"start":{"line":1590,"column":3},"end":{"line":1590,"column":22}},"391":{"start":{"line":1610,"column":2},"end":{"line":1610,"column":15}},"392":{"start":{"line":1624,"column":2},"end":{"line":1624,"column":73}},"393":{"start":{"line":1661,"column":2},"end":{"line":1661,"column":19}},"394":{"start":{"line":1666,"column":2},"end":{"line":1666,"column":13}},"395":{"start":{"line":1691,"column":2},"end":{"line":1693,"column":3}},"396":{"start":{"line":1692,"column":3},"end":{"line":1692,"column":68}},"397":{"start":{"line":1694,"column":2},"end":{"line":1696,"column":3}},"398":{"start":{"line":1695,"column":3},"end":{"line":1695,"column":50}},"399":{"start":{"line":1710,"column":2},"end":{"line":1712,"column":3}},"400":{"start":{"line":1711,"column":3},"end":{"line":1711,"column":59}},"401":{"start":{"line":1713,"column":2},"end":{"line":1715,"column":3}},"402":{"start":{"line":1714,"column":3},"end":{"line":1714,"column":39}},"403":{"start":{"line":1716,"column":2},"end":{"line":1716,"column":28}},"404":{"start":{"line":1748,"column":13},"end":{"line":1748,"column":21}},"405":{"start":{"line":1749,"column":2},"end":{"line":1753,"column":3}},"406":{"start":{"line":1750,"column":3},"end":{"line":1750,"column":9}},"407":{"start":{"line":1752,"column":3},"end":{"line":1752,"column":62}},"408":{"start":{"line":1784,"column":2},"end":{"line":1786,"column":3}},"409":{"start":{"line":1785,"column":3},"end":{"line":1785,"column":56}},"410":{"start":{"line":1789,"column":21},"end":{"line":1789,"column":56}},"411":{"start":{"line":1790,"column":2},"end":{"line":1793,"column":3}},"412":{"start":{"line":1791,"column":3},"end":{"line":1792,"column":82}},"413":{"start":{"line":1830,"column":13},"end":{"line":1830,"column":18}},"414":{"start":{"line":1830,"column":27},"end":{"line":1830,"column":32}},"415":{"start":{"line":1834,"column":2},"end":{"line":1841,"column":3}},"416":{"start":{"line":1835,"column":3},"end":{"line":1835,"column":15}},"417":{"start":{"line":1837,"column":3},"end":{"line":1837,"column":54}},"418":{"start":{"line":1838,"column":3},"end":{"line":1840,"column":4}},"419":{"start":{"line":1839,"column":4},"end":{"line":1839,"column":16}},"420":{"start":{"line":1842,"column":2},"end":{"line":1845,"column":3}},"421":{"start":{"line":1843,"column":3},"end":{"line":1844,"column":81}},"422":{"start":{"line":1848,"column":2},"end":{"line":1860,"column":3}},"423":{"start":{"line":1849,"column":3},"end":{"line":1855,"column":4}},"424":{"start":{"line":1850,"column":4},"end":{"line":1850,"column":16}},"425":{"start":{"line":1852,"column":4},"end":{"line":1854,"column":5}},"426":{"start":{"line":1853,"column":5},"end":{"line":1853,"column":17}},"427":{"start":{"line":1856,"column":3},"end":{"line":1859,"column":4}},"428":{"start":{"line":1857,"column":4},"end":{"line":1858,"column":69}},"429":{"start":{"line":1896,"column":2},"end":{"line":1904,"column":3}},"430":{"start":{"line":1897,"column":3},"end":{"line":1897,"column":44}},"431":{"start":{"line":1898,"column":9},"end":{"line":1904,"column":3}},"432":{"start":{"line":1899,"column":3},"end":{"line":1899,"column":47}},"433":{"start":{"line":1900,"column":9},"end":{"line":1904,"column":3}},"434":{"start":{"line":1901,"column":3},"end":{"line":1901,"column":48}},"435":{"start":{"line":1903,"column":3},"end":{"line":1903,"column":107}},"436":{"start":{"line":1921,"column":2},"end":{"line":1921,"column":34}},"437":{"start":{"line":1935,"column":2},"end":{"line":1937,"column":3}},"438":{"start":{"line":1936,"column":3},"end":{"line":1936,"column":15}},"439":{"start":{"line":1938,"column":2},"end":{"line":1938,"column":13}},"440":{"start":{"line":1952,"column":2},"end":{"line":1954,"column":3}},"441":{"start":{"line":1953,"column":3},"end":{"line":1953,"column":15}},"442":{"start":{"line":1955,"column":2},"end":{"line":1955,"column":13}},"443":{"start":{"line":1970,"column":2},"end":{"line":1972,"column":3}},"444":{"start":{"line":1971,"column":3},"end":{"line":1971,"column":15}},"445":{"start":{"line":1973,"column":14},"end":{"line":1973,"column":19}},"446":{"start":{"line":1974,"column":2},"end":{"line":1978,"column":3}},"447":{"start":{"line":1975,"column":3},"end":{"line":1977,"column":4}},"448":{"start":{"line":1976,"column":4},"end":{"line":1976,"column":17}},"449":{"start":{"line":1979,"column":2},"end":{"line":1979,"column":14}},"450":{"start":{"line":1991,"column":2},"end":{"line":1991,"column":34}},"451":{"start":{"line":2000,"column":2},"end":{"line":2002,"column":3}},"452":{"start":{"line":2001,"column":3},"end":{"line":2001,"column":15}},"453":{"start":{"line":2003,"column":2},"end":{"line":2005,"column":3}},"454":{"start":{"line":2004,"column":3},"end":{"line":2004,"column":15}},"455":{"start":{"line":2006,"column":2},"end":{"line":2006,"column":13}},"456":{"start":{"line":2025,"column":2},"end":{"line":2038,"column":3}},"457":{"start":{"line":2026,"column":3},"end":{"line":2026,"column":32}},"458":{"start":{"line":2027,"column":9},"end":{"line":2038,"column":3}},"459":{"start":{"line":2028,"column":3},"end":{"line":2028,"column":37}},"460":{"start":{"line":2029,"column":9},"end":{"line":2038,"column":3}},"461":{"start":{"line":2030,"column":3},"end":{"line":2030,"column":37}},"462":{"start":{"line":2031,"column":9},"end":{"line":2038,"column":3}},"463":{"start":{"line":2032,"column":3},"end":{"line":2032,"column":32}},"464":{"start":{"line":2033,"column":9},"end":{"line":2038,"column":3}},"465":{"start":{"line":2034,"column":3},"end":{"line":2034,"column":33}},"466":{"start":{"line":2036,"column":3},"end":{"line":2037,"column":88}},"467":{"start":{"line":2040,"column":17},"end":{"line":2040,"column":103}},"468":{"start":{"line":2043,"column":2},"end":{"line":2057,"column":3}},"469":{"start":{"line":2044,"column":3},"end":{"line":2044,"column":73}},"470":{"start":{"line":2044,"column":57},"end":{"line":2044,"column":71}},"471":{"start":{"line":2045,"column":9},"end":{"line":2057,"column":3}},"472":{"start":{"line":2046,"column":3},"end":{"line":2048,"column":4}},"473":{"start":{"line":2047,"column":4},"end":{"line":2047,"column":74}},"474":{"start":{"line":2047,"column":58},"end":{"line":2047,"column":72}},"475":{"start":{"line":2049,"column":9},"end":{"line":2057,"column":3}},"476":{"start":{"line":2050,"column":3},"end":{"line":2054,"column":4}},"477":{"start":{"line":2051,"column":4},"end":{"line":2053,"column":5}},"478":{"start":{"line":2052,"column":5},"end":{"line":2052,"column":75}},"479":{"start":{"line":2052,"column":59},"end":{"line":2052,"column":73}},"480":{"start":{"line":2056,"column":3},"end":{"line":2056,"column":107}},"481":{"start":{"line":2078,"column":2},"end":{"line":2078,"column":35}},"482":{"start":{"line":2079,"column":10},"end":{"line":2079,"column":25}},"483":{"start":{"line":2080,"column":2},"end":{"line":2080,"column":48}},"484":{"start":{"line":2081,"column":2},"end":{"line":2081,"column":67}},"485":{"start":{"line":2114,"column":2},"end":{"line":2114,"column":16}},"486":{"start":{"line":2121,"column":16},"end":{"line":2121,"column":57}},"487":{"start":{"line":2122,"column":2},"end":{"line":2122,"column":60}},"488":{"start":{"line":2132,"column":2},"end":{"line":2132,"column":57}},"489":{"start":{"line":2143,"column":10},"end":{"line":2143,"column":11}},"490":{"start":{"line":2145,"column":12},"end":{"line":2145,"column":35}},"491":{"start":{"line":2146,"column":2},"end":{"line":2149,"column":3}},"492":{"start":{"line":2146,"column":15},"end":{"line":2146,"column":16}},"493":{"start":{"line":2147,"column":3},"end":{"line":2147,"column":29}},"494":{"start":{"line":2148,"column":3},"end":{"line":2148,"column":40}},"495":{"start":{"line":2148,"column":18},"end":{"line":2148,"column":40}},"496":{"start":{"line":2150,"column":2},"end":{"line":2150,"column":10}},"497":{"start":{"line":2160,"column":2},"end":{"line":2160,"column":66}},"498":{"start":{"line":2200,"column":2},"end":{"line":2200,"column":16}},"499":{"start":{"line":2207,"column":16},"end":{"line":2207,"column":57}},"500":{"start":{"line":2208,"column":2},"end":{"line":2208,"column":71}},"501":{"start":{"line":2209,"column":2},"end":{"line":2209,"column":64}},"502":{"start":{"line":2221,"column":15},"end":{"line":2222,"column":36}},"503":{"start":{"line":2224,"column":2},"end":{"line":2225,"column":37}},"504":{"start":{"line":2226,"column":2},"end":{"line":2226,"column":15}},"505":{"start":{"line":2237,"column":12},"end":{"line":2237,"column":45}},"506":{"start":{"line":2239,"column":2},"end":{"line":2239,"column":33}},"507":{"start":{"line":2239,"column":25},"end":{"line":2239,"column":33}},"508":{"start":{"line":2240,"column":16},"end":{"line":2240,"column":74}},"509":{"start":{"line":2241,"column":2},"end":{"line":2241,"column":22}},"510":{"start":{"line":2300,"column":2},"end":{"line":2300,"column":16}},"511":{"start":{"line":2307,"column":2},"end":{"line":2307,"column":26}},"512":{"start":{"line":2312,"column":2},"end":{"line":2312,"column":40}},"513":{"start":{"line":2313,"column":2},"end":{"line":2315,"column":3}},"514":{"start":{"line":2314,"column":3},"end":{"line":2314,"column":42}},"515":{"start":{"line":2323,"column":16},"end":{"line":2323,"column":57}},"516":{"start":{"line":2324,"column":2},"end":{"line":2324,"column":99}},"517":{"start":{"line":2325,"column":2},"end":{"line":2325,"column":73}},"518":{"start":{"line":2326,"column":2},"end":{"line":2326,"column":70}},"519":{"start":{"line":2345,"column":15},"end":{"line":2345,"column":16}},"520":{"start":{"line":2349,"column":2},"end":{"line":2358,"column":3}},"521":{"start":{"line":2350,"column":3},"end":{"line":2350,"column":52}},"522":{"start":{"line":2351,"column":3},"end":{"line":2351,"column":58}},"523":{"start":{"line":2356,"column":3},"end":{"line":2356,"column":52}},"524":{"start":{"line":2357,"column":3},"end":{"line":2357,"column":58}},"525":{"start":{"line":2359,"column":2},"end":{"line":2361,"column":3}},"526":{"start":{"line":2360,"column":3},"end":{"line":2360,"column":11}},"527":{"start":{"line":2365,"column":2},"end":{"line":2365,"column":87}},"528":{"start":{"line":2366,"column":2},"end":{"line":2366,"column":15}},"529":{"start":{"line":2380,"column":12},"end":{"line":2380,"column":29}},"530":{"start":{"line":2383,"column":2},"end":{"line":2383,"column":26}},"531":{"start":{"line":2383,"column":16},"end":{"line":2383,"column":24}},"532":{"start":{"line":2386,"column":12},"end":{"line":2386,"column":28}},"533":{"start":{"line":2390,"column":10},"end":{"line":2390,"column":23}},"534":{"start":{"line":2390,"column":30},"end":{"line":2390,"column":31}},"535":{"start":{"line":2393,"column":2},"end":{"line":2401,"column":3}},"536":{"start":{"line":2393,"column":15},"end":{"line":2393,"column":16}},"537":{"start":{"line":2394,"column":14},"end":{"line":2394,"column":34}},"538":{"start":{"line":2397,"column":3},"end":{"line":2400,"column":4}},"539":{"start":{"line":2398,"column":4},"end":{"line":2398,"column":28}},"540":{"start":{"line":2399,"column":4},"end":{"line":2399,"column":10}},"541":{"start":{"line":2404,"column":2},"end":{"line":2404,"column":13}},"542":{"start":{"line":2417,"column":12},"end":{"line":2417,"column":29}},"543":{"start":{"line":2420,"column":2},"end":{"line":2420,"column":26}},"544":{"start":{"line":2420,"column":16},"end":{"line":2420,"column":24}},"545":{"start":{"line":2423,"column":12},"end":{"line":2423,"column":30}},"546":{"start":{"line":2427,"column":11},"end":{"line":2427,"column":12}},"547":{"start":{"line":2427,"column":18},"end":{"line":2427,"column":33}},"548":{"start":{"line":2430,"column":2},"end":{"line":2441,"column":3}},"549":{"start":{"line":2430,"column":15},"end":{"line":2430,"column":16}},"550":{"start":{"line":2431,"column":14},"end":{"line":2431,"column":34}},"551":{"start":{"line":2436,"column":3},"end":{"line":2440,"column":4}},"552":{"start":{"line":2437,"column":4},"end":{"line":2437,"column":42}},"553":{"start":{"line":2437,"column":34},"end":{"line":2437,"column":42}},"554":{"start":{"line":2438,"column":4},"end":{"line":2438,"column":28}},"555":{"start":{"line":2439,"column":4},"end":{"line":2439,"column":10}},"556":{"start":{"line":2444,"column":2},"end":{"line":2444,"column":25}},"557":{"start":{"line":2454,"column":2},"end":{"line":2454,"column":35}},"558":{"start":{"line":2468,"column":2},"end":{"line":2468,"column":59}},"559":{"start":{"line":2477,"column":2},"end":{"line":2482,"column":3}},"560":{"start":{"line":2479,"column":3},"end":{"line":2481,"column":4}},"561":{"start":{"line":2480,"column":4},"end":{"line":2480,"column":37}},"562":{"start":{"line":2531,"column":2},"end":{"line":2531,"column":16}},"563":{"start":{"line":2535,"column":2},"end":{"line":2535,"column":27}},"564":{"start":{"line":2541,"column":2},"end":{"line":2541,"column":16}},"565":{"start":{"line":2544,"column":2},"end":{"line":2546,"column":3}},"566":{"start":{"line":2545,"column":3},"end":{"line":2545,"column":31}},"567":{"start":{"line":2553,"column":16},"end":{"line":2553,"column":57}},"568":{"start":{"line":2554,"column":2},"end":{"line":2554,"column":71}},"569":{"start":{"line":2555,"column":2},"end":{"line":2555,"column":64}},"570":{"start":{"line":2562,"column":2},"end":{"line":2570,"column":3}},"571":{"start":{"line":2563,"column":13},"end":{"line":2563,"column":18}},"572":{"start":{"line":2564,"column":13},"end":{"line":2564,"column":27}},"573":{"start":{"line":2565,"column":3},"end":{"line":2567,"column":4}},"574":{"start":{"line":2566,"column":4},"end":{"line":2566,"column":33}},"575":{"start":{"line":2568,"column":13},"end":{"line":2568,"column":33}},"576":{"start":{"line":2569,"column":3},"end":{"line":2569,"column":61}},"577":{"start":{"line":2584,"column":2},"end":{"line":2584,"column":33}},"578":{"start":{"line":2584,"column":25},"end":{"line":2584,"column":31}},"579":{"start":{"line":2587,"column":13},"end":{"line":2587,"column":31}},"580":{"start":{"line":2590,"column":14},"end":{"line":2590,"column":15}},"581":{"start":{"line":2590,"column":25},"end":{"line":2590,"column":26}},"582":{"start":{"line":2593,"column":2},"end":{"line":2620,"column":3}},"583":{"start":{"line":2593,"column":15},"end":{"line":2593,"column":16}},"584":{"start":{"line":2594,"column":14},"end":{"line":2594,"column":33}},"585":{"start":{"line":2598,"column":3},"end":{"line":2600,"column":4}},"586":{"start":{"line":2599,"column":4},"end":{"line":2599,"column":13}},"587":{"start":{"line":2601,"column":3},"end":{"line":2603,"column":4}},"588":{"start":{"line":2602,"column":4},"end":{"line":2602,"column":13}},"589":{"start":{"line":2607,"column":3},"end":{"line":2619,"column":4}},"590":{"start":{"line":2612,"column":4},"end":{"line":2614,"column":5}},"591":{"start":{"line":2613,"column":5},"end":{"line":2613,"column":32}},"592":{"start":{"line":2616,"column":4},"end":{"line":2618,"column":5}},"593":{"start":{"line":2617,"column":5},"end":{"line":2617,"column":32}},"594":{"start":{"line":2623,"column":2},"end":{"line":2625,"column":3}},"595":{"start":{"line":2624,"column":3},"end":{"line":2624,"column":39}},"596":{"start":{"line":2626,"column":2},"end":{"line":2631,"column":3}},"597":{"start":{"line":2627,"column":3},"end":{"line":2629,"column":4}},"598":{"start":{"line":2628,"column":4},"end":{"line":2628,"column":35}},"599":{"start":{"line":2630,"column":3},"end":{"line":2630,"column":39}},"600":{"start":{"line":2644,"column":2},"end":{"line":2646,"column":3}},"601":{"start":{"line":2645,"column":3},"end":{"line":2645,"column":11}},"602":{"start":{"line":2647,"column":13},"end":{"line":2647,"column":53}},"603":{"start":{"line":2648,"column":13},"end":{"line":2648,"column":53}},"604":{"start":{"line":2649,"column":2},"end":{"line":2651,"column":3}},"605":{"start":{"line":2650,"column":3},"end":{"line":2650,"column":11}},"606":{"start":{"line":2652,"column":13},"end":{"line":2652,"column":37}},"607":{"start":{"line":2653,"column":16},"end":{"line":2653,"column":18}},"608":{"start":{"line":2654,"column":2},"end":{"line":2654,"column":24}},"609":{"start":{"line":2654,"column":25},"end":{"line":2654,"column":47}},"610":{"start":{"line":2655,"column":2},"end":{"line":2669,"column":3}},"611":{"start":{"line":2655,"column":15},"end":{"line":2655,"column":16}},"612":{"start":{"line":2656,"column":14},"end":{"line":2656,"column":33}},"613":{"start":{"line":2657,"column":3},"end":{"line":2659,"column":4}},"614":{"start":{"line":2658,"column":4},"end":{"line":2658,"column":24}},"615":{"start":{"line":2660,"column":3},"end":{"line":2662,"column":4}},"616":{"start":{"line":2661,"column":4},"end":{"line":2661,"column":24}},"617":{"start":{"line":2663,"column":3},"end":{"line":2665,"column":4}},"618":{"start":{"line":2664,"column":4},"end":{"line":2664,"column":19}},"619":{"start":{"line":2666,"column":3},"end":{"line":2668,"column":4}},"620":{"start":{"line":2667,"column":4},"end":{"line":2667,"column":19}},"621":{"start":{"line":2670,"column":10},"end":{"line":2670,"column":13}},"622":{"start":{"line":2671,"column":2},"end":{"line":2677,"column":3}},"623":{"start":{"line":2672,"column":14},"end":{"line":2672,"column":47}},"624":{"start":{"line":2673,"column":9},"end":{"line":2673,"column":38}},"625":{"start":{"line":2674,"column":16},"end":{"line":2674,"column":41}},"626":{"start":{"line":2675,"column":11},"end":{"line":2675,"column":16}},"627":{"start":{"line":2676,"column":3},"end":{"line":2676,"column":37}},"628":{"start":{"line":2678,"column":2},"end":{"line":2684,"column":3}},"629":{"start":{"line":2679,"column":14},"end":{"line":2679,"column":47}},"630":{"start":{"line":2680,"column":9},"end":{"line":2680,"column":38}},"631":{"start":{"line":2681,"column":16},"end":{"line":2681,"column":41}},"632":{"start":{"line":2682,"column":11},"end":{"line":2682,"column":16}},"633":{"start":{"line":2683,"column":3},"end":{"line":2683,"column":37}},"634":{"start":{"line":2687,"column":2},"end":{"line":2687,"column":10}},"635":{"start":{"line":2699,"column":2},"end":{"line":2699,"column":15}},"636":{"start":{"line":2720,"column":2},"end":{"line":2720,"column":76}},"637":{"start":{"line":2765,"column":2},"end":{"line":2765,"column":14}},"638":{"start":{"line":2772,"column":16},"end":{"line":2772,"column":57}},"639":{"start":{"line":2773,"column":2},"end":{"line":2773,"column":69}},"640":{"start":{"line":2786,"column":2},"end":{"line":2788,"column":3}},"641":{"start":{"line":2787,"column":3},"end":{"line":2787,"column":15}},"642":{"start":{"line":2790,"column":2},"end":{"line":2792,"column":3}},"643":{"start":{"line":2791,"column":3},"end":{"line":2791,"column":15}},"644":{"start":{"line":2794,"column":2},"end":{"line":2794,"column":13}},"645":{"start":{"line":2811,"column":22},"end":{"line":2817,"column":1}},"646":{"start":{"line":2840,"column":2},"end":{"line":2840,"column":28}},"647":{"start":{"line":2847,"column":2},"end":{"line":2847,"column":20}},"648":{"start":{"line":2851,"column":2},"end":{"line":2851,"column":16}},"649":{"start":{"line":2857,"column":2},"end":{"line":2857,"column":20}},"650":{"start":{"line":2860,"column":2},"end":{"line":2860,"column":24}},"651":{"start":{"line":2863,"column":2},"end":{"line":2863,"column":45}},"652":{"start":{"line":2867,"column":2},"end":{"line":2867,"column":64}},"653":{"start":{"line":2875,"column":2},"end":{"line":2875,"column":16}},"654":{"start":{"line":2876,"column":2},"end":{"line":2876,"column":18}},"655":{"start":{"line":2882,"column":2},"end":{"line":2882,"column":29}},"656":{"start":{"line":2886,"column":2},"end":{"line":2886,"column":37}},"657":{"start":{"line":2890,"column":2},"end":{"line":2890,"column":29}},"658":{"start":{"line":2894,"column":2},"end":{"line":2894,"column":37}},"659":{"start":{"line":2899,"column":2},"end":{"line":2899,"column":34}},"660":{"start":{"line":2904,"column":2},"end":{"line":2904,"column":31}},"661":{"start":{"line":2908,"column":2},"end":{"line":2912,"column":3}},"662":{"start":{"line":2909,"column":3},"end":{"line":2911,"column":4}},"663":{"start":{"line":2910,"column":4},"end":{"line":2910,"column":47}},"664":{"start":{"line":2918,"column":2},"end":{"line":2920,"column":3}},"665":{"start":{"line":2919,"column":3},"end":{"line":2919,"column":26}},"666":{"start":{"line":2921,"column":2},"end":{"line":2921,"column":24}},"667":{"start":{"line":2922,"column":2},"end":{"line":2922,"column":16}},"668":{"start":{"line":2923,"column":2},"end":{"line":2923,"column":18}},"669":{"start":{"line":2924,"column":2},"end":{"line":2924,"column":16}},"670":{"start":{"line":2925,"column":2},"end":{"line":2925,"column":23}},"671":{"start":{"line":2926,"column":2},"end":{"line":2926,"column":24}},"672":{"start":{"line":2939,"column":2},"end":{"line":2943,"column":3}},"673":{"start":{"line":2940,"column":3},"end":{"line":2942,"column":4}},"674":{"start":{"line":2941,"column":4},"end":{"line":2941,"column":12}},"675":{"start":{"line":2953,"column":2},"end":{"line":2958,"column":3}},"676":{"start":{"line":2954,"column":13},"end":{"line":2954,"column":31}},"677":{"start":{"line":2955,"column":3},"end":{"line":2957,"column":4}},"678":{"start":{"line":2956,"column":4},"end":{"line":2956,"column":31}},"679":{"start":{"line":2968,"column":2},"end":{"line":2973,"column":3}},"680":{"start":{"line":2969,"column":13},"end":{"line":2969,"column":31}},"681":{"start":{"line":2970,"column":3},"end":{"line":2972,"column":4}},"682":{"start":{"line":2971,"column":4},"end":{"line":2971,"column":16}},"683":{"start":{"line":2982,"column":14},"end":{"line":2982,"column":32}},"684":{"start":{"line":2983,"column":2},"end":{"line":3010,"column":3}},"685":{"start":{"line":2984,"column":3},"end":{"line":3009,"column":4}},"686":{"start":{"line":2988,"column":4},"end":{"line":2988,"column":40}},"687":{"start":{"line":2992,"column":4},"end":{"line":2994,"column":5}},"688":{"start":{"line":2993,"column":5},"end":{"line":2993,"column":47}},"689":{"start":{"line":2995,"column":4},"end":{"line":2995,"column":53}},"690":{"start":{"line":2996,"column":4},"end":{"line":2996,"column":9}},"691":{"start":{"line":3000,"column":4},"end":{"line":3000,"column":40}},"692":{"start":{"line":3004,"column":4},"end":{"line":3006,"column":5}},"693":{"start":{"line":3005,"column":5},"end":{"line":3005,"column":47}},"694":{"start":{"line":3007,"column":4},"end":{"line":3007,"column":53}},"695":{"start":{"line":3008,"column":4},"end":{"line":3008,"column":9}},"696":{"start":{"line":3011,"column":2},"end":{"line":3013,"column":3}},"697":{"start":{"line":3012,"column":3},"end":{"line":3012,"column":67}},"698":{"start":{"line":3014,"column":2},"end":{"line":3016,"column":3}},"699":{"start":{"line":3015,"column":3},"end":{"line":3015,"column":61}},"700":{"start":{"line":3017,"column":2},"end":{"line":3017,"column":15}},"701":{"start":{"line":3018,"column":2},"end":{"line":3020,"column":3}},"702":{"start":{"line":3019,"column":3},"end":{"line":3019,"column":15}},"703":{"start":{"line":3039,"column":2},"end":{"line":3041,"column":3}},"704":{"start":{"line":3040,"column":3},"end":{"line":3040,"column":11}},"705":{"start":{"line":3044,"column":2},"end":{"line":3052,"column":3}},"706":{"start":{"line":3045,"column":3},"end":{"line":3045,"column":58}},"707":{"start":{"line":3046,"column":3},"end":{"line":3046,"column":34}},"708":{"start":{"line":3047,"column":9},"end":{"line":3052,"column":3}},"709":{"start":{"line":3048,"column":3},"end":{"line":3048,"column":58}},"710":{"start":{"line":3049,"column":3},"end":{"line":3049,"column":34}},"711":{"start":{"line":3051,"column":3},"end":{"line":3051,"column":59}},"712":{"start":{"line":3057,"column":15},"end":{"line":3057,"column":59}},"713":{"start":{"line":3058,"column":15},"end":{"line":3058,"column":59}},"714":{"start":{"line":3059,"column":14},"end":{"line":3059,"column":16}},"715":{"start":{"line":3060,"column":2},"end":{"line":3060,"column":45}},"716":{"start":{"line":3060,"column":24},"end":{"line":3060,"column":43}},"717":{"start":{"line":3061,"column":2},"end":{"line":3061,"column":45}},"718":{"start":{"line":3061,"column":24},"end":{"line":3061,"column":43}},"719":{"start":{"line":3062,"column":2},"end":{"line":3062,"column":14}},"720":{"start":{"line":3069,"column":2},"end":{"line":3069,"column":44}},"721":{"start":{"line":3076,"column":2},"end":{"line":3076,"column":27}},"722":{"start":{"line":3084,"column":2},"end":{"line":3084,"column":22}},"723":{"start":{"line":3092,"column":2},"end":{"line":3092,"column":20}},"724":{"start":{"line":3107,"column":10},"end":{"line":3107,"column":13}},"725":{"start":{"line":3108,"column":2},"end":{"line":3110,"column":3}},"726":{"start":{"line":3109,"column":3},"end":{"line":3109,"column":57}},"727":{"start":{"line":3111,"column":2},"end":{"line":3111,"column":10}},"728":{"start":{"line":3120,"column":2},"end":{"line":3120,"column":18}},"729":{"start":{"line":3135,"column":16},"end":{"line":3135,"column":19}},"730":{"start":{"line":3137,"column":2},"end":{"line":3169,"column":3}},"731":{"start":{"line":3140,"column":3},"end":{"line":3140,"column":44}},"732":{"start":{"line":3144,"column":17},"end":{"line":3144,"column":43}},"733":{"start":{"line":3145,"column":14},"end":{"line":3145,"column":39}},"734":{"start":{"line":3146,"column":17},"end":{"line":3146,"column":44}},"735":{"start":{"line":3148,"column":20},"end":{"line":3148,"column":44}},"736":{"start":{"line":3149,"column":20},"end":{"line":3149,"column":44}},"737":{"start":{"line":3154,"column":3},"end":{"line":3168,"column":4}},"738":{"start":{"line":3155,"column":13},"end":{"line":3155,"column":17}},"739":{"start":{"line":3156,"column":4},"end":{"line":3160,"column":5}},"740":{"start":{"line":3157,"column":5},"end":{"line":3159,"column":6}},"741":{"start":{"line":3158,"column":6},"end":{"line":3158,"column":17}},"742":{"start":{"line":3158,"column":18},"end":{"line":3158,"column":23}},"743":{"start":{"line":3161,"column":4},"end":{"line":3167,"column":5}},"744":{"start":{"line":3162,"column":25},"end":{"line":3162,"column":72}},"745":{"start":{"line":3164,"column":5},"end":{"line":3166,"column":6}},"746":{"start":{"line":3165,"column":6},"end":{"line":3165,"column":38}},"747":{"start":{"line":3170,"column":2},"end":{"line":3170,"column":14}},"748":{"start":{"line":3174,"column":2},"end":{"line":3174,"column":24}},"749":{"start":{"line":3175,"column":2},"end":{"line":3177,"column":3}},"750":{"start":{"line":3176,"column":3},"end":{"line":3176,"column":7}},"751":{"start":{"line":3185,"column":2},"end":{"line":3185,"column":30}},"752":{"start":{"line":3185,"column":19},"end":{"line":3185,"column":30}},"753":{"start":{"line":3186,"column":2},"end":{"line":3186,"column":58}},"754":{"start":{"line":3199,"column":16},"end":{"line":3199,"column":34}},"755":{"start":{"line":3200,"column":2},"end":{"line":3202,"column":3}},"756":{"start":{"line":3201,"column":3},"end":{"line":3201,"column":9}},"757":{"start":{"line":3203,"column":2},"end":{"line":3215,"column":3}},"758":{"start":{"line":3206,"column":3},"end":{"line":3206,"column":29}},"759":{"start":{"line":3210,"column":3},"end":{"line":3214,"column":4}},"760":{"start":{"line":3211,"column":4},"end":{"line":3211,"column":34}},"761":{"start":{"line":3212,"column":4},"end":{"line":3212,"column":27}},"762":{"start":{"line":3213,"column":4},"end":{"line":3213,"column":20}},"763":{"start":{"line":3217,"column":2},"end":{"line":3217,"column":25}},"764":{"start":{"line":3218,"column":2},"end":{"line":3220,"column":3}},"765":{"start":{"line":3219,"column":3},"end":{"line":3219,"column":25}},"766":{"start":{"line":3221,"column":2},"end":{"line":3221,"column":40}},"767":{"start":{"line":3223,"column":2},"end":{"line":3225,"column":3}},"768":{"start":{"line":3224,"column":3},"end":{"line":3224,"column":20}},"769":{"start":{"line":3229,"column":2},"end":{"line":3229,"column":25}},"770":{"start":{"line":3239,"column":2},"end":{"line":3239,"column":29}},"771":{"start":{"line":3239,"column":23},"end":{"line":3239,"column":29}},"772":{"start":{"line":3240,"column":13},"end":{"line":3240,"column":34}},"773":{"start":{"line":3241,"column":20},"end":{"line":3241,"column":43}},"774":{"start":{"line":3242,"column":2},"end":{"line":3242,"column":26}},"775":{"start":{"line":3243,"column":2},"end":{"line":3258,"column":3}},"776":{"start":{"line":3244,"column":14},"end":{"line":3244,"column":33}},"777":{"start":{"line":3245,"column":3},"end":{"line":3247,"column":4}},"778":{"start":{"line":3246,"column":4},"end":{"line":3246,"column":27}},"779":{"start":{"line":3248,"column":3},"end":{"line":3252,"column":4}},"780":{"start":{"line":3249,"column":4},"end":{"line":3251,"column":5}},"781":{"start":{"line":3250,"column":5},"end":{"line":3250,"column":36}},"782":{"start":{"line":3253,"column":3},"end":{"line":3257,"column":4}},"783":{"start":{"line":3254,"column":4},"end":{"line":3256,"column":5}},"784":{"start":{"line":3255,"column":5},"end":{"line":3255,"column":36}},"785":{"start":{"line":3260,"column":2},"end":{"line":3262,"column":3}},"786":{"start":{"line":3261,"column":3},"end":{"line":3261,"column":33}},"787":{"start":{"line":3263,"column":2},"end":{"line":3265,"column":3}},"788":{"start":{"line":3264,"column":3},"end":{"line":3264,"column":33}},"789":{"start":{"line":3275,"column":2},"end":{"line":3278,"column":3}},"790":{"start":{"line":3277,"column":3},"end":{"line":3277,"column":48}},"791":{"start":{"line":3280,"column":2},"end":{"line":3286,"column":50}},"792":{"start":{"line":3281,"column":3},"end":{"line":3281,"column":31}},"793":{"start":{"line":3282,"column":3},"end":{"line":3285,"column":4}},"794":{"start":{"line":3283,"column":4},"end":{"line":3283,"column":26}},"795":{"start":{"line":3284,"column":4},"end":{"line":3284,"column":14}},"796":{"start":{"line":3287,"column":2},"end":{"line":3287,"column":29}},"797":{"start":{"line":3288,"column":2},"end":{"line":3288,"column":34}},"798":{"start":{"line":3289,"column":2},"end":{"line":3289,"column":14}},"799":{"start":{"line":3335,"column":16},"end":{"line":3335,"column":48}},"800":{"start":{"line":3336,"column":2},"end":{"line":3338,"column":3}},"801":{"start":{"line":3336,"column":15},"end":{"line":3336,"column":16}},"802":{"start":{"line":3337,"column":3},"end":{"line":3337,"column":42}},"803":{"start":{"line":3339,"column":2},"end":{"line":3339,"column":42}},"804":{"start":{"line":3343,"column":2},"end":{"line":3343,"column":25}},"805":{"start":{"line":3346,"column":2},"end":{"line":3346,"column":19}},"806":{"start":{"line":3351,"column":2},"end":{"line":3351,"column":25}},"807":{"start":{"line":3367,"column":18},"end":{"line":3367,"column":35}},"808":{"start":{"line":3368,"column":10},"end":{"line":3368,"column":22}},"809":{"start":{"line":3368,"column":28},"end":{"line":3368,"column":40}},"810":{"start":{"line":3368,"column":46},"end":{"line":3368,"column":58}},"811":{"start":{"line":3368,"column":64},"end":{"line":3368,"column":76}},"812":{"start":{"line":3369,"column":7},"end":{"line":3369,"column":19}},"813":{"start":{"line":3369,"column":25},"end":{"line":3369,"column":37}},"814":{"start":{"line":3372,"column":13},"end":{"line":3372,"column":34}},"815":{"start":{"line":3373,"column":13},"end":{"line":3373,"column":34}},"816":{"start":{"line":3374,"column":13},"end":{"line":3374,"column":34}},"817":{"start":{"line":3375,"column":13},"end":{"line":3375,"column":34}},"818":{"start":{"line":3378,"column":14},"end":{"line":3378,"column":37}},"819":{"start":{"line":3379,"column":14},"end":{"line":3379,"column":37}},"820":{"start":{"line":3381,"column":2},"end":{"line":3381,"column":32}},"821":{"start":{"line":3396,"column":18},"end":{"line":3396,"column":35}},"822":{"start":{"line":3397,"column":10},"end":{"line":3397,"column":22}},"823":{"start":{"line":3397,"column":28},"end":{"line":3397,"column":40}},"824":{"start":{"line":3397,"column":46},"end":{"line":3397,"column":58}},"825":{"start":{"line":3397,"column":64},"end":{"line":3397,"column":76}},"826":{"start":{"line":3398,"column":7},"end":{"line":3398,"column":19}},"827":{"start":{"line":3398,"column":25},"end":{"line":3398,"column":37}},"828":{"start":{"line":3401,"column":13},"end":{"line":3401,"column":34}},"829":{"start":{"line":3402,"column":13},"end":{"line":3402,"column":30}},"830":{"start":{"line":3403,"column":13},"end":{"line":3403,"column":30}},"831":{"start":{"line":3404,"column":13},"end":{"line":3404,"column":26}},"832":{"start":{"line":3407,"column":2},"end":{"line":3407,"column":58}},"833":{"start":{"line":3408,"column":2},"end":{"line":3408,"column":58}},"834":{"start":{"line":3409,"column":2},"end":{"line":3409,"column":58}},"835":{"start":{"line":3410,"column":2},"end":{"line":3410,"column":58}},"836":{"start":{"line":3419,"column":10},"end":{"line":3419,"column":33}},"837":{"start":{"line":3420,"column":10},"end":{"line":3420,"column":13}},"838":{"start":{"line":3422,"column":10},"end":{"line":3422,"column":33}},"839":{"start":{"line":3423,"column":10},"end":{"line":3423,"column":13}},"840":{"start":{"line":3426,"column":10},"end":{"line":3426,"column":42}},"841":{"start":{"line":3427,"column":10},"end":{"line":3427,"column":42}},"842":{"start":{"line":3430,"column":2},"end":{"line":3437,"column":3}},"843":{"start":{"line":3431,"column":3},"end":{"line":3436,"column":4}},"844":{"start":{"line":3432,"column":4},"end":{"line":3432,"column":10}},"845":{"start":{"line":3434,"column":4},"end":{"line":3434,"column":29}},"846":{"start":{"line":3435,"column":4},"end":{"line":3435,"column":12}},"847":{"start":{"line":3439,"column":2},"end":{"line":3447,"column":3}},"848":{"start":{"line":3440,"column":3},"end":{"line":3445,"column":4}},"849":{"start":{"line":3441,"column":4},"end":{"line":3441,"column":10}},"850":{"start":{"line":3443,"column":4},"end":{"line":3443,"column":29}},"851":{"start":{"line":3444,"column":4},"end":{"line":3444,"column":12}},"852":{"start":{"line":3449,"column":2},"end":{"line":3449,"column":22}},"853":{"start":{"line":3478,"column":2},"end":{"line":3478,"column":25}},"854":{"start":{"line":3487,"column":2},"end":{"line":3487,"column":13}},"855":{"start":{"line":3495,"column":2},"end":{"line":3495,"column":62}},"856":{"start":{"line":3529,"column":19},"end":{"line":3529,"column":22}},"857":{"start":{"line":3533,"column":2},"end":{"line":3539,"column":3}},"858":{"start":{"line":3534,"column":3},"end":{"line":3538,"column":4}},"859":{"start":{"line":3535,"column":4},"end":{"line":3535,"column":24}},"860":{"start":{"line":3537,"column":4},"end":{"line":3537,"column":28}},"861":{"start":{"line":3540,"column":2},"end":{"line":3540,"column":19}},"862":{"start":{"line":3568,"column":2},"end":{"line":3568,"column":16}},"863":{"start":{"line":3575,"column":2},"end":{"line":3575,"column":26}},"864":{"start":{"line":3580,"column":2},"end":{"line":3580,"column":40}},"865":{"start":{"line":3581,"column":2},"end":{"line":3583,"column":3}},"866":{"start":{"line":3582,"column":3},"end":{"line":3582,"column":42}},"867":{"start":{"line":3587,"column":2},"end":{"line":3587,"column":21}},"868":{"start":{"line":3591,"column":2},"end":{"line":3591,"column":21}},"869":{"start":{"line":3598,"column":16},"end":{"line":3598,"column":57}},"870":{"start":{"line":3599,"column":2},"end":{"line":3599,"column":99}},"871":{"start":{"line":3600,"column":2},"end":{"line":3600,"column":50}},"872":{"start":{"line":3601,"column":2},"end":{"line":3601,"column":70}},"873":{"start":{"line":3604,"column":2},"end":{"line":3604,"column":87}},"874":{"start":{"line":3605,"column":2},"end":{"line":3611,"column":3}},"875":{"start":{"line":3606,"column":3},"end":{"line":3610,"column":4}},"876":{"start":{"line":3607,"column":4},"end":{"line":3609,"column":5}},"877":{"start":{"line":3608,"column":5},"end":{"line":3608,"column":70}},"878":{"start":{"line":3612,"column":2},"end":{"line":3612,"column":53}},"879":{"start":{"line":3613,"column":14},"end":{"line":3613,"column":44}},"880":{"start":{"line":3615,"column":2},"end":{"line":3619,"column":3}},"881":{"start":{"line":3616,"column":3},"end":{"line":3616,"column":84}},"882":{"start":{"line":3617,"column":9},"end":{"line":3619,"column":3}},"883":{"start":{"line":3618,"column":3},"end":{"line":3618,"column":84}},"884":{"start":{"line":3621,"column":2},"end":{"line":3638,"column":3}},"885":{"start":{"line":3622,"column":3},"end":{"line":3624,"column":4}},"886":{"start":{"line":3623,"column":4},"end":{"line":3623,"column":85}},"887":{"start":{"line":3627,"column":3},"end":{"line":3637,"column":4}},"888":{"start":{"line":3628,"column":23},"end":{"line":3628,"column":27}},"889":{"start":{"line":3629,"column":4},"end":{"line":3633,"column":5}},"890":{"start":{"line":3630,"column":5},"end":{"line":3630,"column":26}},"891":{"start":{"line":3631,"column":11},"end":{"line":3633,"column":5}},"892":{"start":{"line":3632,"column":5},"end":{"line":3632,"column":26}},"893":{"start":{"line":3634,"column":4},"end":{"line":3636,"column":5}},"894":{"start":{"line":3635,"column":5},"end":{"line":3635,"column":138}},"895":{"start":{"line":3647,"column":2},"end":{"line":3647,"column":52}},"896":{"start":{"line":3650,"column":2},"end":{"line":3650,"column":21}},"897":{"start":{"line":3651,"column":2},"end":{"line":3656,"column":3}},"898":{"start":{"line":3651,"column":20},"end":{"line":3651,"column":21}},"899":{"start":{"line":3652,"column":3},"end":{"line":3652,"column":26}},"900":{"start":{"line":3653,"column":3},"end":{"line":3655,"column":4}},"901":{"start":{"line":3654,"column":4},"end":{"line":3654,"column":55}},"902":{"start":{"line":3657,"column":2},"end":{"line":3657,"column":20}},"903":{"start":{"line":3677,"column":2},"end":{"line":3679,"column":3}},"904":{"start":{"line":3678,"column":3},"end":{"line":3678,"column":30}},"905":{"start":{"line":3681,"column":15},"end":{"line":3681,"column":16}},"906":{"start":{"line":3682,"column":17},"end":{"line":3682,"column":18}},"907":{"start":{"line":3682,"column":31},"end":{"line":3682,"column":32}},"908":{"start":{"line":3684,"column":2},"end":{"line":3691,"column":3}},"909":{"start":{"line":3684,"column":20},"end":{"line":3684,"column":21}},"910":{"start":{"line":3685,"column":3},"end":{"line":3687,"column":4}},"911":{"start":{"line":3686,"column":4},"end":{"line":3686,"column":22}},"912":{"start":{"line":3688,"column":3},"end":{"line":3690,"column":4}},"913":{"start":{"line":3689,"column":4},"end":{"line":3689,"column":22}},"914":{"start":{"line":3696,"column":2},"end":{"line":3705,"column":3}},"915":{"start":{"line":3697,"column":3},"end":{"line":3697,"column":52}},"916":{"start":{"line":3698,"column":3},"end":{"line":3698,"column":72}},"917":{"start":{"line":3703,"column":3},"end":{"line":3703,"column":52}},"918":{"start":{"line":3704,"column":3},"end":{"line":3704,"column":72}},"919":{"start":{"line":3706,"column":2},"end":{"line":3708,"column":3}},"920":{"start":{"line":3707,"column":3},"end":{"line":3707,"column":11}},"921":{"start":{"line":3712,"column":2},"end":{"line":3712,"column":87}},"922":{"start":{"line":3713,"column":2},"end":{"line":3713,"column":15}},"923":{"start":{"line":3765,"column":2},"end":{"line":3786,"column":3}},"924":{"start":{"line":3770,"column":3},"end":{"line":3770,"column":14}},"925":{"start":{"line":3775,"column":3},"end":{"line":3775,"column":27}},"926":{"start":{"line":3781,"column":3},"end":{"line":3781,"column":28}},"927":{"start":{"line":3782,"column":9},"end":{"line":3786,"column":3}},"928":{"start":{"line":3784,"column":3},"end":{"line":3784,"column":17}},"929":{"start":{"line":3785,"column":3},"end":{"line":3785,"column":28}},"930":{"start":{"line":3790,"column":2},"end":{"line":3790,"column":45}},"931":{"start":{"line":3794,"column":2},"end":{"line":3794,"column":51}},"932":{"start":{"line":3798,"column":2},"end":{"line":3798,"column":28}},"933":{"start":{"line":3801,"column":2},"end":{"line":3801,"column":29}},"934":{"start":{"line":3803,"column":2},"end":{"line":3805,"column":3}},"935":{"start":{"line":3804,"column":3},"end":{"line":3804,"column":32}},"936":{"start":{"line":3806,"column":2},"end":{"line":3808,"column":3}},"937":{"start":{"line":3807,"column":3},"end":{"line":3807,"column":33}},"938":{"start":{"line":3810,"column":2},"end":{"line":3824,"column":3}},"939":{"start":{"line":3812,"column":3},"end":{"line":3812,"column":46}},"940":{"start":{"line":3813,"column":3},"end":{"line":3813,"column":40}},"941":{"start":{"line":3814,"column":3},"end":{"line":3814,"column":42}},"942":{"start":{"line":3815,"column":24},"end":{"line":3815,"column":75}},"943":{"start":{"line":3816,"column":3},"end":{"line":3816,"column":41}},"944":{"start":{"line":3818,"column":26},"end":{"line":3818,"column":43}},"945":{"start":{"line":3820,"column":3},"end":{"line":3821,"column":28}},"946":{"start":{"line":3823,"column":3},"end":{"line":3823,"column":27}},"947":{"start":{"line":3827,"column":2},"end":{"line":3827,"column":38}},"948":{"start":{"line":3828,"column":2},"end":{"line":3828,"column":26}},"949":{"start":{"line":3829,"column":2},"end":{"line":3829,"column":26}},"950":{"start":{"line":3837,"column":2},"end":{"line":3837,"column":24}},"951":{"start":{"line":3846,"column":2},"end":{"line":3846,"column":76}},"952":{"start":{"line":3852,"column":13},"end":{"line":3852,"column":33}},"953":{"start":{"line":3853,"column":14},"end":{"line":3853,"column":52}},"954":{"start":{"line":3854,"column":2},"end":{"line":3861,"column":3}},"955":{"start":{"line":3854,"column":15},"end":{"line":3854,"column":16}},"956":{"start":{"line":3855,"column":3},"end":{"line":3860,"column":4}},"957":{"start":{"line":3855,"column":16},"end":{"line":3855,"column":17}},"958":{"start":{"line":3856,"column":4},"end":{"line":3856,"column":34}},"959":{"start":{"line":3857,"column":4},"end":{"line":3857,"column":38}},"960":{"start":{"line":3858,"column":4},"end":{"line":3858,"column":38}},"961":{"start":{"line":3859,"column":4},"end":{"line":3859,"column":37}},"962":{"start":{"line":3867,"column":13},"end":{"line":3867,"column":33}},"963":{"start":{"line":3868,"column":14},"end":{"line":3868,"column":32}},"964":{"start":{"line":3869,"column":2},"end":{"line":3869,"column":28}},"965":{"start":{"line":3870,"column":2},"end":{"line":3870,"column":32}},"966":{"start":{"line":3871,"column":2},"end":{"line":3871,"column":32}},"967":{"start":{"line":3872,"column":2},"end":{"line":3872,"column":25}},"968":{"start":{"line":3879,"column":2},"end":{"line":3879,"column":93}},"969":{"start":{"line":3881,"column":2},"end":{"line":3881,"column":33}},"970":{"start":{"line":3887,"column":2},"end":{"line":3887,"column":47}},"971":{"start":{"line":3893,"column":2},"end":{"line":3893,"column":60}},"972":{"start":{"line":3900,"column":2},"end":{"line":3902,"column":3}},"973":{"start":{"line":3900,"column":15},"end":{"line":3900,"column":29}},"974":{"start":{"line":3901,"column":3},"end":{"line":3901,"column":36}},"975":{"start":{"line":3908,"column":2},"end":{"line":3910,"column":3}},"976":{"start":{"line":3908,"column":15},"end":{"line":3908,"column":29}},"977":{"start":{"line":3909,"column":3},"end":{"line":3909,"column":40}},"978":{"start":{"line":3915,"column":2},"end":{"line":3917,"column":3}},"979":{"start":{"line":3915,"column":15},"end":{"line":3915,"column":29}},"980":{"start":{"line":3916,"column":3},"end":{"line":3916,"column":40}},"981":{"start":{"line":3922,"column":2},"end":{"line":3924,"column":3}},"982":{"start":{"line":3922,"column":15},"end":{"line":3922,"column":29}},"983":{"start":{"line":3923,"column":3},"end":{"line":3923,"column":36}},"984":{"start":{"line":3931,"column":2},"end":{"line":3931,"column":29}},"985":{"start":{"line":3933,"column":2},"end":{"line":3933,"column":47}},"986":{"start":{"line":3935,"column":2},"end":{"line":3935,"column":47}},"987":{"start":{"line":3937,"column":2},"end":{"line":3937,"column":47}},"988":{"start":{"line":3947,"column":2},"end":{"line":3947,"column":24}},"989":{"start":{"line":3948,"column":2},"end":{"line":3948,"column":29}},"990":{"start":{"line":3949,"column":2},"end":{"line":3949,"column":58}},"991":{"start":{"line":3961,"column":2},"end":{"line":3961,"column":17}},"992":{"start":{"line":3966,"column":2},"end":{"line":3970,"column":3}},"993":{"start":{"line":3966,"column":17},"end":{"line":3966,"column":18}},"994":{"start":{"line":3967,"column":3},"end":{"line":3969,"column":4}},"995":{"start":{"line":3968,"column":4},"end":{"line":3968,"column":37}},"996":{"start":{"line":3971,"column":2},"end":{"line":3971,"column":10}},"997":{"start":{"line":3984,"column":2},"end":{"line":3986,"column":3}},"998":{"start":{"line":3985,"column":3},"end":{"line":3985,"column":18}},"999":{"start":{"line":3987,"column":2},"end":{"line":3987,"column":16}},"1000":{"start":{"line":3988,"column":15},"end":{"line":3988,"column":16}},"1001":{"start":{"line":3989,"column":2},"end":{"line":3996,"column":3}},"1002":{"start":{"line":3989,"column":15},"end":{"line":3989,"column":16}},"1003":{"start":{"line":3990,"column":3},"end":{"line":3995,"column":4}},"1004":{"start":{"line":3990,"column":16},"end":{"line":3990,"column":17}},"1005":{"start":{"line":3991,"column":12},"end":{"line":3991,"column":39}},"1006":{"start":{"line":3992,"column":4},"end":{"line":3994,"column":5}},"1007":{"start":{"line":3993,"column":5},"end":{"line":3993,"column":16}},"1008":{"start":{"line":3997,"column":2},"end":{"line":3997,"column":22}},"1009":{"start":{"line":4000,"column":2},"end":{"line":4008,"column":3}},"1010":{"start":{"line":4000,"column":15},"end":{"line":4000,"column":16}},"1011":{"start":{"line":4001,"column":3},"end":{"line":4007,"column":4}},"1012":{"start":{"line":4001,"column":16},"end":{"line":4001,"column":17}},"1013":{"start":{"line":4003,"column":17},"end":{"line":4003,"column":53}},"1014":{"start":{"line":4006,"column":4},"end":{"line":4006,"column":28}},"1015":{"start":{"line":4009,"column":2},"end":{"line":4009,"column":22}},"1016":{"start":{"line":4010,"column":2},"end":{"line":4010,"column":27}},"1017":{"start":{"line":4023,"column":2},"end":{"line":4025,"column":3}},"1018":{"start":{"line":4024,"column":3},"end":{"line":4024,"column":18}},"1019":{"start":{"line":4026,"column":2},"end":{"line":4026,"column":16}},"1020":{"start":{"line":4027,"column":15},"end":{"line":4027,"column":16}},"1021":{"start":{"line":4028,"column":15},"end":{"line":4028,"column":28}},"1022":{"start":{"line":4029,"column":2},"end":{"line":4039,"column":3}},"1023":{"start":{"line":4029,"column":15},"end":{"line":4029,"column":16}},"1024":{"start":{"line":4030,"column":3},"end":{"line":4038,"column":4}},"1025":{"start":{"line":4030,"column":16},"end":{"line":4030,"column":17}},"1026":{"start":{"line":4031,"column":12},"end":{"line":4031,"column":39}},"1027":{"start":{"line":4032,"column":4},"end":{"line":4034,"column":5}},"1028":{"start":{"line":4033,"column":5},"end":{"line":4033,"column":16}},"1029":{"start":{"line":4035,"column":4},"end":{"line":4037,"column":5}},"1030":{"start":{"line":4036,"column":5},"end":{"line":4036,"column":16}},"1031":{"start":{"line":4042,"column":2},"end":{"line":4042,"column":22}},"1032":{"start":{"line":4047,"column":13},"end":{"line":4047,"column":35}},"1033":{"start":{"line":4048,"column":2},"end":{"line":4079,"column":3}},"1034":{"start":{"line":4048,"column":15},"end":{"line":4048,"column":21}},"1035":{"start":{"line":4050,"column":3},"end":{"line":4077,"column":4}},"1036":{"start":{"line":4050,"column":16},"end":{"line":4050,"column":17}},"1037":{"start":{"line":4051,"column":4},"end":{"line":4076,"column":5}},"1038":{"start":{"line":4051,"column":17},"end":{"line":4051,"column":18}},"1039":{"start":{"line":4053,"column":20},"end":{"line":4053,"column":53}},"1040":{"start":{"line":4054,"column":5},"end":{"line":4072,"column":6}},"1041":{"start":{"line":4055,"column":18},"end":{"line":4055,"column":23}},"1042":{"start":{"line":4055,"column":33},"end":{"line":4055,"column":38}},"1043":{"start":{"line":4056,"column":6},"end":{"line":4071,"column":7}},"1044":{"start":{"line":4058,"column":18},"end":{"line":4058,"column":60}},"1045":{"start":{"line":4059,"column":7},"end":{"line":4061,"column":8}},"1046":{"start":{"line":4060,"column":8},"end":{"line":4060,"column":21}},"1047":{"start":{"line":4062,"column":7},"end":{"line":4064,"column":8}},"1048":{"start":{"line":4063,"column":8},"end":{"line":4063,"column":21}},"1049":{"start":{"line":4065,"column":7},"end":{"line":4070,"column":8}},"1050":{"start":{"line":4067,"column":20},"end":{"line":4067,"column":58}},"1051":{"start":{"line":4068,"column":8},"end":{"line":4068,"column":34}},"1052":{"start":{"line":4069,"column":8},"end":{"line":4069,"column":13}},"1053":{"start":{"line":4085,"column":2},"end":{"line":4085,"column":22}},"1054":{"start":{"line":4104,"column":16},"end":{"line":4104,"column":37}},"1055":{"start":{"line":4104,"column":45},"end":{"line":4104,"column":51}},"1056":{"start":{"line":4105,"column":24},"end":{"line":4109,"column":3}},"1057":{"start":{"line":4106,"column":3},"end":{"line":4108,"column":4}},"1058":{"start":{"line":4107,"column":4},"end":{"line":4107,"column":12}},"1059":{"start":{"line":4110,"column":2},"end":{"line":4117,"column":3}},"1060":{"start":{"line":4112,"column":3},"end":{"line":4116,"column":5}},"1061":{"start":{"line":4113,"column":4},"end":{"line":4115,"column":5}},"1062":{"start":{"line":4114,"column":5},"end":{"line":4114,"column":13}},"1063":{"start":{"line":4121,"column":2},"end":{"line":4121,"column":24}},"1064":{"start":{"line":4123,"column":2},"end":{"line":4123,"column":18}},"1065":{"start":{"line":4124,"column":2},"end":{"line":4124,"column":22}},"1066":{"start":{"line":4126,"column":2},"end":{"line":4159,"column":3}},"1067":{"start":{"line":4129,"column":3},"end":{"line":4133,"column":4}},"1068":{"start":{"line":4130,"column":4},"end":{"line":4130,"column":36}},"1069":{"start":{"line":4132,"column":4},"end":{"line":4132,"column":17}},"1070":{"start":{"line":4135,"column":11},"end":{"line":4135,"column":15}},"1071":{"start":{"line":4136,"column":3},"end":{"line":4157,"column":4}},"1072":{"start":{"line":4137,"column":4},"end":{"line":4137,"column":30}},"1073":{"start":{"line":4139,"column":4},"end":{"line":4139,"column":36}},"1074":{"start":{"line":4140,"column":4},"end":{"line":4140,"column":38}},"1075":{"start":{"line":4141,"column":4},"end":{"line":4141,"column":38}},"1076":{"start":{"line":4142,"column":4},"end":{"line":4142,"column":38}},"1077":{"start":{"line":4143,"column":4},"end":{"line":4143,"column":38}},"1078":{"start":{"line":4145,"column":4},"end":{"line":4147,"column":5}},"1079":{"start":{"line":4146,"column":5},"end":{"line":4146,"column":27}},"1080":{"start":{"line":4148,"column":4},"end":{"line":4150,"column":5}},"1081":{"start":{"line":4149,"column":5},"end":{"line":4149,"column":27}},"1082":{"start":{"line":4151,"column":4},"end":{"line":4153,"column":5}},"1083":{"start":{"line":4152,"column":5},"end":{"line":4152,"column":27}},"1084":{"start":{"line":4154,"column":4},"end":{"line":4156,"column":5}},"1085":{"start":{"line":4155,"column":5},"end":{"line":4155,"column":27}},"1086":{"start":{"line":4160,"column":2},"end":{"line":4160,"column":22}},"1087":{"start":{"line":4181,"column":2},"end":{"line":4183,"column":3}},"1088":{"start":{"line":4182,"column":3},"end":{"line":4182,"column":76}},"1089":{"start":{"line":4184,"column":2},"end":{"line":4190,"column":3}},"1090":{"start":{"line":4185,"column":3},"end":{"line":4189,"column":4}},"1091":{"start":{"line":4186,"column":4},"end":{"line":4188,"column":5}},"1092":{"start":{"line":4187,"column":5},"end":{"line":4187,"column":11}},"1093":{"start":{"line":4187,"column":12},"end":{"line":4187,"column":17}},"1094":{"start":{"line":4191,"column":2},"end":{"line":4193,"column":3}},"1095":{"start":{"line":4192,"column":3},"end":{"line":4192,"column":48}},"1096":{"start":{"line":4194,"column":2},"end":{"line":4206,"column":3}},"1097":{"start":{"line":4195,"column":3},"end":{"line":4205,"column":5}},"1098":{"start":{"line":4196,"column":12},"end":{"line":4196,"column":19}},"1099":{"start":{"line":4197,"column":4},"end":{"line":4203,"column":5}},"1100":{"start":{"line":4198,"column":5},"end":{"line":4198,"column":16}},"1101":{"start":{"line
[...]
":0,"2454":0,"2455":0,"2456":0,"2457":0,"2458":0,"2459":0,"2460":0,"2461":0,"2462":0,"2463":0,"2464":0,"2465":0,"2466":0,"2467":0,"2468":0,"2469":0,"2470":0,"2471":0,"2472":0,"2473":0,"2474":0,"2475":0,"2476":0,"2477":0,"2478":0,"2479":0,"2480":0,"2481":0,"2482":0,"2483":0,"2484":0,"2485":0,"2486":0,"2487":0,"2488":0,"2489":0,"2490":0,"2491":0,"2492":0,"2493":0,"2494":0,"2495":0,"2496":0,"2497":0,"2498":0,"2499":0,"2500":0,"2501":0,"2502":0,"2503":0,"2504":0,"2505":0,"2506":0,"2507":0,"2508":0,"2509":0,"2510":0,"2511":0,"2512":0,"2513":0,"2514":0,"2515":0,"2516":0,"2517":0,"2518":0,"2519":0,"2520":0,"2521":0,"2522":0,"2523":0,"2524":0,"2525":0,"2526":0,"2527":0,"2528":0,"2529":0,"2530":0,"2531":0,"2532":0,"2533":0,"2534":0,"2535":0,"2536":0,"2537":0,"2538":0,"2539":0,"2540":0,"2541":0,"2542":0,"2543":0,"2544":0,"2545":0,"2546":0,"2547":0,"2548":0,"2549":0,"2550":0,"2551":0,"2552":0,"2553":0,"2554":0,"2555":0,"2556":0,"2557":0,"2558":0,"2559":0,"2560":0,"2561":0,"2562":0,"2563":0,"2564":0,"2565":0,"2566":0,"2567":0,"2568":0,"2569":0,"2570":0,"2571":0,"2572":0,"2573":0,"2574":0,"2575":0,"2576":0,"2577":0,"2578":0,"2579":0,"2580":0,"2581":0,"2582":0,"2583":0,"2584":0,"2585":0,"2586":0,"2587":0,"2588":0,"2589":0,"2590":0,"2591":0,"2592":0,"2593":0,"2594":0,"2595":0,"2596":0,"2597":0,"2598":0,"2599":0,"2600":0,"2601":0,"2602":0,"2603":0,"2604":0,"2605":0,"2606":0,"2607":0,"2608":0,"2609":0,"2610":0,"2611":0,"2612":0,"2613":0,"2614":0,"2615":0,"2616":0,"2617":0,"2618":0,"2619":0,"2620":0,"2621":0,"2622":0,"2623":0,"2624":0,"2625":0,"2626":0,"2627":0,"2628":0,"2629":0,"2630":0,"2631":0,"2632":0,"2633":0,"2634":0,"2635":0,"2636":0,"2637":0,"2638":0,"2639":0,"2640":0,"2641":0,"2642":0,"2643":0,"2644":0,"2645":0,"2646":0,"2647":0,"2648":0,"2649":0,"2650":0,"2651":0,"2652":0,"2653":0,"2654":0,"2655":0,"2656":0,"2657":0,"2658":0,"2659":0,"2660":0,"2661":0,"2662":0,"2663":0,"2664":0,"2665":0,"2666":0,"2667":0,"2668":0,"2669":0,"2670":0,"2671":0,"2672":0,"2673":0,"2674":0,"2675":0,"2676":0,"2677":0,"2678":0,"2679":0,"2680":0,"2681":0,"2682":0,"2683":0,"2684":0,"2685":0,"2686":0,"2687":0,"2688":0,"2689":0,"2690":0,"2691":0,"2692":0,"2693":0,"2694":0,"2695":0,"2696":0,"2697":0,"2698":0,"2699":0,"2700":0,"2701":0,"2702":0,"2703":0,"2704":0,"2705":0,"2706":0,"2707":0,"2708":0,"2709":0,"2710":0,"2711":0,"2712":0,"2713":0,"2714":0,"2715":0,"2716":0,"2717":0,"2718":0,"2719":0,"2720":0,"2721":0,"2722":0,"2723":0,"2724":0,"2725":0,"2726":0,"2727":0,"2728":0,"2729":0,"2730":0,"2731":0,"2732":0,"2733":0,"2734":0,"2735":0,"2736":0,"2737":0,"2738":0,"2739":0,"2740":0,"2741":0,"2742":0,"2743":0,"2744":0,"2745":0,"2746":0,"2747":0,"2748":0,"2749":0,"2750":0,"2751":0,"2752":0,"2753":0,"2754":0,"2755":0,"2756":0,"2757":0,"2758":0,"2759":0,"2760":0,"2761":0,"2762":0,"2763":0,"2764":0,"2765":0,"2766":0,"2767":0,"2768":0,"2769":0,"2770":0,"2771":0,"2772":0,"2773":0,"2774":0,"2775":0,"2776":0,"2777":0,"2778":0,"2779":0,"2780":0,"2781":0,"2782":0,"2783":0,"2784":0,"2785":0,"2786":0,"2787":0,"2788":0,"2789":0,"2790":0,"2791":0,"2792":0,"2793":0,"2794":0,"2795":0,"2796":0,"2797":0,"2798":0,"2799":0,"2800":0,"2801":0,"2802":0,"2803":0,"2804":0,"2805":0,"2806":0,"2807":0,"2808":0,"2809":0,"2810":0,"2811":0,"2812":0,"2813":0,"2814":0,"2815":0,"2816":0,"2817":0,"2818":0,"2819":0,"2820":0,"2821":0,"2822":0,"2823":0,"2824":0,"2825":0,"2826":0,"2827":0,"2828":0,"2829":0,"2830":0,"2831":0,"2832":0,"2833":0,"2834":0,"2835":0,"2836":0,"2837":0,"2838":0,"2839":0,"2840":0,"2841":0,"2842":0,"2843":0,"2844":0,"2845":0,"2846":0,"2847":0,"2848":0,"2849":0,"2850":0,"2851":0,"2852":0,"2853":0,"2854":0,"2855":0,"2856":0,"2857":0,"2858":0,"2859":0,"2860":0,"2861":0,"2862":0,"2863":0,"2864":0,"2865":0,"2866":0,"2867":0,"2868":0,"2869":0,"2870":0,"2871":0,"2872":0,"2873":0,"2874":0,"2875":0,"2876":0,"2877":0,"2878":0,"2879":0,"2880":0,"2881":0,"2882":0,"2883":0,"2884":0,"2885":0,"2886":0,"2887":0,"2888":0,"2889":0,"2890":0,"2891":0,"2892":0,"2893":0,"2894":0,"2895":0,"2896":0,"2897":0,"2898":0,"2899":0,"2900":0,"2901":0,"2902":0,"2903":0,"2904":0,"2905":0,"2906":0,"2907":0,"2908":0,"2909":0,"2910":0,"2911":0,"2912":0,"2913":0,"2914":0,"2915":0,"2916":0,"2917":0,"2918":0,"2919":0,"2920":0,"2921":0,"2922":0,"2923":0,"2924":0,"2925":0,"2926":0,"2927":0,"2928":0,"2929":0,"2930":0,"2931":0,"2932":0,"2933":0,"2934":0,"2935":0,"2936":0,"2937":0,"2938":0,"2939":0,"2940":0,"2941":0,"2942":0,"2943":0,"2944":0,"2945":0,"2946":0,"2947":0,"2948":0,"2949":0,"2950":0,"2951":0,"2952":0,"2953":0,"2954":0,"2955":0,"2956":0,"2957":0,"2958":0,"2959":0,"2960":0,"2961":0,"2962":0,"2963":0,"2964":0,"2965":0,"2966":0,"2967":0,"2968":0,"2969":0,"2970":0,"2971":0,"2972":0,"2973":0,"2974":0,"2975":0,"2976":0,"2977":0,"2978":0,"2979":0,"2980":0,"2981":0,"2982":0,"2983":0,"2984":0,"2985":0,"2986":0,"2987":0,"2988":0,"2989":0,"2990":0,"2991":0,"2992":0,"2993":0,"2994":0,"2995":0,"2996":0,"2997":0,"2998":0,"2999":0,"3000":0,"3001":0,"3002":0,"3003":0,"3004":0,"3005":0,"3006":0,"3007":0,"3008":0,"3009":0,"3010":0,"3011":0,"3012":0,"3013":0,"3014":0,"3015":0,"3016":0,"3017":0,"3018":0,"3019":0,"3020":0,"3021":0,"3022":0,"3023":0,"3024":0,"3025":0,"3026":0,"3027":0,"3028":0,"3029":0,"3030":0,"3031":0,"3032":0,"3033":0,"3034":0,"3035":0,"3036":0,"3037":0,"3038":0,"3039":0,"3040":0,"3041":0,"3042":0,"3043":0,"3044":0,"3045":0,"3046":0,"3047":0,"3048":0,"3049":0,"3050":0,"3051":0,"3052":0,"3053":0,"3054":0,"3055":0,"3056":0,"3057":0,"3058":0,"3059":0,"3060":0,"3061":0,"3062":0,"3063":0,"3064":0,"3065":0,"3066":0,"3067":0,"3068":0,"3069":0,"3070":0,"3071":0,"3072":0,"3073":0,"3074":0,"3075":0,"3076":0,"3077":0,"3078":0,"3079":0,"3080":0,"3081":0,"3082":0,"3083":0,"3084":0,"3085":0,"3086":0,"3087":0,"3088":0,"3089":0,"3090":0,"3091":0,"3092":0,"3093":0,"3094":0,"3095":0,"3096":0,"3097":0,"3098":0,"3099":0,"3100":0,"3101":0,"3102":0,"3103":0,"3104":0,"3105":0,"3106":0,"3107":0,"3108":0,"3109":0,"3110":0,"3111":0,"3112":0,"3113":0,"3114":0,"3115":0,"3116":0,"3117":0,"3118":0,"3119":0,"3120":0,"3121":0,"3122":0,"3123":0,"3124":0,"3125":0,"3126":0,"3127":0,"3128":0,"3129":0,"3130":0,"3131":0,"3132":0,"3133":0,"3134":0,"3135":0,"3136":0,"3137":0,"3138":0,"3139":0,"3140":0,"3141":0,"3142":0,"3143":0,"3144":0,"3145":0,"3146":0,"3147":0,"3148":0,"3149":0,"3150":0,"3151":0,"3152":0,"3153":0,"3154":0,"3155":0,"3156":0,"3157":0,"3158":0,"3159":0,"3160":0,"3161":0,"3162":0,"3163":0,"3164":0,"3165":0,"3166":0,"3167":0,"3168":0,"3169":0,"3170":0,"3171":0,"3172":0,"3173":0,"3174":0,"3175":0,"3176":0,"3177":0,"3178":0,"3179":0,"3180":0,"3181":0,"3182":0,"3183":0,"3184":0,"3185":0,"3186":0,"3187":0,"3188":0,"3189":0,"3190":0,"3191":0,"3192":0,"3193":0,"3194":0,"3195":0,"3196":0,"3197":0,"3198":0,"3199":0,"3200":0,"3201":0,"3202":0,"3203":0,"3204":0,"3205":0,"3206":0,"3207":0,"3208":0,"3209":0,"3210":0,"3211":0,"3212":0,"3213":0,"3214":0,"3215":0,"3216":0,"3217":0,"3218":0,"3219":0,"3220":0,"3221":0,"3222":0,"3223":0,"3224":0,"3225":0,"3226":0,"3227":0,"3228":0,"3229":0,"3230":0,"3231":0,"3232":0,"3233":0,"3234":0,"3235":0,"3236":0,"3237":0,"3238":0,"3239":0,"3240":0,"3241":0,"3242":1,"3243":1,"3244":1,"3245":1,"3246":1,"3247":1,"3248":1,"3249":1,"3250":1,"3251":1,"3252":1,"3253":1,"3254":1,"3255":1,"3256":1,"3257":1,"3258":1,"3259":1,"3260":1,"3261":1,"3262":1,"3263":1,"3264":1,"3265":1,"3266":1,"3267":1,"3268":1,"3269":1,"3270":1,"3271":1,"3272":1,"3273":1,"3274":1,"3275":1,"3276":1,"3277":1,"3278":1,"3279":1,"3280":1,"3281":1,"3282":1,"3283":1,"3284":1,"3285":1,"3286":1},"f":{"0":1,"1":1,"2":2,"3":8786537,"4":0,"5":1,"6":0,"7":0,"8":0,"9":0,"10":0,"11":0,"12":20280,"13":0,"14":20280,"15":0,"16":8316257,"17":0,"18":0,"19":0,"20":0,"21":0,"22":0,"23":0,"24":0,"25":0,"26":0,"27":0,"28":1,"29":0,"30":100,"31":0,"32":0,"33":1710105,"34":611,"35":0,"36":0,"37":0,"38":0,"39":0,"40":0,"41":0,"42":0,"43":1,"44":0,"45":200,"46":0,"47":0,"48":0,"49":0,"50":3,"51":994680,"52":794053,"53":200,"54":0,"55":1,"56":19863,"57":19128,"58":0,"59":794049,"60":0,"61":0,"62":0,"63":0,"64":4177248,"65":5,"66":5,"67":0,"68":8,"69":0,"70":5,"71":9,"72":7,"73":1,"74":6,"75":1,"76":8,"77":4,"78":12,"79":0,"80":1,"81":0,"82":0,"83":8,"84":8,"85":1,"86":1,"87":1747952,"88":434944,"89":217472,"90":1,"91":1,"92":217472,"93":869888,"94":1,"95":1,"96":217472,"97":0,"98":434944,"99":928414,"100":20280,"101":1100,"102":1,"103":1,"104":1,"105":0,"106":20280,"107":217472,"108":2,"109":0,"110":0,"111":0,"112":0,"113":1,"114":0,"115":0,"116":0,"117":0,"118":5,"119":0,"120":0,"121":6,"122":446160,"123":5925500,"124":3,"125":217472,"126":1100,"127":1100,"128":217472,"129":20280,"130":0,"131":20280,"132":3,"133":0,"134":0,"135":0,"136":0,"137":2,"138":1,"139":0,"140":100,"141":0,"142":0,"143":0,"144":0,"145":0,"146":0,"147":0,"148":0,"149":0,"150":0,"151":0,"152":0,"153":0,"154":0,"155":0,"156":0,"157":0,"158":0,"159":0,"160":0,"161":0,"162":0,"163":0,"164":0,"165":0,"166":0,"167":0,"168":0,"169":0,"170":0,"171":0,"172":0,"173":0,"174":0,"175":0,"176":0,"177":0,"178":0,"179":0,"180":0,"181":0,"182":0,"183":0,"184":0,"185":0,"186":0,"187":0,"188":0,"189":0,"190":1,"191":1,"192":300,"193":100,"194":0,"195":0,"196":0,"197":0,"198":0,"199":0,"200":0,"201":0,"202":0,"203":0,"204":0,"205":0,"206":1,"207":0,"208":2,"209":1,"210":0,"211":0,"212":2,"213":2,"214":0,"215":0,"216":0,"217":0,"218":0,"219":0,"220":0,"221":0,"222":0,"223":0,"224":0,"225":0,"226":0,"227":0,"228":0,"229":0,"230":0,"231":0,"232":0,"233":0,"234":0,"235":0,"236":0,"237":0,"238":0,"239":0,"240":0,"241":0,"242":0,"243":0,"244":0,"245":0,"246":0,"247":0,"248":0,"249":0,"250":0,"251":0,"252":0,"253":0,"254":0,"255":0,"256":0,"257":0,"258":0,"259":0,"260":0,"261":0,"262":0,"263":0,"264":0,"265":0,"266":0,"267":0,"268":0,"269":0,"270":0,"271":0,"272":0,"273":0,"274":0,"275":0,"276":0,"277":0,"278":0,"279":0,"280":0,"281":1,"282":1,"283":1,"284":297915,"285":1,"286":1,"287":0,"288":1,"289":0,"290":1,"291":0,"292":0,"293":0,"294":100,"295":1000,"296":1000,"297":1000,"298":0,"299":1,"300":0,"301":0,"302":0,"303":0,"304":0,"305":0,"306":0,"307":0,"308":0,"309":0,"310":0,"311":0,"312":0,"313":0,"314":0,"315":0,"316":0,"317":0,"318":0,"319":0,"320":0,"321":0,"322":0,"323":0,"324":0,"325":0,"326":0,"327":0,"328":0,"329":0,"330":0,"331":0,"332":0,"333":0,"334":0,"335":0,"336":0,"337":0,"338":0,"339":0,"340":0,"341":0,"342":0,"343":0,"344":0,"345":0,"346":0,"347":0,"348":0,"349":0,"350":0,"351":0,"352":0,"353":0,"354":0,"355":0,"356":0,"357":0,"358":0,"359":0,"360":0,"361":0,"362":0,"363":0,"364":0,"365":0,"366":0,"367":0,"368":0,"369":0,"370":0,"371":0,"372":0,"373":0,"374":0,"375":0,"376":0,"377":0,"378":0,"379":0,"380":0,"381":0,"382":0,"383":0,"384":0,"385":0,"386":0,"387":0,"388":0,"389":0,"390":0,"391":0,"392":0,"393":0,"394":0,"395":0,"396":0,"397":0,"398":0,"399":0,"400":0,"401":0,"402":0,"403":0,"404":0,"405":0,"406":0,"407":0,"408":0,"409":0,"410":0,"411":0,"412":0,"413":0,"414":0,"415":0},"b":{"0":[0,1],"1":[1,1,0],"2":[1,0],"3":[0,1],"4":[0,1],"5":[8786537,0],"6":[0,2],"7":[2,2],"8":[0,0],"9":[0,0],"10":[0,0],"11":[0,0],"12":[0,0],"13":[0],"14":[0],"15":[20280],"16":[20280,0],"17":[0,20280],"18":[20280,20280],"19":[0,0],"20":[0,0],"21":[0],"22":[0,0],"23":[0,0],"24":[0,0],"25":[0],"26":[1],"27":[0,1],"28":[1,0],"29":[0,0],"30":[150165,299835],"31":[0,0],"32":[0,0],"33":[0,0],"34":[0,0],"35":[0,0],"36":[0],"37":[0,0],"38":[0,0],"39":[0,0],"40":[0,0],"41":[0,0],"42":[0,0],"43":[0,0],"44":[0,0],"45":[1710105],"46":[5117,1704988],"47":[5117,0],"48":[4823,1705282],"49":[4823,0],"50":[89837,1620268],"51":[0,89837],"52":[59755,1650350],"53":[0,59755],"54":[1710105,0],"55":[1710105,1710105],"56":[0,0],"57":[0,0],"58":[0,0],"59":[0,0],"60":[0,0],"61":[0,0],"62":[0,0],"63":[0,0],"64":[0],"65":[0,0],"66":[0,0],"67":[0],"68":[0,0],"69":[0,0],"70":[0,0],"71":[0,0],"72":[0,0],"73":[1,0],"74":[0,1],"75":[0,1],"76":[1,0],"77":[1,0],"78":[0],"79":[0,0],"80":[0,0],"81":[0,0],"82":[0,0],"83":[2,198],"84":[200,0],"85":[0,19863],"86":[0,19128],"87":[53,19075],"88":[0,0],"89":[0,5],"90":[5,0],"91":[0,9],"92":[0,9],"93":[0,7],"94":[1,6],"95":[1,0],"96":[1,0,0],"97":[0,6],"98":[0,6],"99":[0,1],"100":[0,1],"101":[0,1],"102":[0,2],"103":[0,2],"104":[0,2],"105":[1,7],"106":[6,1],"107":[1,0],"108":[0,12],"109":[12,12],"110":[0,0],"111":[0,0,0],"112":[0],"113":[0,1],"114":[1,1],"115":[0,0],"116":[0,0],"117":[0],"118":[1,7],"119":[6,1],"120":[0,1],"121":[1,0],"122":[0,0],"123":[1,7],"124":[0,1],"125":[1,1],"126":[6,1],"127":[0,12],"128":[12,12],"129":[1,0],"130":[0,4],"131":[4,4],"132":[7],"133":[1747952,1731600],"134":[423728,446160],"135":[869888,446160],"136":[0,1],"137":[86757,130715],"138":[0,217472],"139":[217472,217472],"140":[0,0],"141":[0,0],"142":[211864,223080],"143":[437486,291641],"144":[169638,267848],"145":[928414,316235],"146":[16256,340446],"147":[0,1],"148":[0,0],"149":[0,20280],"150":[82511,79726],"151":[81524,80713],"152":[82744,79493],"153":[37984,44760],"154":[43478,39266],"155":[9951,10329],"156":[11451,8829],"157":[3,11448],"158":[0,217472],"159":[0,217472],"160":[217472,130715],"161":[1088907,650869],"162":[659045,1080731],"163":[1080731,659045],"164":[650869,1088907],"165":[86757,130715],"166":[136323,81149],"167":[0,0],"168":[0,0],"169":[4,7],"170":[0,0],"171":[0,0],"172":[0,0],"173":[5,0],"174":[4,1],"175":[4,0],"176":[1,0],"177":[2,3],"178":[1,4],"179":[0,5],"180":[0,0],"181":[0,0],"182":[0,0],"183":[297915,496134],"184":[80443,217472],"185":[217472,80443],"186":[20277,197195],"187":[16845,200627],"188":[0,20280],"189":[9951,10329],"190":[0,9951],"191":[11451,8829],"192":[0,20280],"193":[82511,79726],"194":[80713,81524],"195":[19860,60853],"196":[79726,82511],"197":[19058,60668],"198":[3,20277],"199":[20280,3],"200":[70,20210],"201":[20280,20277],"202":[0,3],"203":[0,3],"204":[0],"205":[0,0],"206":[0,0],"207":[0,0],"208":[0,0],"209":[2,2],"210":[300,149865],"211":[0,0],"212":[0,0],"213":[0,0],"214":[0,0],"215":[0,0],"216":[0,0],"217":[0,0],"218":[0,0],"219":[0,0],"220":[0,0],"221":[0,0],"222":[0,0],"223":[0,0],"224":[0,0],"225":[0,0],"226":[0,0],"227":[0,0],"228":[0,0],"229":[0,0,0],"230":[0,0,0],"231":[0,0],"232":[0,0],"233":[0,0],"234":[0,0],"235":[0,0],"236":[0,0,0],"237":[0],"238":[0,0],"239":[0,0],"240":[0],"241":[0,0],"242":[0,0],"243":[0],"244":[0],"245":[0,0],"246":[0,0],"247":[0,0],"248":[0,0],"249":[0,0],"250":[0,0],"251":[0,0],"252":[0,0],"253":[0,0],"254":[0,0],"255":[0,0],"256":[0,0],"257":[0,0],"258":[0,0],"259":[0,0],"260":[0,0],"261":[0,0],"262":[0,0],"263":[0,0],"264":[0,0],"265":[0,0],"266":[0,0],"267":[0,0],"268":[0,0],"269":[0,0],"270":[0,0,0],"271":[0,0],"272":[0,0],"273":[0,0],"274":[0,0],"275":[0,0],"276":[0,0],"277":[0,0],"278":[0,0],"279":[0,0],"280":[0,0],"281":[0,0],"282":[0,0],"283":[0,0],"284":[0,0],"285":[0,0],"286":[0,0],"287":[0,0],"288":[0,0],"289":[0,0],"290":[0,0],"291":[0,0],"292":[0,0],"293":[0,0],"294":[0,0],"295":[0,0],"296":[0,0],"297":[0,0],"298":[149865,150465],"299":[300330,150165],"300":[10281,139584],"301":[0,139584],"302":[21,579],"303":[0,579],"304":[0,0],"305":[0,0],"306":[0,0],"307":[0,0],"308":[0,0],"309":[0,0],"310":[0,0],"311":[0,0],"312":[0,0],"313":[0,0],"314":[2],"315":[4,2],"316":[0,2],"317":[0],"318":[0,0],"319":[0,0],"320":[0,0],"321":[0,0],"322":[2,0],"323":[0,600],"324":[0,0],"325":[0,0],"326":[0,0],"327":[0,0],"328":[0,0],"329":[0],"330":[0,0],"331":[0,0],"332":[0,0],"333":[0,0],"334":[0,0],"335":[0,0],"336":[0,0],"337":[0,0],"338":[0,0],"339":[0,0],"340":[0,0],"341":[0,0],"342":[0,0],"343":[0,0],"344":[0,0],"345":[0,0],"346":[0,0],"347":[0,0],"348":[0,0],"349":[0,0],"350":[0,0],"351":[0,0],"352":[0,0],"353":[0,0],"354":[0,0],"355":[0,0],"356":[0],"357":[0],"358":[0],"359":[0,0],"360":[0,0],"361":[0,0],"362":[0,0],"363":[0,0],"364":[0,0],"365":[0,0],"366":[0,0],"367":[0,0],"368":[0,0],"369":[0,0],"370":[0,0],"371":[0,0],"372":[0,0],"373":[0,0],"374":[0,0],"375":[0,0],"376":[0,0],"377":[0,0],"378":[0,0],"379":[0,0],"380":[0,0],"381":[0,0],"382":[0,0],"383":[0,0],"384":[0,0],"385":[0,0],"386":[0,0],"387":[0,0],"388":[0,0],"389":[0,0],"390":[0,0],"391":[0,0],"392":[0,0],"393":[0,0],"394":[0,0],"395":[0,0],"396":[0,0],"397":[0,0],"398":[0,0,0],"399":[0,0],"400":[0,0],"401":[0,0],"402":[0,0],"403":[0,0],"404":[0,0],"405":[0,0],"406":[0,0],"407":[0,0],"408":[0,0],"409":[0,0],"410":[0,0],"411":[0,0],"412":[0,0],"413":[0,0],"414":[0,0],"415":[0,0],"416":[0,0],"417":[0,0],"418":[0,0],"419":[0,0],"420":[0,0],"421":[0,0,0],"422":[0,0],"423":[0,0],"424":[0,0],"425":[0,0],"426":[0,0],"427":[0,0],"428":[0,0],"429":[0,0,0],"430":[0,0],"431":[0,0],"432":[0,0],"433":[0,0],"434":[0,0],"435":[0,0],"436":[0,0],"437":[0,0],"438":[0,0],"439":[0,0],"440":[0,0,0],"441":[0,0],"442":[0,0,0],"443":[0,0],"444":[0,0],"445":[0,0],"446":[0,0],"447":[0,0],"448":[0,0],"449":[0,0],"450":[0,0],"451":[0,0],"452":[0,1],"453":[0,600],"454":[0,600],"455":[0,600],"456":[1,1],"457":[1,297914],"458":[80443,217472],"459":[1,0],"460":[1,1],"461":[1,0],"462":[0,1],"463":[1,0],"464":[1,0],"465":[1,1],"466":[1,1],"467":[0,1],"468":[1,0],"469":[0,1],"470":[1,0],"471":[1,0],"472":[1,1],"473":[0,0],"474":[1,0],"475":[0,0],"476":[0,0],"477":[0,0],"478":[0,0],"479":[0,0],"480":[0,0],"481":[0,0],"482":[0,0],"483":[0,0],"484":[0,0],"485":[0,0],"486":[0,0],"487":[0,0],"488":[100,100],"489":[100,0],"490":[1000,0],"491":[1000,1000],"492":[0,1000],"493":[0,1000],"494":[1000,1000],"495":[0,0],"496":[100,900],"497":[1000,1000],"498":[1000,0],"499":[0,0],"500":[0,0],"501":[0],"502":[0,0],"503":[0],"504":[0],"505":[0,0],"506":[0,0],"507":[0],"508":[0],"509":[0,0],"510":[0,0],"511":[0,0,0,0,0],"512":[0,0],"513":[0],"514":[0],"515":[0],"516":[0,0],"517":[0,0],"518":[0],"519":[0,0],"520":[0,0],"521":[0,0],"522":[0,0],"523":[0,0,0,0,0],"524":[0,0],"525":[0,0,0],"526":[0,0,0,0,0,0],"527":[0,0,0],"528":[0,0],"529":[0,0],"530":[0,0],"531":[0,0],"532":[0,0],"533":[0,0],"534":[0,0],"535":[0,0],"536":[0,0,0,0],"537":[0,0],"538":[0,0],"539":[0,0],"540":[0,0],"541":[0,0,0,0],"542":[0,0],"543":[0,0],"544":[0,0],"545":[0,0,0,0,0,0,0,0,0,0,0,0,0,0],"546":[0,0],"547":[0,0,0,0],"548":[0,0],"549":[0,0,0],"550":[0,0,0],"551":[0,0],"552":[0,0],"553":[0,0],"554":[0,0,0],"555":[0,0],"556":[0,0],"557":[0,0],"558":[0,0],"559":[0,0],"560":[0],"561":[0,0],"562":[0,0],"563":[0,0],"564":[0,0],"565":[0,0],"566":[0,0],"567":[0,0],"568":[0,0],"569":[0,0],"570":[0,0],"571":[0,0],"572":[0,0],"573":[0,0,0,0],"574":[0,0],"575":[0,0],"576":[0,0],"577":[0,0],"578":[0,0],"579":[0,0],"580":[0,0],"581":[0,0],"582":[0,0],"583":[0,0],"584":[0,0],"585":[0,0],"586":[0,0],"587":[0,0],"588":[0,0],"589":[0,0],"590":[0,0],"591":[0,0],"592":[0,0],"593":[0,0],"594":[0,0],"595":[0,0],"596":[0,0],"597":[0,0,0],"598":[0,0],"599":[0],"600":[0],"601":[0],"602":[0,0],"603":[0,0],"604":[0,0],"605":[0,0],"606":[0,0],"607":[0,0],"608":[0,0],"609":[0,0],"610":[0,0,0],"611":[0,0],"612":[0,0],"613":[0,0],"614":[0,0],"615":[0,0],"616":[0,0],"617":[0,0],"618":[0,0],"619":[0,0],"620":[0,0],"621":[0,0],"622":[0,0],"623":[0,0],"624":[0,0],"625":[0,0],"626":[0,0],"627":[0,0],"628":[0,0],"629":[0,0],"630":[0,0],"631":[0,0],"632":[0,0],"633":[0,0,0,0,0],"634":[0,0],"635":[0,0],"636":[0,0],"637":[0,0],"638":[0,0],"639":[0],"640":[0],"641":[0],"642":[0],"643":[0],"644":[0],"645":[0,0],"646":[0],"647":[0],"648":[0],"649":[0,0],"650":[0,0],"651":[0,0],"652":[0,0],"653":[0,0],"654":[0,0,0,0,0,0,0,0,0,0,0,0,0],"655":[0,0],"656":[0,0],"657":[0,0],"658":[0,0],"659":[0,0],"660":[0,0],"661":[0,0],"662":[0,0],"663":[0,0],"664":[0,0],"665":[0,0],"666":[0,0],"667":[0,0],"668":[0,0],"669":[0,0],"670":[0,0],"671":[0,0],"672":[0,0],"673":[0,0],"674":[0,0],"675":[0,0],"676":[0,0],"677":[0,0],"678":[0,0],"679":[0,0],"680":[0,0],"681":[0,0],"682":[0,0],"683":[0,0],"684":[0,0,0,0,0],"685":[0,0],"686":[0,0],"687":[0,0],"688":[0,0],"689":[0,0],"690":[0,0],"691":[0,0],"692":[0,0],"693":[0,0],"694":[0,0],"695":[0,0],"696":[0,0],"697":[0,0],"698":[0,0],"699":[0,0],"700":[0,0],"701":[0,0]},"_coverageSchema":"1a1c01bbd47fc00a2c39e90264f33305004495a9","hash":"305f8055a98113b19911da72c228609732f458ba"}
}
