TN:
SF:artistoo/build/artistoo-cjs.js
FN:5,_interopDefault
FN:27,(anonymous_1)
FN:88,(anonymous_2)
FN:97,(anonymous_3)
FN:110,(anonymous_4)
FN:119,(anonymous_5)
FN:142,(anonymous_6)
FN:188,(anonymous_7)
FN:201,(anonymous_8)
FN:217,(anonymous_9)
FN:233,(anonymous_10)
FN:235,(anonymous_11)
FN:253,(anonymous_12)
FN:267,(anonymous_13)
FN:279,(anonymous_14)
FN:291,(anonymous_15)
FN:302,(anonymous_16)
FN:326,(anonymous_17)
FN:348,(anonymous_18)
FN:359,(anonymous_19)
FN:384,(anonymous_20)
FN:396,(anonymous_21)
FN:408,(anonymous_22)
FN:425,(anonymous_23)
FN:441,(anonymous_24)
FN:467,(anonymous_25)
FN:493,(anonymous_26)
FN:506,(anonymous_27)
FN:564,(anonymous_28)
FN:618,(anonymous_29)
FN:646,(anonymous_30)
FN:677,(anonymous_31)
FN:721,(anonymous_32)
FN:778,(anonymous_33)
FN:845,(anonymous_34)
FN:863,(anonymous_35)
FN:874,(anonymous_36)
FN:960,(anonymous_37)
FN:1001,(anonymous_38)
FN:1020,(anonymous_39)
FN:1047,(anonymous_40)
FN:1080,(anonymous_41)
FN:1111,(anonymous_42)
FN:1165,(anonymous_43)
FN:1252,(anonymous_44)
FN:1258,(anonymous_45)
FN:1267,(anonymous_46)
FN:1269,(anonymous_47)
FN:1275,(anonymous_48)
FN:1290,(anonymous_49)
FN:1318,(anonymous_50)
FN:1325,(anonymous_51)
FN:1333,(anonymous_52)
FN:1353,(anonymous_53)
FN:1372,(anonymous_54)
FN:1392,(anonymous_55)
FN:1426,(anonymous_56)
FN:1441,(anonymous_57)
FN:1470,(anonymous_58)
FN:1478,(anonymous_59)
FN:1505,(anonymous_60)
FN:1513,(anonymous_61)
FN:1532,(anonymous_62)
FN:1545,(anonymous_63)
FN:1559,(anonymous_64)
FN:1569,(anonymous_65)
FN:1581,(anonymous_66)
FN:1597,(anonymous_67)
FN:1609,(anonymous_68)
FN:1623,(anonymous_69)
FN:1657,(anonymous_70)
FN:1690,(anonymous_71)
FN:1709,(anonymous_72)
FN:1744,(anonymous_73)
FN:1783,(anonymous_74)
FN:1828,(anonymous_75)
FN:1895,(anonymous_76)
FN:1920,(anonymous_77)
FN:1934,(anonymous_78)
FN:1951,(anonymous_79)
FN:1969,(anonymous_80)
FN:1990,(anonymous_81)
FN:1999,(anonymous_82)
FN:2021,(anonymous_83)
FN:2077,(anonymous_84)
FN:2113,(anonymous_85)
FN:2120,(anonymous_86)
FN:2131,(anonymous_87)
FN:2142,(anonymous_88)
FN:2159,(anonymous_89)
FN:2199,(anonymous_90)
FN:2206,(anonymous_91)
FN:2219,(anonymous_92)
FN:2236,(anonymous_93)
FN:2299,(anonymous_94)
FN:2322,(anonymous_95)
FN:2343,(anonymous_96)
FN:2379,(anonymous_97)
FN:2416,(anonymous_98)
FN:2451,(anonymous_99)
FN:2466,(anonymous_100)
FN:2475,(anonymous_101)
FN:2530,(anonymous_102)
FN:2540,(anonymous_103)
FN:2552,(anonymous_104)
FN:2560,(anonymous_105)
FN:2583,(anonymous_106)
FN:2643,(anonymous_107)
FN:2698,(anonymous_108)
FN:2719,(anonymous_109)
FN:2764,(anonymous_110)
FN:2771,(anonymous_111)
FN:2783,(anonymous_112)
FN:2839,(anonymous_113)
FN:2917,(anonymous_114)
FN:2938,(anonymous_115)
FN:2952,(anonymous_116)
FN:2967,(anonymous_117)
FN:2981,(anonymous_118)
FN:3037,(anonymous_119)
FN:3056,(anonymous_120)
FN:3068,(anonymous_121)
FN:3075,(anonymous_122)
FN:3083,(anonymous_123)
FN:3091,(anonymous_124)
FN:3106,(anonymous_125)
FN:3119,(anonymous_126)
FN:3134,(anonymous_127)
FN:3184,(anonymous_128)
FN:3198,(anonymous_129)
FN:3228,(anonymous_130)
FN:3238,(anonymous_131)
FN:3274,(anonymous_132)
FN:3333,(anonymous_133)
FN:3361,(anonymous_134)
FN:3390,(anonymous_135)
FN:3415,(anonymous_136)
FN:3474,(anonymous_137)
FN:3483,(anonymous_138)
FN:3494,(anonymous_139)
FN:3527,(anonymous_140)
FN:3567,(anonymous_141)
FN:3597,(anonymous_142)
FN:3645,(anonymous_143)
FN:3675,(anonymous_144)
FN:3764,(anonymous_145)
FN:3836,(anonymous_146)
FN:3845,(anonymous_147)
FN:3851,(anonymous_148)
FN:3866,(anonymous_149)
FN:3877,(anonymous_150)
FN:3886,(anonymous_151)
FN:3892,(anonymous_152)
FN:3899,(anonymous_153)
FN:3907,(anonymous_154)
FN:3914,(anonymous_155)
FN:3921,(anonymous_156)
FN:3930,(anonymous_157)
FN:3946,(anonymous_158)
FN:3960,(anonymous_159)
FN:3965,(anonymous_160)
FN:3983,(anonymous_161)
FN:4022,(anonymous_162)
FN:4102,(anonymous_163)
FN:4105,(anonymous_164)
FN:4112,(anonymous_165)
FN:4180,(anonymous_166)
FN:4195,(anonymous_167)
FN:4254,(anonymous_168)
FN:4258,(anonymous_169)
FN:4301,(anonymous_170)
FN:4368,(anonymous_171)
FN:4409,(anonymous_172)
FN:4427,(anonymous_173)
FN:4483,(anonymous_174)
FN:4492,(anonymous_175)
FN:4512,(anonymous_176)
FN:4528,(anonymous_177)
FN:4535,(anonymous_178)
FN:4542,(anonymous_179)
FN:4560,(anonymous_180)
FN:4583,(anonymous_181)
FN:4596,(anonymous_182)
FN:4606,(anonymous_183)
FN:4615,(anonymous_184)
FN:4625,(anonymous_185)
FN:4636,(anonymous_186)
FN:4654,(anonymous_187)
FN:4694,(anonymous_188)
FN:4710,(anonymous_189)
FN:4758,(anonymous_190)
FN:4774,(anonymous_191)
FN:4788,(anonymous_192)
FN:4844,(anonymous_193)
FN:4886,(anonymous_194)
FN:4917,(anonymous_195)
FN:4927,(anonymous_196)
FN:4962,(anonymous_197)
FN:5007,(anonymous_198)
FN:5026,(anonymous_199)
FN:5060,(anonymous_200)
FN:5103,(anonymous_201)
FN:5111,(anonymous_202)
FN:5144,(anonymous_203)
FN:5181,(anonymous_204)
FN:5207,(anonymous_205)
FN:5244,(anonymous_206)
FN:5252,(anonymous_207)
FN:5298,(anonymous_208)
FN:5336,(anonymous_209)
FN:5375,(anonymous_210)
FN:5384,(anonymous_211)
FN:5425,(anonymous_212)
FN:5469,(anonymous_213)
FN:5499,(anonymous_214)
FN:5565,(anonymous_215)
FN:5623,(anonymous_216)
FN:5633,(anonymous_217)
FN:5664,(anonymous_218)
FN:5767,(anonymous_219)
FN:5849,(anonymous_220)
FN:5864,(anonymous_221)
FN:5880,(anonymous_222)
FN:5896,(anonymous_223)
FN:5923,(anonymous_224)
FN:5939,(anonymous_225)
FN:5949,(anonymous_226)
FN:5961,(anonymous_227)
FN:5971,(anonymous_228)
FN:6025,(anonymous_229)
FN:6067,(anonymous_230)
FN:6074,(anonymous_231)
FN:6102,(anonymous_232)
FN:6163,(anonymous_233)
FN:6170,(anonymous_234)
FN:6179,(anonymous_235)
FN:6196,(anonymous_236)
FN:6221,(anonymous_237)
FN:6238,(anonymous_238)
FN:6288,(anonymous_239)
FN:6295,(anonymous_240)
FN:6321,(anonymous_241)
FN:6401,(anonymous_242)
FN:6411,(anonymous_243)
FN:6423,(anonymous_244)
FN:6432,(anonymous_245)
FN:6492,(anonymous_246)
FN:6510,(anonymous_247)
FN:6515,(anonymous_248)
FN:6549,(anonymous_249)
FN:6561,(anonymous_250)
FN:6587,(anonymous_251)
FN:6625,(anonymous_252)
FN:6649,(anonymous_253)
FN:6661,(anonymous_254)
FN:6673,(anonymous_255)
FN:6682,(anonymous_256)
FN:6742,(anonymous_257)
FN:6757,(anonymous_258)
FN:6762,(anonymous_259)
FN:6796,(anonymous_260)
FN:6809,(anonymous_261)
FN:6845,(anonymous_262)
FN:6869,(anonymous_263)
FN:6933,(anonymous_264)
FN:6959,(anonymous_265)
FN:6968,(anonymous_266)
FN:6980,(anonymous_267)
FN:6985,(anonymous_268)
FN:7020,(anonymous_269)
FN:7060,(anonymous_270)
FN:7084,(anonymous_271)
FN:7095,(anonymous_272)
FN:7106,(anonymous_273)
FN:7132,(anonymous_274)
FN:7137,(anonymous_275)
FN:7191,(anonymous_276)
FN:7226,(anonymous_277)
FN:7261,(anonymous_278)
FN:7268,(anonymous_279)
FN:7281,(anonymous_280)
FN:7344,(anonymous_281)
FN:7362,(anonymous_282)
FN:7393,(anonymous_283)
FN:7414,(anonymous_284)
FN:7477,(anonymous_285)
FN:7590,(anonymous_286)
FN:7598,(anonymous_287)
FN:7609,(anonymous_288)
FN:7623,(anonymous_289)
FN:7653,(anonymous_290)
FN:7670,(anonymous_291)
FN:7727,(anonymous_292)
FN:7737,(anonymous_293)
FN:7750,(anonymous_294)
FN:7781,(anonymous_295)
FN:7788,(anonymous_296)
FN:7812,(anonymous_297)
FN:7822,(anonymous_298)
FN:7829,(anonymous_299)
FN:7848,(anonymous_300)
FN:7910,(anonymous_301)
FN:7920,(anonymous_302)
FN:7927,(anonymous_303)
FN:7935,(anonymous_304)
FN:7946,(anonymous_305)
FN:7962,(anonymous_306)
FN:7978,(anonymous_307)
FN:8007,(anonymous_308)
FN:8016,(anonymous_309)
FN:8020,(anonymous_310)
FN:8024,(anonymous_311)
FN:8030,(anonymous_312)
FN:8043,(anonymous_313)
FN:8048,(anonymous_314)
FN:8052,(anonymous_315)
FN:8056,(anonymous_316)
FN:8060,(anonymous_317)
FN:8064,(anonymous_318)
FN:8068,(anonymous_319)
FN:8072,(anonymous_320)
FN:8080,(anonymous_321)
FN:8092,(anonymous_322)
FN:8103,(anonymous_323)
FN:8114,(anonymous_324)
FN:8116,(anonymous_325)
FN:8121,(anonymous_326)
FN:8130,(anonymous_327)
FN:8131,(anonymous_328)
FN:8143,(anonymous_329)
FN:8167,(anonymous_330)
FN:8198,(anonymous_331)
FN:8217,(anonymous_332)
FN:8309,(anonymous_333)
FN:8369,(anonymous_334)
FN:8497,(anonymous_335)
FN:8578,(anonymous_336)
FN:8589,(anonymous_337)
FN:8646,(anonymous_338)
FN:8679,(anonymous_339)
FN:8733,(anonymous_340)
FN:8789,(anonymous_341)
FN:8851,(anonymous_342)
FN:8880,(anonymous_343)
FN:8916,(anonymous_344)
FN:8959,(anonymous_345)
FN:8979,(anonymous_346)
FN:9024,(anonymous_347)
FN:9045,(anonymous_348)
FN:9057,(anonymous_349)
FN:9101,(anonymous_350)
FN:9143,(anonymous_351)
FN:9190,(anonymous_352)
FN:9208,(anonymous_353)
FN:9212,(anonymous_354)
FN:9285,(anonymous_355)
FN:9291,(anonymous_356)
FN:9306,(anonymous_357)
FN:9334,(anonymous_358)
FN:9342,(anonymous_359)
FN:9352,(anonymous_360)
FN:9372,(anonymous_361)
FN:9381,(anonymous_362)
FN:9390,(anonymous_363)
FN:9396,(anonymous_364)
FN:9423,(anonymous_365)
FN:9439,(anonymous_366)
FN:9444,(anonymous_367)
FN:9453,(anonymous_368)
FN:9560,(anonymous_369)
FN:9569,(anonymous_370)
FN:9689,(anonymous_371)
FN:9706,(anonymous_372)
FN:9719,(anonymous_373)
FN:9761,(anonymous_374)
FN:9776,(anonymous_375)
FN:9786,(anonymous_376)
FN:9799,(anonymous_377)
FN:9802,(anonymous_378)
FN:9810,(anonymous_379)
FN:9819,(anonymous_380)
FN:9824,(anonymous_381)
FN:9828,(anonymous_382)
FN:9839,(anonymous_383)
FN:9843,(anonymous_384)
FN:9849,(anonymous_385)
FN:9858,(anonymous_386)
FN:9866,(anonymous_387)
FN:9870,(anonymous_388)
FN:9916,(anonymous_389)
FN:9933,(anonymous_390)
FN:9951,(anonymous_391)
FN:9974,(anonymous_392)
FN:10041,(anonymous_393)
FN:10048,(anonymous_394)
FN:10074,(anonymous_395)
FN:10093,(anonymous_396)
FN:10112,(anonymous_397)
FN:10148,(anonymous_398)
FN:10196,(anonymous_399)
FN:10214,(anonymous_400)
FN:10240,(anonymous_401)
FN:10261,(anonymous_402)
FN:10343,(anonymous_403)
FN:10386,(anonymous_404)
FN:10431,(anonymous_405)
FN:10464,(anonymous_406)
FN:10498,(anonymous_407)
FN:10507,(anonymous_408)
FN:10533,(anonymous_409)
FN:10553,(anonymous_410)
FN:10579,(anonymous_411)
FN:10650,(anonymous_412)
FN:10660,(anonymous_413)
FN:10674,(anonymous_414)
FN:10703,(anonymous_415)
FNF:416
FNH:77
FNDA:1,_interopDefault
FNDA:1,(anonymous_1)
FNDA:2,(anonymous_2)
FNDA:8374953,(anonymous_3)
FNDA:0,(anonymous_4)
FNDA:426,(anonymous_5)
FNDA:0,(anonymous_6)
FNDA:0,(anonymous_7)
FNDA:0,(anonymous_8)
FNDA:0,(anonymous_9)
FNDA:0,(anonymous_10)
FNDA:0,(anonymous_11)
FNDA:85140,(anonymous_12)
FNDA:0,(anonymous_13)
FNDA:85140,(anonymous_14)
FNDA:0,(anonymous_15)
FNDA:8289813,(anonymous_16)
FNDA:0,(anonymous_17)
FNDA:0,(anonymous_18)
FNDA:0,(anonymous_19)
FNDA:0,(anonymous_20)
FNDA:0,(anonymous_21)
FNDA:0,(anonymous_22)
FNDA:0,(anonymous_23)
FNDA:0,(anonymous_24)
FNDA:0,(anonymous_25)
FNDA:0,(anonymous_26)
FNDA:0,(anonymous_27)
FNDA:1,(anonymous_28)
FNDA:0,(anonymous_29)
FNDA:0,(anonymous_30)
FNDA:0,(anonymous_31)
FNDA:0,(anonymous_32)
FNDA:1523787,(anonymous_33)
FNDA:428,(anonymous_34)
FNDA:0,(anonymous_35)
FNDA:0,(anonymous_36)
FNDA:0,(anonymous_37)
FNDA:0,(anonymous_38)
FNDA:0,(anonymous_39)
FNDA:0,(anonymous_40)
FNDA:0,(anonymous_41)
FNDA:0,(anonymous_42)
FNDA:1,(anonymous_43)
FNDA:0,(anonymous_44)
FNDA:0,(anonymous_45)
FNDA:0,(anonymous_46)
FNDA:0,(anonymous_47)
FNDA:0,(anonymous_48)
FNDA:0,(anonymous_49)
FNDA:426,(anonymous_50)
FNDA:809895,(anonymous_51)
FNDA:658878,(anonymous_52)
FNDA:0,(anonymous_53)
FNDA:0,(anonymous_54)
FNDA:1,(anonymous_55)
FNDA:75840,(anonymous_56)
FNDA:51927,(anonymous_57)
FNDA:0,(anonymous_58)
FNDA:658878,(anonymous_59)
FNDA:0,(anonymous_60)
FNDA:0,(anonymous_61)
FNDA:0,(anonymous_62)
FNDA:0,(anonymous_63)
FNDA:4929826,(anonymous_64)
FNDA:5,(anonymous_65)
FNDA:5,(anonymous_66)
FNDA:0,(anonymous_67)
FNDA:10,(anonymous_68)
FNDA:0,(anonymous_69)
FNDA:5,(anonymous_70)
FNDA:10,(anonymous_71)
FNDA:8,(anonymous_72)
FNDA:1,(anonymous_73)
FNDA:7,(anonymous_74)
FNDA:1,(anonymous_75)
FNDA:9,(anonymous_76)
FNDA:25,(anonymous_77)
FNDA:35,(anonymous_78)
FNDA:0,(anonymous_79)
FNDA:1,(anonymous_80)
FNDA:0,(anonymous_81)
FNDA:1,(anonymous_82)
FNDA:9,(anonymous_83)
FNDA:9,(anonymous_84)
FNDA:1,(anonymous_85)
FNDA:1,(anonymous_86)
FNDA:1968415,(anonymous_87)
FNDA:463086,(anonymous_88)
FNDA:231543,(anonymous_89)
FNDA:1,(anonymous_90)
FNDA:1,(anonymous_91)
FNDA:231543,(anonymous_92)
FNDA:926172,(anonymous_93)
FNDA:1,(anonymous_94)
FNDA:1,(anonymous_95)
FNDA:231543,(anonymous_96)
FNDA:0,(anonymous_97)
FNDA:0,(anonymous_98)
FNDA:0,(anonymous_99)
FNDA:85140,(anonymous_100)
FNDA:25,(anonymous_101)
FNDA:1,(anonymous_102)
FNDA:1,(anonymous_103)
FNDA:1,(anonymous_104)
FNDA:0,(anonymous_105)
FNDA:85140,(anonymous_106)
FNDA:231543,(anonymous_107)
FNDA:0,(anonymous_108)
FNDA:0,(anonymous_109)
FNDA:0,(anonymous_110)
FNDA:0,(anonymous_111)
FNDA:0,(anonymous_112)
FNDA:1,(anonymous_113)
FNDA:0,(anonymous_114)
FNDA:0,(anonymous_115)
FNDA:0,(anonymous_116)
FNDA:0,(anonymous_117)
FNDA:5,(anonymous_118)
FNDA:0,(anonymous_119)
FNDA:0,(anonymous_120)
FNDA:0,(anonymous_121)
FNDA:682618,(anonymous_122)
FNDA:6898241,(anonymous_123)
FNDA:426,(anonymous_124)
FNDA:231543,(anonymous_125)
FNDA:25,(anonymous_126)
FNDA:25,(anonymous_127)
FNDA:231543,(anonymous_128)
FNDA:85140,(anonymous_129)
FNDA:0,(anonymous_130)
FNDA:85140,(anonymous_131)
FNDA:426,(anonymous_132)
FNDA:0,(anonymous_133)
FNDA:0,(anonymous_134)
FNDA:0,(anonymous_135)
FNDA:0,(anonymous_136)
FNDA:0,(anonymous_137)
FNDA:0,(anonymous_138)
FNDA:0,(anonymous_139)
FNDA:0,(anonymous_140)
FNDA:0,(anonymous_141)
FNDA:0,(anonymous_142)
FNDA:0,(anonymous_143)
FNDA:0,(anonymous_144)
FNDA:0,(anonymous_145)
FNDA:0,(anonymous_146)
FNDA:0,(anonymous_147)
FNDA:0,(anonymous_148)
FNDA:0,(anonymous_149)
FNDA:0,(anonymous_150)
FNDA:0,(anonymous_151)
FNDA:0,(anonymous_152)
FNDA:0,(anonymous_153)
FNDA:0,(anonymous_154)
FNDA:0,(anonymous_155)
FNDA:0,(anonymous_156)
FNDA:0,(anonymous_157)
FNDA:0,(anonymous_158)
FNDA:0,(anonymous_159)
FNDA:0,(anonymous_160)
FNDA:0,(anonymous_161)
FNDA:0,(anonymous_162)
FNDA:0,(anonymous_163)
FNDA:0,(anonymous_164)
FNDA:0,(anonymous_165)
FNDA:0,(anonymous_166)
FNDA:0,(anonymous_167)
FNDA:0,(anonymous_168)
FNDA:0,(anonymous_169)
FNDA:0,(anonymous_170)
FNDA:0,(anonymous_171)
FNDA:0,(anonymous_172)
FNDA:0,(anonymous_173)
FNDA:0,(anonymous_174)
FNDA:0,(anonymous_175)
FNDA:0,(anonymous_176)
FNDA:0,(anonymous_177)
FNDA:0,(anonymous_178)
FNDA:0,(anonymous_179)
FNDA:0,(anonymous_180)
FNDA:0,(anonymous_181)
FNDA:0,(anonymous_182)
FNDA:0,(anonymous_183)
FNDA:0,(anonymous_184)
FNDA:0,(anonymous_185)
FNDA:0,(anonymous_186)
FNDA:0,(anonymous_187)
FNDA:0,(anonymous_188)
FNDA:0,(anonymous_189)
FNDA:0,(anonymous_190)
FNDA:0,(anonymous_191)
FNDA:0,(anonymous_192)
FNDA:0,(anonymous_193)
FNDA:0,(anonymous_194)
FNDA:0,(anonymous_195)
FNDA:0,(anonymous_196)
FNDA:0,(anonymous_197)
FNDA:0,(anonymous_198)
FNDA:0,(anonymous_199)
FNDA:0,(anonymous_200)
FNDA:0,(anonymous_201)
FNDA:0,(anonymous_202)
FNDA:0,(anonymous_203)
FNDA:0,(anonymous_204)
FNDA:0,(anonymous_205)
FNDA:1,(anonymous_206)
FNDA:0,(anonymous_207)
FNDA:0,(anonymous_208)
FNDA:426,(anonymous_209)
FNDA:0,(anonymous_210)
FNDA:0,(anonymous_211)
FNDA:0,(anonymous_212)
FNDA:0,(anonymous_213)
FNDA:0,(anonymous_214)
FNDA:0,(anonymous_215)
FNDA:0,(anonymous_216)
FNDA:0,(anonymous_217)
FNDA:0,(anonymous_218)
FNDA:0,(anonymous_219)
FNDA:0,(anonymous_220)
FNDA:0,(anonymous_221)
FNDA:0,(anonymous_222)
FNDA:0,(anonymous_223)
FNDA:0,(anonymous_224)
FNDA:0,(anonymous_225)
FNDA:0,(anonymous_226)
FNDA:0,(anonymous_227)
FNDA:0,(anonymous_228)
FNDA:0,(anonymous_229)
FNDA:0,(anonymous_230)
FNDA:0,(anonymous_231)
FNDA:0,(anonymous_232)
FNDA:0,(anonymous_233)
FNDA:0,(anonymous_234)
FNDA:0,(anonymous_235)
FNDA:0,(anonymous_236)
FNDA:0,(anonymous_237)
FNDA:0,(anonymous_238)
FNDA:1,(anonymous_239)
FNDA:1,(anonymous_240)
FNDA:0,(anonymous_241)
FNDA:0,(anonymous_242)
FNDA:0,(anonymous_243)
FNDA:0,(anonymous_244)
FNDA:0,(anonymous_245)
FNDA:0,(anonymous_246)
FNDA:0,(anonymous_247)
FNDA:0,(anonymous_248)
FNDA:0,(anonymous_249)
FNDA:0,(anonymous_250)
FNDA:0,(anonymous_251)
FNDA:0,(anonymous_252)
FNDA:0,(anonymous_253)
FNDA:0,(anonymous_254)
FNDA:0,(anonymous_255)
FNDA:0,(anonymous_256)
FNDA:0,(anonymous_257)
FNDA:0,(anonymous_258)
FNDA:0,(anonymous_259)
FNDA:0,(anonymous_260)
FNDA:0,(anonymous_261)
FNDA:0,(anonymous_262)
FNDA:0,(anonymous_263)
FNDA:0,(anonymous_264)
FNDA:0,(anonymous_265)
FNDA:0,(anonymous_266)
FNDA:0,(anonymous_267)
FNDA:0,(anonymous_268)
FNDA:0,(anonymous_269)
FNDA:0,(anonymous_270)
FNDA:0,(anonymous_271)
FNDA:0,(anonymous_272)
FNDA:0,(anonymous_273)
FNDA:0,(anonymous_274)
FNDA:0,(anonymous_275)
FNDA:0,(anonymous_276)
FNDA:0,(anonymous_277)
FNDA:0,(anonymous_278)
FNDA:0,(anonymous_279)
FNDA:0,(anonymous_280)
FNDA:0,(anonymous_281)
FNDA:0,(anonymous_282)
FNDA:0,(anonymous_283)
FNDA:0,(anonymous_284)
FNDA:1,(anonymous_285)
FNDA:1,(anonymous_286)
FNDA:0,(anonymous_287)
FNDA:1,(anonymous_288)
FNDA:0,(anonymous_289)
FNDA:1,(anonymous_290)
FNDA:0,(anonymous_291)
FNDA:0,(anonymous_292)
FNDA:0,(anonymous_293)
FNDA:0,(anonymous_294)
FNDA:0,(anonymous_295)
FNDA:0,(anonymous_296)
FNDA:1000,(anonymous_297)
FNDA:2,(anonymous_298)
FNDA:0,(anonymous_299)
FNDA:0,(anonymous_300)
FNDA:0,(anonymous_301)
FNDA:0,(anonymous_302)
FNDA:0,(anonymous_303)
FNDA:0,(anonymous_304)
FNDA:0,(anonymous_305)
FNDA:0,(anonymous_306)
FNDA:0,(anonymous_307)
FNDA:0,(anonymous_308)
FNDA:0,(anonymous_309)
FNDA:0,(anonymous_310)
FNDA:0,(anonymous_311)
FNDA:0,(anonymous_312)
FNDA:0,(anonymous_313)
FNDA:0,(anonymous_314)
FNDA:0,(anonymous_315)
FNDA:0,(anonymous_316)
FNDA:0,(anonymous_317)
FNDA:0,(anonymous_318)
FNDA:0,(anonymous_319)
FNDA:0,(anonymous_320)
FNDA:0,(anonymous_321)
FNDA:0,(anonymous_322)
FNDA:0,(anonymous_323)
FNDA:0,(anonymous_324)
FNDA:0,(anonymous_325)
FNDA:0,(anonymous_326)
FNDA:0,(anonymous_327)
FNDA:0,(anonymous_328)
FNDA:0,(anonymous_329)
FNDA:0,(anonymous_330)
FNDA:0,(anonymous_331)
FNDA:0,(anonymous_332)
FNDA:0,(anonymous_333)
FNDA:0,(anonymous_334)
FNDA:0,(anonymous_335)
FNDA:0,(anonymous_336)
FNDA:0,(anonymous_337)
FNDA:0,(anonymous_338)
FNDA:0,(anonymous_339)
FNDA:0,(anonymous_340)
FNDA:0,(anonymous_341)
FNDA:0,(anonymous_342)
FNDA:0,(anonymous_343)
FNDA:0,(anonymous_344)
FNDA:0,(anonymous_345)
FNDA:0,(anonymous_346)
FNDA:0,(anonymous_347)
FNDA:0,(anonymous_348)
FNDA:0,(anonymous_349)
FNDA:0,(anonymous_350)
FNDA:0,(anonymous_351)
FNDA:0,(anonymous_352)
FNDA:0,(anonymous_353)
FNDA:0,(anonymous_354)
FNDA:0,(anonymous_355)
FNDA:0,(anonymous_356)
FNDA:0,(anonymous_357)
FNDA:0,(anonymous_358)
FNDA:0,(anonymous_359)
FNDA:0,(anonymous_360)
FNDA:0,(anonymous_361)
FNDA:0,(anonymous_362)
FNDA:0,(anonymous_363)
FNDA:0,(anonymous_364)
FNDA:0,(anonymous_365)
FNDA:0,(anonymous_366)
FNDA:0,(anonymous_367)
FNDA:0,(anonymous_368)
FNDA:0,(anonymous_369)
FNDA:0,(anonymous_370)
FNDA:0,(anonymous_371)
FNDA:0,(anonymous_372)
FNDA:0,(anonymous_373)
FNDA:0,(anonymous_374)
FNDA:0,(anonymous_375)
FNDA:0,(anonymous_376)
FNDA:0,(anonymous_377)
FNDA:0,(anonymous_378)
FNDA:0,(anonymous_379)
FNDA:0,(anonymous_380)
FNDA:0,(anonymous_381)
FNDA:0,(anonymous_382)
FNDA:0,(anonymous_383)
FNDA:0,(anonymous_384)
FNDA:0,(anonymous_385)
FNDA:0,(anonymous_386)
FNDA:0,(anonymous_387)
FNDA:0,(anonymous_388)
FNDA:0,(anonymous_389)
FNDA:0,(anonymous_390)
FNDA:0,(anonymous_391)
FNDA:0,(anonymous_392)
FNDA:0,(anonymous_393)
FNDA:0,(anonymous_394)
FNDA:0,(anonymous_395)
FNDA:0,(anonymous_396)
FNDA:0,(anonymous_397)
FNDA:0,(anonymous_398)
FNDA:0,(anonymous_399)
FNDA:0,(anonymous_400)
FNDA:0,(anonymous_401)
FNDA:0,(anonymous_402)
FNDA:0,(anonymous_403)
FNDA:0,(anonymous_404)
FNDA:0,(anonymous_405)
FNDA:0,(anonymous_406)
FNDA:0,(anonymous_407)
FNDA:0,(anonymous_408)
FNDA:0,(anonymous_409)
FNDA:0,(anonymous_410)
FNDA:0,(anonymous_411)
FNDA:0,(anonymous_412)
FNDA:0,(anonymous_413)
FNDA:0,(anonymous_414)
FNDA:0,(anonymous_415)
DA:3,1
DA:5,1
DA:7,1
DA:29,1
DA:35,1
DA:39,1
DA:42,1
DA:43,0
DA:44,0
DA:46,1
DA:47,0
DA:62,1
DA:72,1
DA:73,1
DA:79,1
DA:81,1
DA:83,1
DA:88,2
DA:98,8374953
DA:99,8374953
DA:101,0
DA:112,0
DA:120,426
DA:121,852
DA:122,0
DA:144,0
DA:145,0
DA:148,0
DA:152,0
DA:155,0
DA:156,0
DA:158,0
DA:160,0
DA:161,0
DA:162,0
DA:164,0
DA:167,0
DA:171,0
DA:172,0
DA:174,0
DA:189,0
DA:202,0
DA:218,0
DA:234,0
DA:235,0
DA:236,0
DA:254,85140
DA:255,85140
DA:256,0
DA:268,0
DA:269,0
DA:280,85140
DA:281,85140
DA:292,0
DA:303,8289813
DA:328,0
DA:349,0
DA:364,0
DA:366,0
DA:367,0
DA:368,0
DA:369,0
DA:371,0
DA:385,0
DA:398,0
DA:409,0
DA:426,0
DA:442,0
DA:449,0
DA:450,0
DA:455,0
DA:456,0
DA:458,0
DA:470,0
DA:471,0
DA:474,0
DA:477,0
DA:494,0
DA:495,0
DA:496,0
DA:497,0
DA:499,0
DA:507,0
DA:508,0
DA:565,1
DA:568,1
DA:570,1
DA:574,1
DA:575,0
DA:578,1
DA:581,1
DA:589,1
DA:590,0
DA:591,0
DA:593,0
DA:619,0
DA:620,0
DA:621,0
DA:622,0
DA:623,0
DA:625,0
DA:626,0
DA:647,0
DA:652,0
DA:653,0
DA:656,0
DA:657,0
DA:658,0
DA:660,0
DA:662,0
DA:663,0
DA:678,0
DA:679,0
DA:680,0
DA:681,0
DA:682,0
DA:683,0
DA:685,0
DA:687,0
DA:688,0
DA:689,0
DA:691,0
DA:694,0
DA:698,0
DA:699,0
DA:700,0
DA:701,0
DA:702,0
DA:704,0
DA:708,0
DA:724,0
DA:732,0
DA:733,0
DA:734,0
DA:735,0
DA:738,0
DA:741,0
DA:742,0
DA:743,0
DA:744,0
DA:747,0
DA:750,0
DA:751,0
DA:752,0
DA:753,0
DA:756,0
DA:759,0
DA:760,0
DA:761,0
DA:762,0
DA:765,0
DA:783,1523787
DA:784,1523787
DA:785,1523787
DA:789,1523787
DA:793,1523787
DA:794,4195
DA:795,0
DA:797,4195
DA:801,1523787
DA:802,2403
DA:803,0
DA:805,2403
DA:808,1523787
DA:810,1523787
DA:811,6303
DA:812,0
DA:814,6303
DA:818,1523787
DA:819,5057
DA:820,0
DA:822,5057
DA:824,1523787
DA:825,1523787
DA:827,0
DA:847,428
DA:865,0
DA:875,0
DA:876,0
DA:878,0
DA:881,0
DA:882,0
DA:883,0
DA:884,0
DA:887,0
DA:890,0
DA:891,0
DA:892,0
DA:893,0
DA:896,0
DA:899,0
DA:905,0
DA:906,0
DA:907,0
DA:908,0
DA:911,0
DA:914,0
DA:915,0
DA:916,0
DA:917,0
DA:920,0
DA:923,0
DA:927,0
DA:961,0
DA:965,0
DA:966,0
DA:967,0
DA:970,0
DA:972,0
DA:974,0
DA:976,0
DA:984,0
DA:985,0
DA:1002,0
DA:1021,0
DA:1048,0
DA:1049,0
DA:1050,0
DA:1051,0
DA:1052,0
DA:1053,0
DA:1054,0
DA:1056,0
DA:1057,0
DA:1059,0
DA:1060,0
DA:1081,0
DA:1082,0
DA:1083,0
DA:1084,0
DA:1085,0
DA:1087,0
DA:1088,0
DA:1089,0
DA:1091,0
DA:1093,0
DA:1094,0
DA:1096,0
DA:1097,0
DA:1112,0
DA:1114,0
DA:1115,0
DA:1116,0
DA:1117,0
DA:1118,0
DA:1120,0
DA:1122,0
DA:1123,0
DA:1124,0
DA:1126,0
DA:1129,0
DA:1132,0
DA:1133,0
DA:1134,0
DA:1135,0
DA:1136,0
DA:1137,0
DA:1139,0
DA:1144,0
DA:1166,1
DA:1170,1
DA:1171,1
DA:1172,0
DA:1173,0
DA:1174,0
DA:1176,0
DA:1182,1
DA:1183,1
DA:1184,0
DA:1189,1
DA:1194,1
DA:1195,1
DA:1208,0
DA:1214,1
DA:1217,1
DA:1220,1
DA:1223,1
DA:1226,1
DA:1229,1
DA:1235,1
DA:1238,1
DA:1241,1
DA:1245,1
DA:1253,0
DA:1259,0
DA:1268,0
DA:1269,0
DA:1276,0
DA:1291,0
DA:1292,0
DA:1294,0
DA:1297,0
DA:1298,0
DA:1302,0
DA:1303,0
DA:1304,0
DA:1305,0
DA:1307,0
DA:1319,426
DA:1326,809895
DA:1334,658878
DA:1355,0
DA:1356,0
DA:1357,0
DA:1358,0
DA:1362,0
DA:1363,0
DA:1366,0
DA:1373,0
DA:1402,1
DA:1407,1
DA:1412,1
DA:1415,1
DA:1427,75840
DA:1428,0
DA:1432,75840
DA:1434,75840
DA:1435,75840
DA:1443,51927
DA:1444,0
DA:1451,51927
DA:1454,51927
DA:1456,51927
DA:1457,51927
DA:1458,51927
DA:1459,2
DA:1461,51925
DA:1464,51925
DA:1472,0
DA:1479,658878
DA:1506,0
DA:1514,0
DA:1533,0
DA:1546,0
DA:1547,0
DA:1549,0
DA:1560,4929826
DA:1572,5
DA:1584,5
DA:1585,5
DA:1586,5
DA:1587,0
DA:1589,5
DA:1590,5
DA:1610,10
DA:1624,0
DA:1661,5
DA:1666,5
DA:1691,10
DA:1692,0
DA:1694,10
DA:1695,0
DA:1710,8
DA:1711,0
DA:1713,8
DA:1714,1
DA:1716,8
DA:1748,1
DA:1749,1
DA:1750,1
DA:1752,0
DA:1784,7
DA:1785,0
DA:1789,7
DA:1790,7
DA:1791,0
DA:1830,1
DA:1834,1
DA:1835,0
DA:1837,1
DA:1838,1
DA:1839,0
DA:1842,1
DA:1843,0
DA:1848,1
DA:1849,5
DA:1850,0
DA:1852,5
DA:1853,0
DA:1856,5
DA:1857,0
DA:1896,9
DA:1897,1
DA:1898,8
DA:1899,7
DA:1900,1
DA:1901,1
DA:1903,0
DA:1921,25
DA:1935,35
DA:1936,0
DA:1938,35
DA:1952,0
DA:1953,0
DA:1955,0
DA:1970,1
DA:1971,0
DA:1973,1
DA:1974,1
DA:1975,2
DA:1976,1
DA:1979,1
DA:1991,0
DA:2000,1
DA:2001,0
DA:2003,1
DA:2004,0
DA:2006,1
DA:2025,9
DA:2026,1
DA:2027,8
DA:2028,7
DA:2029,1
DA:2030,0
DA:2031,1
DA:2032,1
DA:2033,0
DA:2034,0
DA:2036,0
DA:2040,9
DA:2043,9
DA:2044,1
DA:2045,8
DA:2046,7
DA:2047,35
DA:2049,1
DA:2050,1
DA:2051,5
DA:2052,25
DA:2056,0
DA:2078,9
DA:2079,9
DA:2080,9
DA:2081,9
DA:2114,1
DA:2121,1
DA:2122,1
DA:2132,1968415
DA:2143,463086
DA:2145,463086
DA:2146,463086
DA:2147,3688018
DA:2148,3688018
DA:2150,463086
DA:2160,231543
DA:2200,1
DA:2207,1
DA:2208,1
DA:2209,1
DA:2221,231543
DA:2224,231543
DA:2226,231543
DA:2237,926172
DA:2239,926172
DA:2240,682618
DA:2241,682618
DA:2300,1
DA:2307,1
DA:2312,1
DA:2313,1
DA:2314,0
DA:2323,1
DA:2324,1
DA:2325,1
DA:2326,1
DA:2345,231543
DA:2349,231543
DA:2350,170938
DA:2351,170938
DA:2356,60605
DA:2357,60605
DA:2359,231543
DA:2360,231543
DA:2365,0
DA:2366,0
DA:2380,0
DA:2383,0
DA:2386,0
DA:2390,0
DA:2393,0
DA:2394,0
DA:2397,0
DA:2398,0
DA:2399,0
DA:2404,0
DA:2417,0
DA:2420,0
DA:2423,0
DA:2427,0
DA:2430,0
DA:2431,0
DA:2436,0
DA:2437,0
DA:2438,0
DA:2439,0
DA:2444,0
DA:2454,0
DA:2468,85140
DA:2477,25
DA:2479,83024
DA:2480,83024
DA:2531,1
DA:2535,1
DA:2541,1
DA:2544,1
DA:2545,0
DA:2553,1
DA:2554,1
DA:2555,1
DA:2562,0
DA:2563,0
DA:2564,0
DA:2565,0
DA:2566,0
DA:2568,0
DA:2569,0
DA:2584,85140
DA:2587,85140
DA:2590,85140
DA:2593,85140
DA:2594,677445
DA:2598,677445
DA:2599,381997
DA:2601,677445
DA:2602,350121
DA:2607,677445
DA:2612,428787
DA:2613,88445
DA:2616,428787
DA:2617,294365
DA:2623,85140
DA:2624,25156
DA:2626,85140
DA:2627,84873
DA:2628,426
DA:2630,84873
DA:2644,231543
DA:2645,0
DA:2647,231543
DA:2648,231543
DA:2649,231543
DA:2650,0
DA:2652,231543
DA:2653,231543
DA:2654,231543
DA:2655,231543
DA:2656,1844009
DA:2657,1844009
DA:2658,1101962
DA:2660,1844009
DA:2661,866453
DA:2663,1844009
DA:2664,977556
DA:2666,1844009
DA:2667,742047
DA:2670,231543
DA:2671,231543
DA:2672,170938
DA:2673,170938
DA:2674,170938
DA:2675,170938
DA:2676,170938
DA:2678,231543
DA:2679,170371
DA:2680,170371
DA:2681,170371
DA:2682,170371
DA:2683,170371
DA:2687,231543
DA:2699,0
DA:2720,0
DA:2765,0
DA:2772,0
DA:2773,0
DA:2786,0
DA:2787,0
DA:2790,0
DA:2791,0
DA:2794,0
DA:2811,1
DA:2840,1
DA:2847,1
DA:2851,1
DA:2857,1
DA:2860,1
DA:2863,1
DA:2867,1
DA:2875,1
DA:2876,1
DA:2882,1
DA:2886,1
DA:2890,1
DA:2894,1
DA:2899,1
DA:2904,1
DA:2908,1
DA:2909,11
DA:2910,4
DA:2918,0
DA:2919,0
DA:2921,0
DA:2922,0
DA:2923,0
DA:2924,0
DA:2925,0
DA:2926,0
DA:2939,0
DA:2940,0
DA:2941,0
DA:2953,0
DA:2954,0
DA:2955,0
DA:2956,0
DA:2968,0
DA:2969,0
DA:2970,0
DA:2971,0
DA:2982,5
DA:2983,5
DA:2984,5
DA:2988,5
DA:2992,5
DA:2993,5
DA:2995,5
DA:2996,5
DA:3000,0
DA:3004,0
DA:3005,0
DA:3007,0
DA:3008,0
DA:3011,5
DA:3012,2
DA:3014,5
DA:3015,1
DA:3017,5
DA:3018,5
DA:3019,0
DA:3039,0
DA:3040,0
DA:3044,0
DA:3045,0
DA:3046,0
DA:3047,0
DA:3048,0
DA:3049,0
DA:3051,0
DA:3057,0
DA:3058,0
DA:3059,0
DA:3060,0
DA:3061,0
DA:3062,0
DA:3069,0
DA:3076,682618
DA:3084,6898241
DA:3092,426
DA:3107,231543
DA:3108,231543
DA:3109,926172
DA:3111,231543
DA:3120,25
DA:3135,25
DA:3137,25
DA:3140,658878
DA:3144,658878
DA:3145,658878
DA:3146,658878
DA:3148,658878
DA:3149,658878
DA:3154,658878
DA:3155,231543
DA:3156,231543
DA:3157,0
DA:3158,0
DA:3161,231543
DA:3162,231543
DA:3164,231543
DA:3165,84714
DA:3170,25
DA:3174,25
DA:3175,25
DA:3176,25
DA:3185,231543
DA:3186,151017
DA:3199,85140
DA:3200,85140
DA:3201,0
DA:3203,85140
DA:3206,25156
DA:3210,25156
DA:3211,0
DA:3212,0
DA:3213,0
DA:3217,85140
DA:3218,85140
DA:3219,84873
DA:3221,85140
DA:3223,85140
DA:3224,170280
DA:3229,0
DA:3239,85140
DA:3240,85140
DA:3241,85140
DA:3242,85140
DA:3243,85140
DA:3244,677445
DA:3245,677445
DA:3246,381997
DA:3248,677445
DA:3249,327324
DA:3250,75414
DA:3253,677445
DA:3254,295448
DA:3255,50309
DA:3260,85140
DA:3261,426
DA:3263,85140
DA:3264,1618
DA:3275,426
DA:3277,0
DA:3280,426
DA:3281,426
DA:3282,426
DA:3283,0
DA:3284,0
DA:3287,426
DA:3288,426
DA:3289,426
DA:3335,0
DA:3336,0
DA:3337,0
DA:3339,0
DA:3343,0
DA:3346,0
DA:3351,0
DA:3367,0
DA:3368,0
DA:3369,0
DA:3372,0
DA:3373,0
DA:3374,0
DA:3375,0
DA:3378,0
DA:3379,0
DA:3381,0
DA:3396,0
DA:3397,0
DA:3398,0
DA:3401,0
DA:3402,0
DA:3403,0
DA:3404,0
DA:3407,0
DA:3408,0
DA:3409,0
DA:3410,0
DA:3419,0
DA:3420,0
DA:3422,0
DA:3423,0
DA:3426,0
DA:3427,0
DA:3430,0
DA:3431,0
DA:3432,0
DA:3434,0
DA:3435,0
DA:3439,0
DA:3440,0
DA:3441,0
DA:3443,0
DA:3444,0
DA:3449,0
DA:3478,0
DA:3487,0
DA:3495,0
DA:3529,0
DA:3533,0
DA:3534,0
DA:3535,0
DA:3537,0
DA:3540,0
DA:3568,0
DA:3575,0
DA:3580,0
DA:3581,0
DA:3582,0
DA:3587,0
DA:3591,0
DA:3598,0
DA:3599,0
DA:3600,0
DA:3601,0
DA:3604,0
DA:3605,0
DA:3606,0
DA:3607,0
DA:3608,0
DA:3612,0
DA:3613,0
DA:3615,0
DA:3616,0
DA:3617,0
DA:3618,0
DA:3621,0
DA:3622,0
DA:3623,0
DA:3627,0
DA:3628,0
DA:3629,0
DA:3630,0
DA:3631,0
DA:3632,0
DA:3634,0
DA:3635,0
DA:3647,0
DA:3650,0
DA:3651,0
DA:3652,0
DA:3653,0
DA:3654,0
DA:3657,0
DA:3677,0
DA:3678,0
DA:3681,0
DA:3682,0
DA:3684,0
DA:3685,0
DA:3686,0
DA:3688,0
DA:3689,0
DA:3696,0
DA:3697,0
DA:3698,0
DA:3703,0
DA:3704,0
DA:3706,0
DA:3707,0
DA:3712,0
DA:3713,0
DA:3765,0
DA:3770,0
DA:3775,0
DA:3781,0
DA:3782,0
DA:3784,0
DA:3785,0
DA:3790,0
DA:3794,0
DA:3798,0
DA:3801,0
DA:3803,0
DA:3804,0
DA:3806,0
DA:3807,0
DA:3810,0
DA:3812,0
DA:3813,0
DA:3814,0
DA:3815,0
DA:3816,0
DA:3818,0
DA:3820,0
DA:3823,0
DA:3827,0
DA:3828,0
DA:3829,0
DA:3837,0
DA:3846,0
DA:3852,0
DA:3853,0
DA:3854,0
DA:3855,0
DA:3856,0
DA:3857,0
DA:3858,0
DA:3859,0
DA:3867,0
DA:3868,0
DA:3869,0
DA:3870,0
DA:3871,0
DA:3872,0
DA:3879,0
DA:3881,0
DA:3887,0
DA:3893,0
DA:3900,0
DA:3901,0
DA:3908,0
DA:3909,0
DA:3915,0
DA:3916,0
DA:3922,0
DA:3923,0
DA:3931,0
DA:3933,0
DA:3935,0
DA:3937,0
DA:3947,0
DA:3948,0
DA:3949,0
DA:3961,0
DA:3966,0
DA:3967,0
DA:3968,0
DA:3971,0
DA:3984,0
DA:3985,0
DA:3987,0
DA:3988,0
DA:3989,0
DA:3990,0
DA:3991,0
DA:3992,0
DA:3993,0
DA:3997,0
DA:4000,0
DA:4001,0
DA:4003,0
DA:4006,0
DA:4009,0
DA:4010,0
DA:4023,0
DA:4024,0
DA:4026,0
DA:4027,0
DA:4028,0
DA:4029,0
DA:4030,0
DA:4031,0
DA:4032,0
DA:4033,0
DA:4035,0
DA:4036,0
DA:4042,0
DA:4047,0
DA:4048,0
DA:4050,0
DA:4051,0
DA:4053,0
DA:4054,0
DA:4055,0
DA:4056,0
DA:4058,0
DA:4059,0
DA:4060,0
DA:4062,0
DA:4063,0
DA:4065,0
DA:4067,0
DA:4068,0
DA:4069,0
DA:4085,0
DA:4104,0
DA:4105,0
DA:4106,0
DA:4107,0
DA:4110,0
DA:4112,0
DA:4113,0
DA:4114,0
DA:4121,0
DA:4123,0
DA:4124,0
DA:4126,0
DA:4129,0
DA:4130,0
DA:4132,0
DA:4135,0
DA:4136,0
DA:4137,0
DA:4139,0
DA:4140,0
DA:4141,0
DA:4142,0
DA:4143,0
DA:4145,0
DA:4146,0
DA:4148,0
DA:4149,0
DA:4151,0
DA:4152,0
DA:4154,0
DA:4155,0
DA:4160,0
DA:4181,0
DA:4182,0
DA:4184,0
DA:4185,0
DA:4186,0
DA:4187,0
DA:4191,0
DA:4192,0
DA:4194,0
DA:4195,0
DA:4196,0
DA:4197,0
DA:4198,0
DA:4199,0
DA:4201,0
DA:4202,0
DA:4204,0
DA:4211,0
DA:4212,0
DA:4213,0
DA:4215,0
DA:4216,0
DA:4217,0
DA:4218,0
DA:4222,0
DA:4223,0
DA:4224,0
DA:4225,0
DA:4226,0
DA:4227,0
DA:4229,0
DA:4230,0
DA:4232,0
DA:4233,0
DA:4234,0
DA:4235,0
DA:4236,0
DA:4240,0
DA:4255,0
DA:4257,0
DA:4258,0
DA:4259,0
DA:4260,0
DA:4263,0
DA:4265,0
DA:4268,0
DA:4269,0
DA:4270,0
DA:4273,0
DA:4274,0
DA:4276,0
DA:4279,0
DA:4280,0
DA:4281,0
DA:4283,0
DA:4286,0
DA:4302,0
DA:4303,0
DA:4305,0
DA:4306,0
DA:4311,0
DA:4314,0
DA:4315,0
DA:4317,0
DA:4322,0
DA:4369,0
DA:4370,0
DA:4371,0
DA:4374,0
DA:4376,0
DA:4377,0
DA:4379,0
DA:4380,0
DA:4384,0
DA:4386,0
DA:4387,0
DA:4388,0
DA:4389,0
DA:4390,0
DA:4392,0
DA:4393,0
DA:4397,0
DA:4410,0
DA:4411,0
DA:4413,0
DA:4414,0
DA:4416,0
DA:4417,0
DA:4418,0
DA:4420,0
DA:4429,0
DA:4430,0
DA:4433,0
DA:4434,0
DA:4436,0
DA:4484,0
DA:4487,0
DA:4493,0
DA:4498,0
DA:4513,0
DA:4514,0
DA:4515,0
DA:4516,0
DA:4521,0
DA:4529,0
DA:4543,0
DA:4561,0
DA:4568,0
DA:4575,0
DA:4578,0
DA:4584,0
DA:4585,0
DA:4597,0
DA:4598,0
DA:4599,0
DA:4607,0
DA:4616,0
DA:4617,0
DA:4618,0
DA:4626,0
DA:4637,0
DA:4641,0
DA:4645,0
DA:4655,0
DA:4656,0
DA:4657,0
DA:4658,0
DA:4659,0
DA:4660,0
DA:4661,0
DA:4664,0
DA:4665,0
DA:4667,0
DA:4668,0
DA:4669,0
DA:4695,0
DA:4698,0
DA:4700,0
DA:4712,0
DA:4717,0
DA:4718,0
DA:4719,0
DA:4721,0
DA:4724,0
DA:4762,0
DA:4767,0
DA:4768,0
DA:4769,0
DA:4775,0
DA:4792,0
DA:4796,0
DA:4797,0
DA:4799,0
DA:4800,0
DA:4804,0
DA:4812,0
DA:4813,0
DA:4816,0
DA:4817,0
DA:4818,0
DA:4819,0
DA:4823,0
DA:4828,0
DA:4829,0
DA:4830,0
DA:4831,0
DA:4835,0
DA:4837,0
DA:4847,0
DA:4850,0
DA:4851,0
DA:4852,0
DA:4855,0
DA:4890,0
DA:4894,0
DA:4895,0
DA:4896,0
DA:4897,0
DA:4898,0
DA:4902,0
DA:4904,0
DA:4911,0
DA:4912,0
DA:4913,0
DA:4918,0
DA:4931,0
DA:4935,0
DA:4936,0
DA:4938,0
DA:4941,0
DA:4948,0
DA:4950,0
DA:4953,0
DA:4955,0
DA:4965,0
DA:4968,0
DA:4969,0
DA:4970,0
DA:4972,0
DA:5008,0
DA:5011,0
DA:5013,0
DA:5028,0
DA:5029,0
DA:5032,0
DA:5035,0
DA:5040,0
DA:5042,0
DA:5044,0
DA:5045,0
DA:5049,0
DA:5062,0
DA:5063,0
DA:5066,0
DA:5067,0
DA:5070,0
DA:5105,0
DA:5106,0
DA:5107,0
DA:5110,0
DA:5111,0
DA:5112,0
DA:5113,0
DA:5114,0
DA:5115,0
DA:5116,0
DA:5117,0
DA:5118,0
DA:5119,0
DA:5120,0
DA:5122,0
DA:5123,0
DA:5128,0
DA:5129,0
DA:5130,0
DA:5131,0
DA:5132,0
DA:5135,0
DA:5146,0
DA:5150,0
DA:5151,0
DA:5153,0
DA:5183,0
DA:5184,0
DA:5187,0
DA:5189,0
DA:5190,0
DA:5191,0
DA:5193,0
DA:5194,0
DA:5195,0
DA:5198,0
DA:5209,0
DA:5213,0
DA:5214,0
DA:5216,0
DA:5247,1
DA:5254,0
DA:5255,0
DA:5256,0
DA:5261,0
DA:5262,0
DA:5299,0
DA:5300,0
DA:5301,0
DA:5302,0
DA:5305,0
DA:5306,0
DA:5308,0
DA:5309,0
DA:5310,0
DA:5338,426
DA:5339,426
DA:5340,426
DA:5341,426
DA:5376,0
DA:5377,0
DA:5379,0
DA:5380,0
DA:5381,0
DA:5382,0
DA:5384,0
DA:5385,0
DA:5386,0
DA:5387,0
DA:5389,0
DA:5390,0
DA:5391,0
DA:5427,0
DA:5430,0
DA:5431,0
DA:5432,0
DA:5433,0
DA:5435,0
DA:5436,0
DA:5440,0
DA:5441,0
DA:5442,0
DA:5443,0
DA:5444,0
DA:5447,0
DA:5453,0
DA:5470,0
DA:5504,0
DA:5507,0
DA:5508,0
DA:5509,0
DA:5515,0
DA:5516,0
DA:5517,0
DA:5519,0
DA:5520,0
DA:5522,0
DA:5523,0
DA:5525,0
DA:5526,0
DA:5530,0
DA:5531,0
DA:5536,0
DA:5570,0
DA:5571,0
DA:5576,0
DA:5577,0
DA:5578,0
DA:5580,0
DA:5581,0
DA:5583,0
DA:5584,0
DA:5585,0
DA:5586,0
DA:5587,0
DA:5592,0
DA:5593,0
DA:5594,0
DA:5602,0
DA:5625,0
DA:5626,0
DA:5627,0
DA:5634,0
DA:5665,0
DA:5666,0
DA:5667,0
DA:5668,0
DA:5670,0
DA:5671,0
DA:5674,0
DA:5675,0
DA:5676,0
DA:5679,0
DA:5680,0
DA:5681,0
DA:5686,0
DA:5687,0
DA:5688,0
DA:5689,0
DA:5690,0
DA:5692,0
DA:5693,0
DA:5695,0
DA:5696,0
DA:5697,0
DA:5698,0
DA:5699,0
DA:5704,0
DA:5705,0
DA:5706,0
DA:5715,0
DA:5717,0
DA:5718,0
DA:5722,0
DA:5723,0
DA:5725,0
DA:5733,0
DA:5734,0
DA:5768,0
DA:5769,0
DA:5770,0
DA:5772,0
DA:5773,0
DA:5776,0
DA:5777,0
DA:5778,0
DA:5779,0
DA:5780,0
DA:5783,0
DA:5784,0
DA:5785,0
DA:5786,0
DA:5790,0
DA:5791,0
DA:5792,0
DA:5793,0
DA:5798,0
DA:5799,0
DA:5800,0
DA:5802,0
DA:5803,0
DA:5805,0
DA:5806,0
DA:5807,0
DA:5811,0
DA:5813,0
DA:5815,0
DA:5816,0
DA:5820,0
DA:5821,0
DA:5826,0
DA:5827,0
DA:5850,0
DA:5855,0
DA:5859,0
DA:5867,0
DA:5869,0
DA:5871,0
DA:5872,0
DA:5874,0
DA:5881,0
DA:5882,0
DA:5883,0
DA:5897,0
DA:5898,0
DA:5899,0
DA:5900,0
DA:5901,0
DA:5902,0
DA:5904,0
DA:5905,0
DA:5906,0
DA:5907,0
DA:5908,0
DA:5912,0
DA:5913,0
DA:5914,0
DA:5916,0
DA:5924,0
DA:5925,0
DA:5926,0
DA:5928,0
DA:5929,0
DA:5930,0
DA:5940,0
DA:5941,0
DA:5942,0
DA:5943,0
DA:5950,0
DA:5951,0
DA:5952,0
DA:5954,0
DA:5955,0
DA:5962,0
DA:5973,0
DA:5974,0
DA:5976,0
DA:5978,0
DA:5979,0
DA:5980,0
DA:5982,0
DA:5983,0
DA:5984,0
DA:5985,0
DA:5987,0
DA:5988,0
DA:5989,0
DA:5992,0
DA:5993,0
DA:5994,0
DA:5997,0
DA:5998,0
DA:6000,0
DA:6001,0
DA:6002,0
DA:6005,0
DA:6006,0
DA:6007,0
DA:6008,0
DA:6009,0
DA:6014,0
DA:6015,0
DA:6016,0
DA:6017,0
DA:6018,0
DA:6019,0
DA:6021,0
DA:6025,0
DA:6026,0
DA:6028,0
DA:6029,0
DA:6031,0
DA:6068,0
DA:6075,0
DA:6076,0
DA:6079,0
DA:6080,0
DA:6081,0
DA:6082,0
DA:6084,0
DA:6086,0
DA:6087,0
DA:6103,0
DA:6104,0
DA:6105,0
DA:6107,0
DA:6108,0
DA:6109,0
DA:6111,0
DA:6113,0
DA:6114,0
DA:6116,0
DA:6117,0
DA:6120,0
DA:6121,0
DA:6122,0
DA:6123,0
DA:6127,0
DA:6129,0
DA:6164,0
DA:6166,0
DA:6171,0
DA:6172,0
DA:6180,0
DA:6181,0
DA:6184,0
DA:6197,0
DA:6200,0
DA:6203,0
DA:6204,0
DA:6205,0
DA:6222,0
DA:6223,0
DA:6224,0
DA:6225,0
DA:6239,0
DA:6240,0
DA:6241,0
DA:6289,1
DA:6296,1
DA:6297,1
DA:6301,1
DA:6302,1
DA:6303,1
DA:6304,0
DA:6326,0
DA:6327,0
DA:6328,0
DA:6334,0
DA:6338,0
DA:6339,0
DA:6347,0
DA:6350,0
DA:6354,0
DA:6355,0
DA:6359,0
DA:6363,0
DA:6364,0
DA:6367,0
DA:6368,0
DA:6369,0
DA:6370,0
DA:6376,0
DA:6386,0
DA:6402,0
DA:6407,0
DA:6412,0
DA:6417,0
DA:6424,0
DA:6425,0
DA:6433,0
DA:6434,0
DA:6435,0
DA:6437,0
DA:6438,0
DA:6440,0
DA:6441,0
DA:6443,0
DA:6447,0
DA:6448,0
DA:6453,0
DA:6456,0
DA:6457,0
DA:6458,0
DA:6460,0
DA:6465,0
DA:6466,0
DA:6467,0
DA:6473,0
DA:6474,0
DA:6479,0
DA:6481,0
DA:6482,0
DA:6495,0
DA:6496,0
DA:6500,0
DA:6512,0
DA:6514,0
DA:6515,0
DA:6516,0
DA:6517,0
DA:6518,0
DA:6519,0
DA:6520,0
DA:6521,0
DA:6522,0
DA:6523,0
DA:6524,0
DA:6525,0
DA:6527,0
DA:6528,0
DA:6533,0
DA:6534,0
DA:6535,0
DA:6536,0
DA:6537,0
DA:6540,0
DA:6550,0
DA:6563,0
DA:6564,0
DA:6567,0
DA:6568,0
DA:6569,0
DA:6570,0
DA:6574,0
DA:6575,0
DA:6577,0
DA:6590,0
DA:6591,0
DA:6595,0
DA:6596,0
DA:6599,0
DA:6600,0
DA:6601,0
DA:6606,0
DA:6607,0
DA:6608,0
DA:6612,0
DA:6614,0
DA:6629,0
DA:6630,0
DA:6633,0
DA:6650,0
DA:6655,0
DA:6657,0
DA:6662,0
DA:6667,0
DA:6674,0
DA:6675,0
DA:6683,0
DA:6684,0
DA:6685,0
DA:6687,0
DA:6688,0
DA:6690,0
DA:6691,0
DA:6693,0
DA:6697,0
DA:6698,0
DA:6703,0
DA:6706,0
DA:6707,0
DA:6708,0
DA:6710,0
DA:6715,0
DA:6716,0
DA:6717,0
DA:6723,0
DA:6724,0
DA:6729,0
DA:6731,0
DA:6732,0
DA:6745,0
DA:6746,0
DA:6750,0
DA:6759,0
DA:6761,0
DA:6762,0
DA:6763,0
DA:6764,0
DA:6765,0
DA:6766,0
DA:6767,0
DA:6768,0
DA:6769,0
DA:6770,0
DA:6771,0
DA:6772,0
DA:6774,0
DA:6775,0
DA:6780,0
DA:6781,0
DA:6782,0
DA:6783,0
DA:6784,0
DA:6787,0
DA:6797,0
DA:6812,0
DA:6815,0
DA:6817,0
DA:6820,0
DA:6821,0
DA:6826,0
DA:6827,0
DA:6830,0
DA:6832,0
DA:6846,0
DA:6847,0
DA:6850,0
DA:6851,0
DA:6852,0
DA:6853,0
DA:6854,0
DA:6857,0
DA:6875,0
DA:6876,0
DA:6905,0
DA:6906,0
DA:6909,0
DA:6910,0
DA:6911,0
DA:6914,0
DA:6920,0
DA:6922,0
DA:6936,0
DA:6939,0
DA:6940,0
DA:6943,0
DA:6960,0
DA:6969,0
DA:6970,0
DA:6982,0
DA:6984,0
DA:6985,0
DA:6986,0
DA:6987,0
DA:6988,0
DA:6989,0
DA:6990,0
DA:6991,0
DA:6992,0
DA:6993,0
DA:6994,0
DA:6995,0
DA:6997,0
DA:6998,0
DA:7003,0
DA:7004,0
DA:7005,0
DA:7006,0
DA:7007,0
DA:7010,0
DA:7023,0
DA:7026,0
DA:7028,0
DA:7031,0
DA:7032,0
DA:7044,0
DA:7046,0
DA:7064,0
DA:7065,0
DA:7068,0
DA:7085,0
DA:7090,0
DA:7096,0
DA:7098,0
DA:7099,0
DA:7107,0
DA:7108,0
DA:7111,0
DA:7112,0
DA:7113,0
DA:7114,0
DA:7115,0
DA:7116,0
DA:7117,0
DA:7118,0
DA:7121,0
DA:7122,0
DA:7134,0
DA:7136,0
DA:7137,0
DA:7138,0
DA:7139,0
DA:7140,0
DA:7141,0
DA:7142,0
DA:7143,0
DA:7144,0
DA:7146,0
DA:7147,0
DA:7148,0
DA:7150,0
DA:7151,0
DA:7155,0
DA:7156,0
DA:7158,0
DA:7159,0
DA:7161,0
DA:7162,0
DA:7174,0
DA:7175,0
DA:7176,0
DA:7177,0
DA:7178,0
DA:7181,0
DA:7194,0
DA:7197,0
DA:7199,0
DA:7202,0
DA:7203,0
DA:7208,0
DA:7211,0
DA:7212,0
DA:7213,0
DA:7215,0
DA:7229,0
DA:7232,0
DA:7233,0
DA:7236,0
DA:7262,0
DA:7269,0
DA:7270,0
DA:7271,0
DA:7283,0
DA:7285,0
DA:7288,0
DA:7290,0
DA:7292,0
DA:7345,0
DA:7350,0
DA:7354,0
DA:7363,0
DA:7365,0
DA:7366,0
DA:7368,0
DA:7369,0
DA:7372,0
DA:7374,0
DA:7375,0
DA:7376,0
DA:7377,0
DA:7378,0
DA:7380,0
DA:7381,0
DA:7395,0
DA:7398,0
DA:7399,0
DA:7400,0
DA:7402,0
DA:7416,0
DA:7417,0
DA:7421,0
DA:7422,0
DA:7426,0
DA:7484,1
DA:7491,1
DA:7496,1
DA:7500,6
DA:7505,1
DA:7511,1
DA:7515,1
DA:7520,1
DA:7521,1
DA:7523,0
DA:7528,1
DA:7532,1
DA:7535,1
DA:7539,1
DA:7542,1
DA:7544,1
DA:7545,0
DA:7552,1
DA:7558,1
DA:7564,1
DA:7565,0
DA:7567,1
DA:7574,1
DA:7579,1
DA:7580,1
DA:7584,1
DA:7585,1
DA:7593,1
DA:7594,1
DA:7602,0
DA:7603,0
DA:7610,1
DA:7611,0
DA:7626,0
DA:7630,0
DA:7632,0
DA:7635,0
DA:7637,0
DA:7641,0
DA:7655,1
DA:7656,1
DA:7657,25
DA:7673,0
DA:7676,0
DA:7680,0
DA:7683,0
DA:7684,0
DA:7685,0
DA:7688,0
DA:7689,0
DA:7693,0
DA:7694,0
DA:7695,0
DA:7696,0
DA:7698,0
DA:7702,0
DA:7704,0
DA:7705,0
DA:7707,0
DA:7709,0
DA:7710,0
DA:7717,0
DA:7754,0
DA:7755,0
DA:7756,0
DA:7757,0
DA:7760,0
DA:7761,0
DA:7763,0
DA:7766,0
DA:7768,0
DA:7771,0
DA:7790,0
DA:7792,0
DA:7793,0
DA:7797,0
DA:7798,0
DA:7799,0
DA:7800,0
DA:7805,0
DA:7806,0
DA:7813,1000
DA:7814,0
DA:7815,0
DA:7816,0
DA:7817,0
DA:7823,2
DA:7830,0
DA:7832,0
DA:7852,0
DA:7857,0
DA:7863,0
DA:7874,0
DA:7879,0
DA:7883,0
DA:7890,0
DA:7894,0
DA:7896,0
DA:7911,0
DA:7912,0
DA:7913,0
DA:7914,0
DA:7915,0
DA:7916,0
DA:7917,0
DA:7921,0
DA:7922,0
DA:7924,0
DA:7928,0
DA:7929,0
DA:7931,0
DA:7936,0
DA:7937,0
DA:7938,0
DA:7940,0
DA:7941,0
DA:7943,0
DA:7948,0
DA:7949,0
DA:7952,0
DA:7953,0
DA:7955,0
DA:7956,0
DA:7957,0
DA:7959,0
DA:7963,0
DA:7964,0
DA:7967,0
DA:7968,0
DA:7970,0
DA:7971,0
DA:7972,0
DA:7975,0
DA:7979,0
DA:7981,0
DA:7982,0
DA:7983,0
DA:7985,0
DA:7986,0
DA:7987,0
DA:7989,0
DA:7990,0
DA:7991,0
DA:7993,0
DA:7994,0
DA:7995,0
DA:7997,0
DA:7998,0
DA:7999,0
DA:8009,0
DA:8010,0
DA:8012,0
DA:8017,0
DA:8021,0
DA:8025,0
DA:8031,0
DA:8032,0
DA:8035,0
DA:8036,0
DA:8038,0
DA:8044,0
DA:8049,0
DA:8053,0
DA:8057,0
DA:8061,0
DA:8065,0
DA:8069,0
DA:8073,0
DA:8082,0
DA:8084,0
DA:8085,0
DA:8086,0
DA:8093,0
DA:8094,0
DA:8096,0
DA:8097,0
DA:8098,0
DA:8100,0
DA:8104,0
DA:8105,0
DA:8107,0
DA:8108,0
DA:8109,0
DA:8111,0
DA:8115,0
DA:8116,0
DA:8117,0
DA:8122,0
DA:8123,0
DA:8124,0
DA:8125,0
DA:8127,0
DA:8131,0
DA:8132,0
DA:8134,0
DA:8135,0
DA:8136,0
DA:8138,0
DA:8146,0
DA:8147,0
DA:8148,0
DA:8152,0
DA:8156,0
DA:8157,0
DA:8158,0
DA:8162,0
DA:8169,0
DA:8171,0
DA:8173,0
DA:8176,0
DA:8177,0
DA:8179,0
DA:8180,0
DA:8182,0
DA:8183,0
DA:8185,0
DA:8187,0
DA:8192,0
DA:8193,0
DA:8194,0
DA:8199,0
DA:8200,0
DA:8201,0
DA:8203,0
DA:8204,0
DA:8206,0
DA:8208,0
DA:8220,0
DA:8223,0
DA:8228,0
DA:8230,0
DA:8232,0
DA:8233,0
DA:8235,0
DA:8236,0
DA:8238,0
DA:8239,0
DA:8240,0
DA:8244,0
DA:8246,0
DA:8248,0
DA:8249,0
DA:8251,0
DA:8258,0
DA:8262,0
DA:8263,0
DA:8265,0
DA:8266,0
DA:8267,0
DA:8268,0
DA:8269,0
DA:8272,0
DA:8278,0
DA:8281,0
DA:8288,0
DA:8291,0
DA:8298,0
DA:8301,0
DA:8312,0
DA:8313,0
DA:8314,0
DA:8315,0
DA:8319,0
DA:8320,0
DA:8325,0
DA:8326,0
DA:8327,0
DA:8330,0
DA:8331,0
DA:8333,0
DA:8334,0
DA:8335,0
DA:8338,0
DA:8339,0
DA:8341,0
DA:8344,0
DA:8348,0
DA:8349,0
DA:8351,0
DA:8352,0
DA:8353,0
DA:8354,0
DA:8355,0
DA:8357,0
DA:8358,0
DA:8359,0
DA:8360,0
DA:8361,0
DA:8366,0
DA:8376,0
DA:8377,0
DA:8378,0
DA:8380,0
DA:8381,0
DA:8384,0
DA:8385,0
DA:8394,0
DA:8395,0
DA:8404,0
DA:8405,0
DA:8414,0
DA:8417,0
DA:8418,0
DA:8419,0
DA:8424,0
DA:8426,0
DA:8429,0
DA:8430,0
DA:8431,0
DA:8433,0
DA:8434,0
DA:8436,0
DA:8442,0
DA:8447,0
DA:8449,0
DA:8451,0
DA:8452,0
DA:8453,0
DA:8458,0
DA:8461,0
DA:8467,0
DA:8470,0
DA:8475,0
DA:8478,0
DA:8485,0
DA:8489,0
DA:8501,0
DA:8503,0
DA:8505,0
DA:8508,0
DA:8510,0
DA:8513,0
DA:8514,0
DA:8517,0
DA:8518,0
DA:8521,0
DA:8522,0
DA:8525,0
DA:8526,0
DA:8529,0
DA:8530,0
DA:8533,0
DA:8534,0
DA:8537,0
DA:8538,0
DA:8541,0
DA:8542,0
DA:8545,0
DA:8546,0
DA:8549,0
DA:8550,0
DA:8553,0
DA:8554,0
DA:8558,0
DA:8562,0
DA:8565,0
DA:8579,0
DA:8590,0
DA:8591,0
DA:8594,0
DA:8595,0
DA:8601,0
DA:8605,0
DA:8607,0
DA:8610,0
DA:8611,0
DA:8614,0
DA:8615,0
DA:8618,0
DA:8619,0
DA:8635,0
DA:8647,0
DA:8648,0
DA:8653,0
DA:8654,0
DA:8655,0
DA:8657,0
DA:8659,0
DA:8660,0
DA:8661,0
DA:8663,0
DA:8664,0
DA:8665,0
DA:8667,0
DA:8668,0
DA:8672,0
DA:8681,0
DA:8682,0
DA:8686,0
DA:8690,0
DA:8691,0
DA:8692,0
DA:8695,0
DA:8702,0
DA:8708,0
DA:8709,0
DA:8710,0
DA:8714,0
DA:8716,0
DA:8723,0
DA:8727,0
DA:8738,0
DA:8739,0
DA:8741,0
DA:8742,0
DA:8749,0
DA:8753,0
DA:8756,0
DA:8757,0
DA:8762,0
DA:8765,0
DA:8773,0
DA:8774,0
DA:8776,0
DA:8777,0
DA:8780,0
DA:8792,0
DA:8794,0
DA:8797,0
DA:8801,0
DA:8802,0
DA:8803,0
DA:8807,0
DA:8810,0
DA:8814,0
DA:8815,0
DA:8816,0
DA:8819,0
DA:8821,0
DA:8824,0
DA:8831,0
DA:8832,0
DA:8835,0
DA:8840,0
DA:8853,0
DA:8854,0
DA:8855,0
DA:8856,0
DA:8857,0
DA:8858,0
DA:8863,0
DA:8867,0
DA:8882,0
DA:8883,0
DA:8886,0
DA:8887,0
DA:8888,0
DA:8889,0
DA:8891,0
DA:8894,0
DA:8895,0
DA:8898,0
DA:8899,0
DA:8904,0
DA:8905,0
DA:8910,0
DA:8912,0
DA:8918,0
DA:8919,0
DA:8920,0
DA:8922,0
DA:8923,0
DA:8926,0
DA:8928,0
DA:8930,0
DA:8931,0
DA:8933,0
DA:8937,0
DA:8938,0
DA:8939,0
DA:8940,0
DA:8941,0
DA:8942,0
DA:8948,0
DA:8949,0
DA:8950,0
DA:8954,0
DA:8961,0
DA:8962,0
DA:8967,0
DA:8969,0
DA:8972,0
DA:8974,0
DA:8981,0
DA:8982,0
DA:8991,0
DA:8992,0
DA:8994,0
DA:8995,0
DA:8998,0
DA:9000,0
DA:9003,0
DA:9005,0
DA:9008,0
DA:9016,0
DA:9018,0
DA:9020,0
DA:9026,0
DA:9027,0
DA:9034,0
DA:9036,0
DA:9039,0
DA:9041,0
DA:9046,0
DA:9047,0
DA:9052,0
DA:9059,0
DA:9060,0
DA:9065,0
DA:9071,0
DA:9072,0
DA:9073,0
DA:9074,0
DA:9079,0
DA:9084,0
DA:9085,0
DA:9086,0
DA:9087,0
DA:9092,0
DA:9102,0
DA:9103,0
DA:9113,0
DA:9115,0
DA:9120,0
DA:9121,0
DA:9122,0
DA:9124,0
DA:9126,0
DA:9127,0
DA:9128,0
DA:9130,0
DA:9133,0
DA:9135,0
DA:9137,0
DA:9139,0
DA:9144,0
DA:9145,0
DA:9153,0
DA:9154,0
DA:9155,0
DA:9156,0
DA:9158,0
DA:9160,0
DA:9164,0
DA:9165,0
DA:9166,0
DA:9168,0
DA:9170,0
DA:9171,0
DA:9172,0
DA:9174,0
DA:9177,0
DA:9179,0
DA:9181,0
DA:9183,0
DA:9191,0
DA:9193,0
DA:9201,0
DA:9202,0
DA:9203,0
DA:9205,0
DA:9214,0
DA:9217,0
DA:9218,0
DA:9219,0
DA:9221,0
DA:9222,0
DA:9224,0
DA:9225,0
DA:9226,0
DA:9227,0
DA:9231,0
DA:9236,0
DA:9237,0
DA:9238,0
DA:9239,0
DA:9241,0
DA:9246,0
DA:9276,0
DA:9278,0
DA:9280,0
DA:9286,0
DA:9287,0
DA:9288,0
DA:9292,0
DA:9295,0
DA:9296,0
DA:9298,0
DA:9299,0
DA:9303,0
DA:9308,0
DA:9309,0
DA:9310,0
DA:9320,0
DA:9321,0
DA:9322,0
DA:9323,0
DA:9324,0
DA:9325,0
DA:9326,0
DA:9327,0
DA:9328,0
DA:9329,0
DA:9330,0
DA:9331,0
DA:9336,0
DA:9337,0
DA:9338,0
DA:9342,0
DA:9345,0
DA:9353,0
DA:9355,0
DA:9356,0
DA:9357,0
DA:9358,0
DA:9359,0
DA:9363,0
DA:9364,0
DA:9365,0
DA:9366,0
DA:9368,0
DA:9373,0
DA:9375,0
DA:9377,0
DA:9382,0
DA:9391,0
DA:9398,0
DA:9419,0
DA:9425,0
DA:9426,0
DA:9428,0
DA:9440,0
DA:9441,0
DA:9445,0
DA:9446,0
DA:9447,0
DA:9449,0
DA:9456,0
DA:9465,0
DA:9466,0
DA:9472,0
DA:9473,0
DA:9474,0
DA:9477,0
DA:9478,0
DA:9479,0
DA:9480,0
DA:9486,0
DA:9487,0
DA:9488,0
DA:9489,0
DA:9490,0
DA:9492,0
DA:9493,0
DA:9495,0
DA:9496,0
DA:9498,0
DA:9499,0
DA:9507,0
DA:9508,0
DA:9511,0
DA:9512,0
DA:9519,0
DA:9520,0
DA:9529,0
DA:9530,0
DA:9532,0
DA:9535,0
DA:9536,0
DA:9537,0
DA:9538,0
DA:9541,0
DA:9547,0
DA:9548,0
DA:9549,0
DA:9550,0
DA:9551,0
DA:9552,0
DA:9555,0
DA:9556,0
DA:9561,0
DA:9562,0
DA:9564,0
DA:9565,0
DA:9571,0
DA:9580,0
DA:9581,0
DA:9582,0
DA:9586,0
DA:9588,0
DA:9589,0
DA:9590,0
DA:9591,0
DA:9593,0
DA:9596,0
DA:9601,0
DA:9602,0
DA:9605,0
DA:9608,0
DA:9609,0
DA:9610,0
DA:9611,0
DA:9612,0
DA:9613,0
DA:9614,0
DA:9616,0
DA:9618,0
DA:9625,0
DA:9626,0
DA:9630,0
DA:9633,0
DA:9639,0
DA:9646,0
DA:9647,0
DA:9653,0
DA:9654,0
DA:9655,0
DA:9656,0
DA:9658,0
DA:9659,0
DA:9661,0
DA:9663,0
DA:9664,0
DA:9666,0
DA:9667,0
DA:9669,0
DA:9670,0
DA:9681,0
DA:9682,0
DA:9685,0
DA:9691,0
DA:9708,0
DA:9709,0
DA:9710,0
DA:9712,0
DA:9713,0
DA:9714,0
DA:9716,0
DA:9721,0
DA:9722,0
DA:9725,0
DA:9729,0
DA:9734,0
DA:9739,0
DA:9740,0
DA:9741,0
DA:9742,0
DA:9743,0
DA:9745,0
DA:9751,0
DA:9762,0
DA:9765,0
DA:9766,0
DA:9768,0
DA:9770,0
DA:9772,0
DA:9777,0
DA:9778,0
DA:9781,0
DA:9783,0
DA:9787,0
DA:9788,0
DA:9789,0
DA:9790,0
DA:9791,0
DA:9792,0
DA:9793,0
DA:9794,0
DA:9795,0
DA:9796,0
DA:9800,0
DA:9801,0
DA:9802,0
DA:9803,0
DA:9804,0
DA:9805,0
DA:9807,0
DA:9811,0
DA:9812,0
DA:9813,0
DA:9814,0
DA:9820,0
DA:9821,0
DA:9825,0
DA:9826,0
DA:9829,0
DA:9830,0
DA:9831,0
DA:9833,0
DA:9834,0
DA:9836,0
DA:9840,0
DA:9841,0
DA:9844,0
DA:9850,0
DA:9851,0
DA:9853,0
DA:9859,0
DA:9860,0
DA:9862,0
DA:9867,0
DA:9872,0
DA:9873,0
DA:9875,0
DA:9879,0
DA:9882,0
DA:9884,0
DA:9885,0
DA:9887,0
DA:9888,0
DA:9891,0
DA:9893,0
DA:9896,0
DA:9898,0
DA:9899,0
DA:9900,0
DA:9901,0
DA:9902,0
DA:9904,0
DA:9908,0
DA:9911,0
DA:9917,0
DA:9918,0
DA:9920,0
DA:9923,0
DA:9924,0
DA:9928,0
DA:9934,0
DA:9935,0
DA:9937,0
DA:9939,0
DA:9940,0
DA:9943,0
DA:9946,0
DA:9952,0
DA:9954,0
DA:9955,0
DA:9957,0
DA:9959,0
DA:9961,0
DA:9962,0
DA:9963,0
DA:9964,0
DA:9966,0
DA:9968,0
DA:9969,0
DA:9970,0
DA:9975,0
DA:9976,0
DA:9978,0
DA:9982,0
DA:9985,0
DA:9986,0
DA:9989,0
DA:9990,0
DA:9993,0
DA:9994,0
DA:9997,0
DA:9998,0
DA:10001,0
DA:10002,0
DA:10005,0
DA:10006,0
DA:10009,0
DA:10010,0
DA:10013,0
DA:10014,0
DA:10017,0
DA:10018,0
DA:10021,0
DA:10022,0
DA:10025,0
DA:10026,0
DA:10029,0
DA:10042,0
DA:10049,0
DA:10050,0
DA:10051,0
DA:10052,0
DA:10053,0
DA:10054,0
DA:10055,0
DA:10061,0
DA:10062,0
DA:10063,0
DA:10065,0
DA:10066,0
DA:10067,0
DA:10075,0
DA:10076,0
DA:10078,0
DA:10079,0
DA:10080,0
DA:10082,0
DA:10084,0
DA:10085,0
DA:10086,0
DA:10088,0
DA:10094,0
DA:10095,0
DA:10097,0
DA:10098,0
DA:10099,0
DA:10101,0
DA:10103,0
DA:10104,0
DA:10105,0
DA:10107,0
DA:10113,0
DA:10114,0
DA:10116,0
DA:10117,0
DA:10118,0
DA:10119,0
DA:10120,0
DA:10121,0
DA:10127,0
DA:10129,0
DA:10130,0
DA:10132,0
DA:10134,0
DA:10137,0
DA:10139,0
DA:10140,0
DA:10141,0
DA:10145,0
DA:10149,0
DA:10150,0
DA:10152,0
DA:10155,0
DA:10156,0
DA:10158,0
DA:10159,0
DA:10160,0
DA:10161,0
DA:10165,0
DA:10166,0
DA:10175,0
DA:10178,0
DA:10179,0
DA:10180,0
DA:10181,0
DA:10182,0
DA:10187,0
DA:10197,0
DA:10198,0
DA:10200,0
DA:10201,0
DA:10204,0
DA:10205,0
DA:10206,0
DA:10208,0
DA:10215,0
DA:10216,0
DA:10218,0
DA:10219,0
DA:10220,0
DA:10221,0
DA:10223,0
DA:10225,0
DA:10226,0
DA:10227,0
DA:10229,0
DA:10230,0
DA:10231,0
DA:10241,0
DA:10242,0
DA:10244,0
DA:10245,0
DA:10246,0
DA:10248,0
DA:10250,0
DA:10251,0
DA:10252,0
DA:10253,0
DA:10255,0
DA:10263,0
DA:10265,0
DA:10266,0
DA:10267,0
DA:10269,0
DA:10270,0
DA:10273,0
DA:10274,0
DA:10283,0
DA:10284,0
DA:10285,0
DA:10286,0
DA:10288,0
DA:10293,0
DA:10295,0
DA:10297,0
DA:10303,0
DA:10304,0
DA:10307,0
DA:10309,0
DA:10311,0
DA:10312,0
DA:10313,0
DA:10314,0
DA:10317,0
DA:10319,0
DA:10322,0
DA:10324,0
DA:10326,0
DA:10327,0
DA:10328,0
DA:10330,0
DA:10331,0
DA:10332,0
DA:10333,0
DA:10335,0
DA:10344,0
DA:10346,0
DA:10347,0
DA:10349,0
DA:10350,0
DA:10351,0
DA:10353,0
DA:10356,0
DA:10359,0
DA:10363,0
DA:10366,0
DA:10369,0
DA:10370,0
DA:10372,0
DA:10375,0
DA:10376,0
DA:10377,0
DA:10378,0
DA:10382,0
DA:10383,0
DA:10385,0
DA:10386,0
DA:10387,0
DA:10389,0
DA:10391,0
DA:10393,0
DA:10394,0
DA:10395,0
DA:10396,0
DA:10400,0
DA:10407,0
DA:10409,0
DA:10411,0
DA:10412,0
DA:10416,0
DA:10417,0
DA:10418,0
DA:10420,0
DA:10421,0
DA:10423,0
DA:10424,0
DA:10432,0
DA:10437,0
DA:10439,0
DA:10440,0
DA:10443,0
DA:10444,0
DA:10450,0
DA:10451,0
DA:10455,0
DA:10456,0
DA:10466,0
DA:10468,0
DA:10469,0
DA:10470,0
DA:10471,0
DA:10472,0
DA:10473,0
DA:10474,0
DA:10475,0
DA:10476,0
DA:10478,0
DA:10481,0
DA:10482,0
DA:10494,0
DA:10499,0
DA:10500,0
DA:10501,0
DA:10510,0
DA:10511,0
DA:10512,0
DA:10515,0
DA:10516,0
DA:10517,0
DA:10518,0
DA:10520,0
DA:10521,0
DA:10527,0
DA:10528,0
DA:10529,0
DA:10534,0
DA:10535,0
DA:10536,0
DA:10537,0
DA:10538,0
DA:10540,0
DA:10541,0
DA:10542,0
DA:10543,0
DA:10544,0
DA:10545,0
DA:10547,0
DA:10550,0
DA:10555,0
DA:10563,0
DA:10564,0
DA:10567,0
DA:10568,0
DA:10569,0
DA:10574,0
DA:10575,0
DA:10578,0
DA:10580,0
DA:10582,0
DA:10584,0
DA:10585,0
DA:10586,0
DA:10588,0
DA:10590,0
DA:10596,0
DA:10597,0
DA:10598,0
DA:10599,0
DA:10602,0
DA:10603,0
DA:10618,0
DA:10619,0
DA:10620,0
DA:10629,0
DA:10630,0
DA:10631,0
DA:10632,0
DA:10633,0
DA:10634,0
DA:10636,0
DA:10637,0
DA:10642,0
DA:10643,0
DA:10644,0
DA:10653,0
DA:10656,0
DA:10662,0
DA:10663,0
DA:10664,0
DA:10665,0
DA:10666,0
DA:10667,0
DA:10668,0
DA:10669,0
DA:10679,0
DA:10681,0
DA:10683,0
DA:10684,0
DA:10685,0
DA:10687,0
DA:10688,0
DA:10689,0
DA:10690,0
DA:10692,0
DA:10698,0
DA:10705,0
DA:10706,0
DA:10707,0
DA:10708,0
DA:10709,0
DA:10722,1
DA:10723,1
DA:10724,1
DA:10725,1
DA:10726,1
DA:10727,1
DA:10728,1
DA:10729,1
DA:10730,1
DA:10731,1
DA:10732,1
DA:10733,1
DA:10734,1
DA:10735,1
DA:10736,1
DA:10737,1
DA:10738,1
DA:10739,1
DA:10740,1
DA:10741,1
DA:10742,1
DA:10743,1
DA:10744,1
DA:10745,1
DA:10746,1
DA:10747,1
DA:10748,1
DA:10749,1
DA:10750,1
DA:10751,1
DA:10752,1
DA:10753,1
DA:10754,1
DA:10755,1
DA:10756,1
DA:10757,1
DA:10758,1
DA:10759,1
DA:10760,1
DA:10761,1
DA:10762,1
DA:10763,1
DA:10764,1
DA:10765,1
DA:10766,1
LF:3049
LH:446
BRDA:5,0,0,0
BRDA:5,0,1,1
BRDA:5,1,0,1
BRDA:5,1,1,1
BRDA:5,1,2,0
BRDA:29,2,0,1
BRDA:29,2,1,0
BRDA:42,3,0,0
BRDA:42,3,1,1
BRDA:46,4,0,0
BRDA:46,4,1,1
BRDA:98,5,0,8374953
BRDA:98,5,1,0
BRDA:121,6,0,0
BRDA:121,6,1,852
BRDA:121,7,0,852
BRDA:121,7,1,852
BRDA:152,8,0,0
BRDA:152,8,1,0
BRDA:155,9,0,0
BRDA:155,9,1,0
BRDA:160,10,0,0
BRDA:160,10,1,0
BRDA:161,11,0,0
BRDA:161,11,1,0
BRDA:171,12,0,0
BRDA:171,12,1,0
BRDA:217,13,0,0
BRDA:233,14,0,0
BRDA:253,15,0,85140
BRDA:254,16,0,85140
BRDA:254,16,1,0
BRDA:255,17,0,0
BRDA:255,17,1,85140
BRDA:255,18,0,85140
BRDA:255,18,1,85140
BRDA:366,19,0,0
BRDA:366,19,1,0
BRDA:368,20,0,0
BRDA:368,20,1,0
BRDA:425,21,0,0
BRDA:449,22,0,0
BRDA:449,22,1,0
BRDA:470,23,0,0
BRDA:470,23,1,0
BRDA:494,24,0,0
BRDA:494,24,1,0
BRDA:564,25,0,0
BRDA:564,26,0,1
BRDA:574,27,0,0
BRDA:574,27,1,1
BRDA:581,28,0,1
BRDA:581,28,1,0
BRDA:590,29,0,0
BRDA:590,29,1,0
BRDA:657,30,0,0
BRDA:657,30,1,0
BRDA:681,31,0,0
BRDA:681,31,1,0
BRDA:682,32,0,0
BRDA:682,32,1,0
BRDA:687,33,0,0
BRDA:687,33,1,0
BRDA:688,34,0,0
BRDA:688,34,1,0
BRDA:701,35,0,0
BRDA:701,35,1,0
BRDA:721,36,0,0
BRDA:732,37,0,0
BRDA:732,37,1,0
BRDA:733,38,0,0
BRDA:733,38,1,0
BRDA:741,39,0,0
BRDA:741,39,1,0
BRDA:742,40,0,0
BRDA:742,40,1,0
BRDA:750,41,0,0
BRDA:750,41,1,0
BRDA:751,42,0,0
BRDA:751,42,1,0
BRDA:759,43,0,0
BRDA:759,43,1,0
BRDA:760,44,0,0
BRDA:760,44,1,0
BRDA:778,45,0,1523787
BRDA:793,46,0,4195
BRDA:793,46,1,1519592
BRDA:794,47,0,0
BRDA:794,47,1,4195
BRDA:801,48,0,2403
BRDA:801,48,1,1521384
BRDA:802,49,0,0
BRDA:802,49,1,2403
BRDA:810,50,0,6303
BRDA:810,50,1,1517484
BRDA:811,51,0,0
BRDA:811,51,1,6303
BRDA:818,52,0,5057
BRDA:818,52,1,1518730
BRDA:819,53,0,0
BRDA:819,53,1,5057
BRDA:824,54,0,1523787
BRDA:824,54,1,0
BRDA:824,55,0,1523787
BRDA:824,55,1,0
BRDA:881,56,0,0
BRDA:881,56,1,0
BRDA:882,57,0,0
BRDA:882,57,1,0
BRDA:890,58,0,0
BRDA:890,58,1,0
BRDA:891,59,0,0
BRDA:891,59,1,0
BRDA:905,60,0,0
BRDA:905,60,1,0
BRDA:906,61,0,0
BRDA:906,61,1,0
BRDA:914,62,0,0
BRDA:914,62,1,0
BRDA:915,63,0,0
BRDA:915,63,1,0
BRDA:960,64,0,0
BRDA:966,65,0,0
BRDA:966,65,1,0
BRDA:1088,66,0,0
BRDA:1088,66,1,0
BRDA:1111,67,0,0
BRDA:1116,68,0,0
BRDA:1116,68,1,0
BRDA:1117,69,0,0
BRDA:1117,69,1,0
BRDA:1122,70,0,0
BRDA:1122,70,1,0
BRDA:1123,71,0,0
BRDA:1123,71,1,0
BRDA:1136,72,0,0
BRDA:1136,72,1,0
BRDA:1166,73,0,1
BRDA:1166,73,1,0
BRDA:1171,74,0,0
BRDA:1171,74,1,1
BRDA:1183,75,0,0
BRDA:1183,75,1,1
BRDA:1183,76,0,1
BRDA:1183,76,1,0
BRDA:1194,77,0,1
BRDA:1194,77,1,0
BRDA:1267,78,0,0
BRDA:1292,79,0,0
BRDA:1292,79,1,0
BRDA:1297,80,0,0
BRDA:1297,80,1,0
BRDA:1303,81,0,0
BRDA:1303,81,1,0
BRDA:1304,82,0,0
BRDA:1304,82,1,0
BRDA:1355,83,0,0
BRDA:1355,83,1,0
BRDA:1362,84,0,0
BRDA:1362,84,1,0
BRDA:1427,85,0,0
BRDA:1427,85,1,75840
BRDA:1443,86,0,0
BRDA:1443,86,1,51927
BRDA:1458,87,0,2
BRDA:1458,87,1,51925
BRDA:1546,88,0,0
BRDA:1546,88,1,0
BRDA:1586,89,0,0
BRDA:1586,89,1,5
BRDA:1589,90,0,5
BRDA:1589,90,1,0
BRDA:1691,91,0,0
BRDA:1691,91,1,10
BRDA:1694,92,0,0
BRDA:1694,92,1,10
BRDA:1710,93,0,0
BRDA:1710,93,1,8
BRDA:1713,94,0,1
BRDA:1713,94,1,7
BRDA:1749,95,0,1
BRDA:1749,95,1,0
BRDA:1749,96,0,1
BRDA:1749,96,1,0
BRDA:1749,96,2,0
BRDA:1784,97,0,0
BRDA:1784,97,1,7
BRDA:1790,98,0,0
BRDA:1790,98,1,7
BRDA:1834,99,0,0
BRDA:1834,99,1,1
BRDA:1838,100,0,0
BRDA:1838,100,1,1
BRDA:1842,101,0,0
BRDA:1842,101,1,1
BRDA:1849,102,0,0
BRDA:1849,102,1,5
BRDA:1852,103,0,0
BRDA:1852,103,1,5
BRDA:1856,104,0,0
BRDA:1856,104,1,5
BRDA:1896,105,0,1
BRDA:1896,105,1,8
BRDA:1898,106,0,7
BRDA:1898,106,1,1
BRDA:1900,107,0,1
BRDA:1900,107,1,0
BRDA:1935,108,0,0
BRDA:1935,108,1,35
BRDA:1935,109,0,35
BRDA:1935,109,1,35
BRDA:1952,110,0,0
BRDA:1952,110,1,0
BRDA:1952,111,0,0
BRDA:1952,111,1,0
BRDA:1952,111,2,0
BRDA:1969,112,0,0
BRDA:1970,113,0,0
BRDA:1970,113,1,1
BRDA:1975,114,0,1
BRDA:1975,114,1,1
BRDA:2000,115,0,0
BRDA:2000,115,1,1
BRDA:2003,116,0,0
BRDA:2003,116,1,1
BRDA:2021,117,0,0
BRDA:2025,118,0,1
BRDA:2025,118,1,8
BRDA:2027,119,0,7
BRDA:2027,119,1,1
BRDA:2029,120,0,0
BRDA:2029,120,1,1
BRDA:2031,121,0,1
BRDA:2031,121,1,0
BRDA:2033,122,0,0
BRDA:2033,122,1,0
BRDA:2043,123,0,1
BRDA:2043,123,1,8
BRDA:2044,124,0,0
BRDA:2044,124,1,1
BRDA:2044,125,0,1
BRDA:2044,125,1,1
BRDA:2045,126,0,7
BRDA:2045,126,1,1
BRDA:2047,127,0,0
BRDA:2047,127,1,35
BRDA:2047,128,0,35
BRDA:2047,128,1,35
BRDA:2049,129,0,1
BRDA:2049,129,1,0
BRDA:2052,130,0,0
BRDA:2052,130,1,25
BRDA:2052,131,0,25
BRDA:2052,131,1,25
BRDA:2077,132,0,8
BRDA:2148,133,0,1968415
BRDA:2148,133,1,1719603
BRDA:2239,134,0,243554
BRDA:2239,134,1,682618
BRDA:2239,135,0,926172
BRDA:2239,135,1,682618
BRDA:2313,136,0,0
BRDA:2313,136,1,1
BRDA:2349,137,0,170938
BRDA:2349,137,1,60605
BRDA:2359,138,0,231543
BRDA:2359,138,1,0
BRDA:2359,139,0,231543
BRDA:2359,139,1,0
BRDA:2383,140,0,0
BRDA:2383,140,1,0
BRDA:2397,141,0,0
BRDA:2397,141,1,0
BRDA:2420,142,0,0
BRDA:2420,142,1,0
BRDA:2436,143,0,0
BRDA:2436,143,1,0
BRDA:2437,144,0,0
BRDA:2437,144,1,0
BRDA:2454,145,0,0
BRDA:2454,145,1,0
BRDA:2479,146,0,83024
BRDA:2479,146,1,0
BRDA:2544,147,0,0
BRDA:2544,147,1,1
BRDA:2565,148,0,0
BRDA:2565,148,1,0
BRDA:2584,149,0,0
BRDA:2584,149,1,85140
BRDA:2598,150,0,381997
BRDA:2598,150,1,295448
BRDA:2601,151,0,350121
BRDA:2601,151,1,327324
BRDA:2607,152,0,428787
BRDA:2607,152,1,248658
BRDA:2612,153,0,88445
BRDA:2612,153,1,340342
BRDA:2616,154,0,294365
BRDA:2616,154,1,134422
BRDA:2623,155,0,25156
BRDA:2623,155,1,59984
BRDA:2626,156,0,84873
BRDA:2626,156,1,267
BRDA:2627,157,0,426
BRDA:2627,157,1,84447
BRDA:2644,158,0,0
BRDA:2644,158,1,231543
BRDA:2649,159,0,0
BRDA:2649,159,1,231543
BRDA:2649,160,0,231543
BRDA:2649,160,1,60605
BRDA:2657,161,0,1101962
BRDA:2657,161,1,742047
BRDA:2660,162,0,866453
BRDA:2660,162,1,977556
BRDA:2663,163,0,977556
BRDA:2663,163,1,866453
BRDA:2666,164,0,742047
BRDA:2666,164,1,1101962
BRDA:2671,165,0,170938
BRDA:2671,165,1,60605
BRDA:2678,166,0,170371
BRDA:2678,166,1,61172
BRDA:2786,167,0,0
BRDA:2786,167,1,0
BRDA:2790,168,0,0
BRDA:2790,168,1,0
BRDA:2909,169,0,4
BRDA:2909,169,1,7
BRDA:2940,170,0,0
BRDA:2940,170,1,0
BRDA:2955,171,0,0
BRDA:2955,171,1,0
BRDA:2970,172,0,0
BRDA:2970,172,1,0
BRDA:2983,173,0,5
BRDA:2983,173,1,0
BRDA:2984,174,0,5
BRDA:2984,174,1,0
BRDA:2992,175,0,5
BRDA:2992,175,1,0
BRDA:3004,176,0,0
BRDA:3004,176,1,0
BRDA:3011,177,0,2
BRDA:3011,177,1,3
BRDA:3014,178,0,1
BRDA:3014,178,1,4
BRDA:3018,179,0,0
BRDA:3018,179,1,5
BRDA:3039,180,0,0
BRDA:3039,180,1,0
BRDA:3044,181,0,0
BRDA:3044,181,1,0
BRDA:3047,182,0,0
BRDA:3047,182,1,0
BRDA:3154,183,0,231543
BRDA:3154,183,1,427335
BRDA:3157,184,0,0
BRDA:3157,184,1,0
BRDA:3161,185,0,231543
BRDA:3161,185,1,0
BRDA:3164,186,0,84714
BRDA:3164,186,1,146829
BRDA:3185,187,0,80526
BRDA:3185,187,1,151017
BRDA:3200,188,0,0
BRDA:3200,188,1,85140
BRDA:3203,189,0,25156
BRDA:3203,189,1,59984
BRDA:3210,190,0,0
BRDA:3210,190,1,25156
BRDA:3218,191,0,84873
BRDA:3218,191,1,267
BRDA:3239,192,0,0
BRDA:3239,192,1,85140
BRDA:3245,193,0,381997
BRDA:3245,193,1,295448
BRDA:3248,194,0,327324
BRDA:3248,194,1,350121
BRDA:3249,195,0,75414
BRDA:3249,195,1,251910
BRDA:3253,196,0,295448
BRDA:3253,196,1,381997
BRDA:3254,197,0,50309
BRDA:3254,197,1,245139
BRDA:3260,198,0,426
BRDA:3260,198,1,84714
BRDA:3260,199,0,85140
BRDA:3260,199,1,426
BRDA:3263,200,0,1618
BRDA:3263,200,1,83522
BRDA:3263,201,0,85140
BRDA:3263,201,1,84714
BRDA:3275,202,0,0
BRDA:3275,202,1,426
BRDA:3282,203,0,0
BRDA:3282,203,1,426
BRDA:3333,204,0,0
BRDA:3430,205,0,0
BRDA:3430,205,1,0
BRDA:3431,206,0,0
BRDA:3431,206,1,0
BRDA:3439,207,0,0
BRDA:3439,207,1,0
BRDA:3440,208,0,0
BRDA:3440,208,1,0
BRDA:3478,209,0,0
BRDA:3478,209,1,0
BRDA:3534,210,0,0
BRDA:3534,210,1,0
BRDA:3581,211,0,0
BRDA:3581,211,1,0
BRDA:3607,212,0,0
BRDA:3607,212,1,0
BRDA:3615,213,0,0
BRDA:3615,213,1,0
BRDA:3617,214,0,0
BRDA:3617,214,1,0
BRDA:3622,215,0,0
BRDA:3622,215,1,0
BRDA:3629,216,0,0
BRDA:3629,216,1,0
BRDA:3631,217,0,0
BRDA:3631,217,1,0
BRDA:3634,218,0,0
BRDA:3634,218,1,0
BRDA:3647,219,0,0
BRDA:3647,219,1,0
BRDA:3677,220,0,0
BRDA:3677,220,1,0
BRDA:3685,221,0,0
BRDA:3685,221,1,0
BRDA:3688,222,0,0
BRDA:3688,222,1,0
BRDA:3696,223,0,0
BRDA:3696,223,1,0
BRDA:3706,224,0,0
BRDA:3706,224,1,0
BRDA:3706,225,0,0
BRDA:3706,225,1,0
BRDA:3765,226,0,0
BRDA:3765,226,1,0
BRDA:3782,227,0,0
BRDA:3782,227,1,0
BRDA:3782,228,0,0
BRDA:3782,228,1,0
BRDA:3790,229,0,0
BRDA:3790,229,1,0
BRDA:3790,229,2,0
BRDA:3794,230,0,0
BRDA:3794,230,1,0
BRDA:3794,230,2,0
BRDA:3803,231,0,0
BRDA:3803,231,1,0
BRDA:3803,232,0,0
BRDA:3803,232,1,0
BRDA:3806,233,0,0
BRDA:3806,233,1,0
BRDA:3806,234,0,0
BRDA:3806,234,1,0
BRDA:3810,235,0,0
BRDA:3810,235,1,0
BRDA:3815,236,0,0
BRDA:3815,236,1,0
BRDA:3815,236,2,0
BRDA:3851,237,0,0
BRDA:3947,238,0,0
BRDA:3947,238,1,0
BRDA:3967,239,0,0
BRDA:3967,239,1,0
BRDA:3983,240,0,0
BRDA:3984,241,0,0
BRDA:3984,241,1,0
BRDA:3992,242,0,0
BRDA:3992,242,1,0
BRDA:4022,243,0,0
BRDA:4022,244,0,0
BRDA:4023,245,0,0
BRDA:4023,245,1,0
BRDA:4032,246,0,0
BRDA:4032,246,1,0
BRDA:4035,247,0,0
BRDA:4035,247,1,0
BRDA:4054,248,0,0
BRDA:4054,248,1,0
BRDA:4059,249,0,0
BRDA:4059,249,1,0
BRDA:4062,250,0,0
BRDA:4062,250,1,0
BRDA:4065,251,0,0
BRDA:4065,251,1,0
BRDA:4065,252,0,0
BRDA:4065,252,1,0
BRDA:4110,253,0,0
BRDA:4110,253,1,0
BRDA:4121,254,0,0
BRDA:4121,254,1,0
BRDA:4129,255,0,0
BRDA:4129,255,1,0
BRDA:4136,256,0,0
BRDA:4136,256,1,0
BRDA:4136,257,0,0
BRDA:4136,257,1,0
BRDA:4145,258,0,0
BRDA:4145,258,1,0
BRDA:4148,259,0,0
BRDA:4148,259,1,0
BRDA:4151,260,0,0
BRDA:4151,260,1,0
BRDA:4154,261,0,0
BRDA:4154,261,1,0
BRDA:4181,262,0,0
BRDA:4181,262,1,0
BRDA:4184,263,0,0
BRDA:4184,263,1,0
BRDA:4186,264,0,0
BRDA:4186,264,1,0
BRDA:4186,265,0,0
BRDA:4186,265,1,0
BRDA:4191,266,0,0
BRDA:4191,266,1,0
BRDA:4194,267,0,0
BRDA:4194,267,1,0
BRDA:4197,268,0,0
BRDA:4197,268,1,0
BRDA:4222,269,0,0
BRDA:4222,269,1,0
BRDA:4222,270,0,0
BRDA:4222,270,1,0
BRDA:4222,270,2,0
BRDA:4224,271,0,0
BRDA:4224,271,1,0
BRDA:4225,272,0,0
BRDA:4225,272,1,0
BRDA:4255,273,0,0
BRDA:4255,273,1,0
BRDA:4263,274,0,0
BRDA:4263,274,1,0
BRDA:4273,275,0,0
BRDA:4273,275,1,0
BRDA:4279,276,0,0
BRDA:4279,276,1,0
BRDA:4279,277,0,0
BRDA:4279,277,1,0
BRDA:4280,278,0,0
BRDA:4280,278,1,0
BRDA:4302,279,0,0
BRDA:4302,279,1,0
BRDA:4305,280,0,0
BRDA:4305,280,1,0
BRDA:4315,281,0,0
BRDA:4315,281,1,0
BRDA:4369,282,0,0
BRDA:4369,282,1,0
BRDA:4370,283,0,0
BRDA:4370,283,1,0
BRDA:4376,284,0,0
BRDA:4376,284,1,0
BRDA:4379,285,0,0
BRDA:4379,285,1,0
BRDA:4388,286,0,0
BRDA:4388,286,1,0
BRDA:4388,287,0,0
BRDA:4388,287,1,0
BRDA:4389,288,0,0
BRDA:4389,288,1,0
BRDA:4410,289,0,0
BRDA:4410,289,1,0
BRDA:4413,290,0,0
BRDA:4413,290,1,0
BRDA:4433,291,0,0
BRDA:4433,291,1,0
BRDA:4597,292,0,0
BRDA:4597,292,1,0
BRDA:4597,293,0,0
BRDA:4597,293,1,0
BRDA:4658,294,0,0
BRDA:4658,294,1,0
BRDA:4660,295,0,0
BRDA:4660,295,1,0
BRDA:4695,296,0,0
BRDA:4695,296,1,0
BRDA:4718,297,0,0
BRDA:4718,297,1,0
BRDA:4813,298,0,0
BRDA:4813,298,1,0
BRDA:4813,299,0,0
BRDA:4813,299,1,0
BRDA:4816,300,0,0
BRDA:4816,300,1,0
BRDA:4818,301,0,0
BRDA:4818,301,1,0
BRDA:4828,302,0,0
BRDA:4828,302,1,0
BRDA:4830,303,0,0
BRDA:4830,303,1,0
BRDA:4896,304,0,0
BRDA:4896,304,1,0
BRDA:4902,305,0,0
BRDA:4902,305,1,0
BRDA:5008,306,0,0
BRDA:5008,306,1,0
BRDA:5044,307,0,0
BRDA:5044,307,1,0
BRDA:5045,308,0,0
BRDA:5045,308,1,0
BRDA:5120,309,0,0
BRDA:5120,309,1,0
BRDA:5120,310,0,0
BRDA:5120,310,1,0
BRDA:5130,311,0,0
BRDA:5130,311,1,0
BRDA:5255,312,0,0
BRDA:5255,312,1,0
BRDA:5261,313,0,0
BRDA:5261,313,1,0
BRDA:5298,314,0,0
BRDA:5300,315,0,0
BRDA:5300,315,1,0
BRDA:5305,316,0,0
BRDA:5305,316,1,0
BRDA:5375,317,0,0
BRDA:5376,318,0,0
BRDA:5376,318,1,0
BRDA:5381,319,0,0
BRDA:5381,319,1,0
BRDA:5389,320,0,0
BRDA:5389,320,1,0
BRDA:5389,321,0,0
BRDA:5389,321,1,0
BRDA:5427,322,0,0
BRDA:5427,322,1,0
BRDA:5443,323,0,0
BRDA:5443,323,1,0
BRDA:5504,324,0,0
BRDA:5504,324,1,0
BRDA:5508,325,0,0
BRDA:5508,325,1,0
BRDA:5520,326,0,0
BRDA:5520,326,1,0
BRDA:5526,327,0,0
BRDA:5526,327,1,0
BRDA:5531,328,0,0
BRDA:5531,328,1,0
BRDA:5565,329,0,0
BRDA:5570,330,0,0
BRDA:5570,330,1,0
BRDA:5570,331,0,0
BRDA:5570,331,1,0
BRDA:5581,332,0,0
BRDA:5581,332,1,0
BRDA:5585,333,0,0
BRDA:5585,333,1,0
BRDA:5587,334,0,0
BRDA:5587,334,1,0
BRDA:5592,335,0,0
BRDA:5592,335,1,0
BRDA:5594,336,0,0
BRDA:5594,336,1,0
BRDA:5625,337,0,0
BRDA:5625,337,1,0
BRDA:5667,338,0,0
BRDA:5667,338,1,0
BRDA:5667,339,0,0
BRDA:5667,339,1,0
BRDA:5686,340,0,0
BRDA:5686,340,1,0
BRDA:5705,341,0,0
BRDA:5705,341,1,0
BRDA:5723,342,0,0
BRDA:5723,342,1,0
BRDA:5769,343,0,0
BRDA:5769,343,1,0
BRDA:5780,344,0,0
BRDA:5780,344,1,0
BRDA:5780,345,0,0
BRDA:5780,345,1,0
BRDA:5783,346,0,0
BRDA:5783,346,1,0
BRDA:5785,347,0,0
BRDA:5785,347,1,0
BRDA:5798,348,0,0
BRDA:5798,348,1,0
BRDA:5815,349,0,0
BRDA:5815,349,1,0
BRDA:5820,350,0,0
BRDA:5820,350,1,0
BRDA:5897,351,0,0
BRDA:5897,351,1,0
BRDA:5897,352,0,0
BRDA:5897,352,1,0
BRDA:5904,353,0,0
BRDA:5904,353,1,0
BRDA:5905,354,0,0
BRDA:5905,354,1,0
BRDA:5907,355,0,0
BRDA:5907,355,1,0
BRDA:5939,356,0,0
BRDA:5939,357,0,0
BRDA:5949,358,0,0
BRDA:5973,359,0,0
BRDA:5973,359,1,0
BRDA:5980,360,0,0
BRDA:5980,360,1,0
BRDA:5980,361,0,0
BRDA:5980,361,1,0
BRDA:5982,362,0,0
BRDA:5982,362,1,0
BRDA:5987,363,0,0
BRDA:5987,363,1,0
BRDA:5994,364,0,0
BRDA:5994,364,1,0
BRDA:6005,365,0,0
BRDA:6005,365,1,0
BRDA:6006,366,0,0
BRDA:6006,366,1,0
BRDA:6008,367,0,0
BRDA:6008,367,1,0
BRDA:6015,368,0,0
BRDA:6015,368,1,0
BRDA:6025,369,0,0
BRDA:6025,369,1,0
BRDA:6081,370,0,0
BRDA:6081,370,1,0
BRDA:6086,371,0,0
BRDA:6086,371,1,0
BRDA:6104,372,0,0
BRDA:6104,372,1,0
BRDA:6117,373,0,0
BRDA:6117,373,1,0
BRDA:6120,374,0,0
BRDA:6120,374,1,0
BRDA:6122,375,0,0
BRDA:6122,375,1,0
BRDA:6171,376,0,0
BRDA:6171,376,1,0
BRDA:6171,377,0,0
BRDA:6171,377,1,0
BRDA:6204,378,0,0
BRDA:6204,378,1,0
BRDA:6303,379,0,0
BRDA:6303,379,1,1
BRDA:6327,380,0,0
BRDA:6327,380,1,0
BRDA:6364,381,0,0
BRDA:6364,381,1,0
BRDA:6367,382,0,0
BRDA:6367,382,1,0
BRDA:6369,383,0,0
BRDA:6369,383,1,0
BRDA:6433,384,0,0
BRDA:6433,384,1,0
BRDA:6434,385,0,0
BRDA:6434,385,1,0
BRDA:6447,386,0,0
BRDA:6447,386,1,0
BRDA:6453,387,0,0
BRDA:6453,387,1,0
BRDA:6456,388,0,0
BRDA:6456,388,1,0
BRDA:6457,389,0,0
BRDA:6457,389,1,0
BRDA:6465,390,0,0
BRDA:6465,390,1,0
BRDA:6466,391,0,0
BRDA:6466,391,1,0
BRDA:6466,392,0,0
BRDA:6466,392,1,0
BRDA:6473,393,0,0
BRDA:6473,393,1,0
BRDA:6479,394,0,0
BRDA:6479,394,1,0
BRDA:6481,395,0,0
BRDA:6481,395,1,0
BRDA:6495,396,0,0
BRDA:6495,396,1,0
BRDA:6525,397,0,0
BRDA:6525,397,1,0
BRDA:6525,398,0,0
BRDA:6525,398,1,0
BRDA:6525,398,2,0
BRDA:6535,399,0,0
BRDA:6535,399,1,0
BRDA:6563,400,0,0
BRDA:6563,400,1,0
BRDA:6569,401,0,0
BRDA:6569,401,1,0
BRDA:6574,402,0,0
BRDA:6574,402,1,0
BRDA:6590,403,0,0
BRDA:6590,403,1,0
BRDA:6607,404,0,0
BRDA:6607,404,1,0
BRDA:6629,405,0,0
BRDA:6629,405,1,0
BRDA:6629,406,0,0
BRDA:6629,406,1,0
BRDA:6683,407,0,0
BRDA:6683,407,1,0
BRDA:6684,408,0,0
BRDA:6684,408,1,0
BRDA:6697,409,0,0
BRDA:6697,409,1,0
BRDA:6703,410,0,0
BRDA:6703,410,1,0
BRDA:6706,411,0,0
BRDA:6706,411,1,0
BRDA:6707,412,0,0
BRDA:6707,412,1,0
BRDA:6715,413,0,0
BRDA:6715,413,1,0
BRDA:6716,414,0,0
BRDA:6716,414,1,0
BRDA:6716,415,0,0
BRDA:6716,415,1,0
BRDA:6723,416,0,0
BRDA:6723,416,1,0
BRDA:6729,417,0,0
BRDA:6729,417,1,0
BRDA:6731,418,0,0
BRDA:6731,418,1,0
BRDA:6745,419,0,0
BRDA:6745,419,1,0
BRDA:6772,420,0,0
BRDA:6772,420,1,0
BRDA:6772,421,0,0
BRDA:6772,421,1,0
BRDA:6772,421,2,0
BRDA:6782,422,0,0
BRDA:6782,422,1,0
BRDA:6820,423,0,0
BRDA:6820,423,1,0
BRDA:6846,424,0,0
BRDA:6846,424,1,0
BRDA:6875,425,0,0
BRDA:6875,425,1,0
BRDA:6939,426,0,0
BRDA:6939,426,1,0
BRDA:6939,427,0,0
BRDA:6939,427,1,0
BRDA:6995,428,0,0
BRDA:6995,428,1,0
BRDA:6995,429,0,0
BRDA:6995,429,1,0
BRDA:6995,429,2,0
BRDA:7005,430,0,0
BRDA:7005,430,1,0
BRDA:7031,431,0,0
BRDA:7031,431,1,0
BRDA:7064,432,0,0
BRDA:7064,432,1,0
BRDA:7064,433,0,0
BRDA:7064,433,1,0
BRDA:7098,434,0,0
BRDA:7098,434,1,0
BRDA:7111,435,0,0
BRDA:7111,435,1,0
BRDA:7116,436,0,0
BRDA:7116,436,1,0
BRDA:7121,437,0,0
BRDA:7121,437,1,0
BRDA:7146,438,0,0
BRDA:7146,438,1,0
BRDA:7148,439,0,0
BRDA:7148,439,1,0
BRDA:7148,440,0,0
BRDA:7148,440,1,0
BRDA:7148,440,2,0
BRDA:7159,441,0,0
BRDA:7159,441,1,0
BRDA:7159,442,0,0
BRDA:7159,442,1,0
BRDA:7159,442,2,0
BRDA:7176,443,0,0
BRDA:7176,443,1,0
BRDA:7202,444,0,0
BRDA:7202,444,1,0
BRDA:7212,445,0,0
BRDA:7212,445,1,0
BRDA:7232,446,0,0
BRDA:7232,446,1,0
BRDA:7232,447,0,0
BRDA:7232,447,1,0
BRDA:7283,448,0,0
BRDA:7283,448,1,0
BRDA:7283,449,0,0
BRDA:7283,449,1,0
BRDA:7288,450,0,0
BRDA:7288,450,1,0
BRDA:7288,451,0,0
BRDA:7288,451,1,0
BRDA:7368,452,0,0
BRDA:7368,452,1,0
BRDA:7375,453,0,0
BRDA:7375,453,1,0
BRDA:7377,454,0,0
BRDA:7377,454,1,0
BRDA:7380,455,0,0
BRDA:7380,455,1,0
BRDA:7395,456,0,0
BRDA:7395,456,1,0
BRDA:7416,457,0,0
BRDA:7416,457,1,0
BRDA:7421,458,0,0
BRDA:7421,458,1,0
BRDA:7491,459,0,1
BRDA:7491,459,1,0
BRDA:7511,460,0,1
BRDA:7511,460,1,0
BRDA:7515,461,0,1
BRDA:7515,461,1,0
BRDA:7521,462,0,0
BRDA:7521,462,1,1
BRDA:7521,463,0,1
BRDA:7521,463,1,0
BRDA:7532,464,0,1
BRDA:7532,464,1,0
BRDA:7539,465,0,1
BRDA:7539,465,1,1
BRDA:7542,466,0,1
BRDA:7542,466,1,0
BRDA:7544,467,0,0
BRDA:7544,467,1,1
BRDA:7544,468,0,1
BRDA:7544,468,1,0
BRDA:7564,469,0,0
BRDA:7564,469,1,1
BRDA:7564,470,0,1
BRDA:7564,470,1,0
BRDA:7564,471,0,1
BRDA:7564,471,1,0
BRDA:7579,472,0,1
BRDA:7579,472,1,1
BRDA:7626,473,0,0
BRDA:7626,473,1,0
BRDA:7655,474,0,1
BRDA:7655,474,1,0
BRDA:7673,475,0,0
BRDA:7673,475,1,0
BRDA:7676,476,0,0
BRDA:7676,476,1,0
BRDA:7683,477,0,0
BRDA:7683,477,1,0
BRDA:7688,478,0,0
BRDA:7688,478,1,0
BRDA:7693,479,0,0
BRDA:7693,479,1,0
BRDA:7693,480,0,0
BRDA:7693,480,1,0
BRDA:7695,481,0,0
BRDA:7695,481,1,0
BRDA:7696,482,0,0
BRDA:7696,482,1,0
BRDA:7702,483,0,0
BRDA:7702,483,1,0
BRDA:7702,484,0,0
BRDA:7702,484,1,0
BRDA:7704,485,0,0
BRDA:7704,485,1,0
BRDA:7705,486,0,0
BRDA:7705,486,1,0
BRDA:7709,487,0,0
BRDA:7709,487,1,0
BRDA:7756,488,0,0
BRDA:7756,488,1,0
BRDA:7760,489,0,0
BRDA:7760,489,1,0
BRDA:7790,490,0,0
BRDA:7790,490,1,0
BRDA:7790,491,0,0
BRDA:7790,491,1,0
BRDA:7792,492,0,0
BRDA:7792,492,1,0
BRDA:7797,493,0,0
BRDA:7797,493,1,0
BRDA:7797,494,0,0
BRDA:7797,494,1,0
BRDA:7799,495,0,0
BRDA:7799,495,1,0
BRDA:7805,496,0,0
BRDA:7805,496,1,0
BRDA:7805,497,0,0
BRDA:7805,497,1,0
BRDA:7813,498,0,0
BRDA:7813,498,1,1000
BRDA:7921,499,0,0
BRDA:7921,499,1,0
BRDA:7928,500,0,0
BRDA:7928,500,1,0
BRDA:7935,501,0,0
BRDA:7937,502,0,0
BRDA:7937,502,1,0
BRDA:7946,503,0,0
BRDA:7946,504,0,0
BRDA:7948,505,0,0
BRDA:7948,505,1,0
BRDA:7953,506,0,0
BRDA:7953,506,1,0
BRDA:7962,507,0,0
BRDA:7962,508,0,0
BRDA:7963,509,0,0
BRDA:7963,509,1,0
BRDA:7968,510,0,0
BRDA:7968,510,1,0
BRDA:7979,511,0,0
BRDA:7979,511,1,0
BRDA:7979,511,2,0
BRDA:7979,511,3,0
BRDA:7979,511,4,0
BRDA:8009,512,0,0
BRDA:8009,512,1,0
BRDA:8020,513,0,0
BRDA:8024,514,0,0
BRDA:8092,515,0,0
BRDA:8093,516,0,0
BRDA:8093,516,1,0
BRDA:8097,517,0,0
BRDA:8097,517,1,0
BRDA:8103,518,0,0
BRDA:8104,519,0,0
BRDA:8104,519,1,0
BRDA:8108,520,0,0
BRDA:8108,520,1,0
BRDA:8147,521,0,0
BRDA:8147,521,1,0
BRDA:8157,522,0,0
BRDA:8157,522,1,0
BRDA:8173,523,0,0
BRDA:8173,523,1,0
BRDA:8173,523,2,0
BRDA:8173,523,3,0
BRDA:8173,523,4,0
BRDA:8193,524,0,0
BRDA:8193,524,1,0
BRDA:8201,525,0,0
BRDA:8201,525,1,0
BRDA:8201,525,2,0
BRDA:8230,526,0,0
BRDA:8230,526,1,0
BRDA:8230,526,2,0
BRDA:8230,526,3,0
BRDA:8230,526,4,0
BRDA:8230,526,5,0
BRDA:8236,527,0,0
BRDA:8236,527,1,0
BRDA:8236,527,2,0
BRDA:8239,528,0,0
BRDA:8239,528,1,0
BRDA:8263,529,0,0
BRDA:8263,529,1,0
BRDA:8314,530,0,0
BRDA:8314,530,1,0
BRDA:8325,531,0,0
BRDA:8325,531,1,0
BRDA:8326,532,0,0
BRDA:8326,532,1,0
BRDA:8333,533,0,0
BRDA:8333,533,1,0
BRDA:8334,534,0,0
BRDA:8334,534,1,0
BRDA:8348,535,0,0
BRDA:8348,535,1,0
BRDA:8378,536,0,0
BRDA:8378,536,1,0
BRDA:8378,536,2,0
BRDA:8378,536,3,0
BRDA:8384,537,0,0
BRDA:8384,537,1,0
BRDA:8394,538,0,0
BRDA:8394,538,1,0
BRDA:8404,539,0,0
BRDA:8404,539,1,0
BRDA:8418,540,0,0
BRDA:8418,540,1,0
BRDA:8426,541,0,0
BRDA:8426,541,1,0
BRDA:8426,541,2,0
BRDA:8426,541,3,0
BRDA:8431,542,0,0
BRDA:8431,542,1,0
BRDA:8449,543,0,0
BRDA:8449,543,1,0
BRDA:8452,544,0,0
BRDA:8452,544,1,0
BRDA:8510,545,0,0
BRDA:8510,545,1,0
BRDA:8510,545,2,0
BRDA:8510,545,3,0
BRDA:8510,545,4,0
BRDA:8510,545,5,0
BRDA:8510,545,6,0
BRDA:8510,545,7,0
BRDA:8510,545,8,0
BRDA:8510,545,9,0
BRDA:8510,545,10,0
BRDA:8510,545,11,0
BRDA:8510,545,12,0
BRDA:8510,545,13,0
BRDA:8594,546,0,0
BRDA:8594,546,1,0
BRDA:8607,547,0,0
BRDA:8607,547,1,0
BRDA:8607,547,2,0
BRDA:8607,547,3,0
BRDA:8664,548,0,0
BRDA:8664,548,1,0
BRDA:8686,549,0,0
BRDA:8686,549,1,0
BRDA:8686,549,2,0
BRDA:8739,550,0,0
BRDA:8739,550,1,0
BRDA:8739,550,2,0
BRDA:8741,551,0,0
BRDA:8741,551,1,0
BRDA:8756,552,0,0
BRDA:8756,552,1,0
BRDA:8774,553,0,0
BRDA:8774,553,1,0
BRDA:8794,554,0,0
BRDA:8794,554,1,0
BRDA:8794,554,2,0
BRDA:8802,555,0,0
BRDA:8802,555,1,0
BRDA:8815,556,0,0
BRDA:8815,556,1,0
BRDA:8831,557,0,0
BRDA:8831,557,1,0
BRDA:8831,558,0,0
BRDA:8831,558,1,0
BRDA:8857,559,0,0
BRDA:8857,559,1,0
BRDA:8880,560,0,0
BRDA:8886,561,0,0
BRDA:8886,561,1,0
BRDA:8888,562,0,0
BRDA:8888,562,1,0
BRDA:8894,563,0,0
BRDA:8894,563,1,0
BRDA:8898,564,0,0
BRDA:8898,564,1,0
BRDA:8904,565,0,0
BRDA:8904,565,1,0
BRDA:8919,566,0,0
BRDA:8919,566,1,0
BRDA:8922,567,0,0
BRDA:8922,567,1,0
BRDA:8930,568,0,0
BRDA:8930,568,1,0
BRDA:8941,569,0,0
BRDA:8941,569,1,0
BRDA:8948,570,0,0
BRDA:8948,570,1,0
BRDA:8961,571,0,0
BRDA:8961,571,1,0
BRDA:8981,572,0,0
BRDA:8981,572,1,0
BRDA:8992,573,0,0
BRDA:8992,573,1,0
BRDA:8992,573,2,0
BRDA:8992,573,3,0
BRDA:9026,574,0,0
BRDA:9026,574,1,0
BRDA:9046,575,0,0
BRDA:9046,575,1,0
BRDA:9059,576,0,0
BRDA:9059,576,1,0
BRDA:9072,577,0,0
BRDA:9072,577,1,0
BRDA:9073,578,0,0
BRDA:9073,578,1,0
BRDA:9085,579,0,0
BRDA:9085,579,1,0
BRDA:9086,580,0,0
BRDA:9086,580,1,0
BRDA:9102,581,0,0
BRDA:9102,581,1,0
BRDA:9121,582,0,0
BRDA:9121,582,1,0
BRDA:9127,583,0,0
BRDA:9127,583,1,0
BRDA:9144,584,0,0
BRDA:9144,584,1,0
BRDA:9156,585,0,0
BRDA:9156,585,1,0
BRDA:9165,586,0,0
BRDA:9165,586,1,0
BRDA:9171,587,0,0
BRDA:9171,587,1,0
BRDA:9201,588,0,0
BRDA:9201,588,1,0
BRDA:9202,589,0,0
BRDA:9202,589,1,0
BRDA:9203,590,0,0
BRDA:9203,590,1,0
BRDA:9224,591,0,0
BRDA:9224,591,1,0
BRDA:9225,592,0,0
BRDA:9225,592,1,0
BRDA:9236,593,0,0
BRDA:9236,593,1,0
BRDA:9238,594,0,0
BRDA:9238,594,1,0
BRDA:9276,595,0,0
BRDA:9276,595,1,0
BRDA:9295,596,0,0
BRDA:9295,596,1,0
BRDA:9295,597,0,0
BRDA:9295,597,1,0
BRDA:9295,597,2,0
BRDA:9298,598,0,0
BRDA:9298,598,1,0
BRDA:9306,599,0,0
BRDA:9334,600,0,0
BRDA:9334,601,0,0
BRDA:9355,602,0,0
BRDA:9355,602,1,0
BRDA:9363,603,0,0
BRDA:9363,603,1,0
BRDA:9364,604,0,0
BRDA:9364,604,1,0
BRDA:9365,605,0,0
BRDA:9365,605,1,0
BRDA:9366,606,0,0
BRDA:9366,606,1,0
BRDA:9373,607,0,0
BRDA:9373,607,1,0
BRDA:9465,608,0,0
BRDA:9465,608,1,0
BRDA:9479,609,0,0
BRDA:9479,609,1,0
BRDA:9490,610,0,0
BRDA:9490,610,1,0
BRDA:9490,610,2,0
BRDA:9507,611,0,0
BRDA:9507,611,1,0
BRDA:9511,612,0,0
BRDA:9511,612,1,0
BRDA:9519,613,0,0
BRDA:9519,613,1,0
BRDA:9519,614,0,0
BRDA:9519,614,1,0
BRDA:9555,615,0,0
BRDA:9555,615,1,0
BRDA:9561,616,0,0
BRDA:9561,616,1,0
BRDA:9580,617,0,0
BRDA:9580,617,1,0
BRDA:9586,618,0,0
BRDA:9586,618,1,0
BRDA:9590,619,0,0
BRDA:9590,619,1,0
BRDA:9590,620,0,0
BRDA:9590,620,1,0
BRDA:9601,621,0,0
BRDA:9601,621,1,0
BRDA:9602,622,0,0
BRDA:9602,622,1,0
BRDA:9611,623,0,0
BRDA:9611,623,1,0
BRDA:9613,624,0,0
BRDA:9613,624,1,0
BRDA:9646,625,0,0
BRDA:9646,625,1,0
BRDA:9653,626,0,0
BRDA:9653,626,1,0
BRDA:9653,627,0,0
BRDA:9653,627,1,0
BRDA:9661,628,0,0
BRDA:9661,628,1,0
BRDA:9663,629,0,0
BRDA:9663,629,1,0
BRDA:9666,630,0,0
BRDA:9666,630,1,0
BRDA:9669,631,0,0
BRDA:9669,631,1,0
BRDA:9712,632,0,0
BRDA:9712,632,1,0
BRDA:9722,633,0,0
BRDA:9722,633,1,0
BRDA:9722,633,2,0
BRDA:9722,633,3,0
BRDA:9722,633,4,0
BRDA:9743,634,0,0
BRDA:9743,634,1,0
BRDA:9777,635,0,0
BRDA:9777,635,1,0
BRDA:9801,636,0,0
BRDA:9801,636,1,0
BRDA:9803,637,0,0
BRDA:9803,637,1,0
BRDA:9805,638,0,0
BRDA:9805,638,1,0
BRDA:9819,639,0,0
BRDA:9824,640,0,0
BRDA:9824,641,0,0
BRDA:9824,642,0,0
BRDA:9828,643,0,0
BRDA:9828,644,0,0
BRDA:9830,645,0,0
BRDA:9830,645,1,0
BRDA:9839,646,0,0
BRDA:9843,647,0,0
BRDA:9849,648,0,0
BRDA:9884,649,0,0
BRDA:9884,649,1,0
BRDA:9887,650,0,0
BRDA:9887,650,1,0
BRDA:9902,651,0,0
BRDA:9902,651,1,0
BRDA:9923,652,0,0
BRDA:9923,652,1,0
BRDA:9939,653,0,0
BRDA:9939,653,1,0
BRDA:9978,654,0,0
BRDA:9978,654,1,0
BRDA:9978,654,2,0
BRDA:9978,654,3,0
BRDA:9978,654,4,0
BRDA:9978,654,5,0
BRDA:9978,654,6,0
BRDA:9978,654,7,0
BRDA:9978,654,8,0
BRDA:9978,654,9,0
BRDA:9978,654,10,0
BRDA:9978,654,11,0
BRDA:9978,654,12,0
BRDA:10049,655,0,0
BRDA:10049,655,1,0
BRDA:10054,656,0,0
BRDA:10054,656,1,0
BRDA:10054,657,0,0
BRDA:10054,657,1,0
BRDA:10062,658,0,0
BRDA:10062,658,1,0
BRDA:10075,659,0,0
BRDA:10075,659,1,0
BRDA:10084,660,0,0
BRDA:10084,660,1,0
BRDA:10094,661,0,0
BRDA:10094,661,1,0
BRDA:10103,662,0,0
BRDA:10103,662,1,0
BRDA:10113,663,0,0
BRDA:10113,663,1,0
BRDA:10120,664,0,0
BRDA:10120,664,1,0
BRDA:10129,665,0,0
BRDA:10129,665,1,0
BRDA:10149,666,0,0
BRDA:10149,666,1,0
BRDA:10155,667,0,0
BRDA:10155,667,1,0
BRDA:10159,668,0,0
BRDA:10159,668,1,0
BRDA:10165,669,0,0
BRDA:10165,669,1,0
BRDA:10175,670,0,0
BRDA:10175,670,1,0
BRDA:10180,671,0,0
BRDA:10180,671,1,0
BRDA:10197,672,0,0
BRDA:10197,672,1,0
BRDA:10205,673,0,0
BRDA:10205,673,1,0
BRDA:10215,674,0,0
BRDA:10215,674,1,0
BRDA:10220,675,0,0
BRDA:10220,675,1,0
BRDA:10225,676,0,0
BRDA:10225,676,1,0
BRDA:10230,677,0,0
BRDA:10230,677,1,0
BRDA:10241,678,0,0
BRDA:10241,678,1,0
BRDA:10250,679,0,0
BRDA:10250,679,1,0
BRDA:10273,680,0,0
BRDA:10273,680,1,0
BRDA:10273,681,0,0
BRDA:10273,681,1,0
BRDA:10284,682,0,0
BRDA:10284,682,1,0
BRDA:10351,683,0,0
BRDA:10351,683,1,0
BRDA:10353,684,0,0
BRDA:10353,684,1,0
BRDA:10353,684,2,0
BRDA:10353,684,3,0
BRDA:10353,684,4,0
BRDA:10409,685,0,0
BRDA:10409,685,1,0
BRDA:10468,686,0,0
BRDA:10468,686,1,0
BRDA:10472,687,0,0
BRDA:10472,687,1,0
BRDA:10511,688,0,0
BRDA:10511,688,1,0
BRDA:10515,689,0,0
BRDA:10515,689,1,0
BRDA:10517,690,0,0
BRDA:10517,690,1,0
BRDA:10528,691,0,0
BRDA:10528,691,1,0
BRDA:10537,692,0,0
BRDA:10537,692,1,0
BRDA:10544,693,0,0
BRDA:10544,693,1,0
BRDA:10567,694,0,0
BRDA:10567,694,1,0
BRDA:10582,695,0,0
BRDA:10582,695,1,0
BRDA:10588,696,0,0
BRDA:10588,696,1,0
BRDA:10598,697,0,0
BRDA:10598,697,1,0
BRDA:10618,698,0,0
BRDA:10618,698,1,0
BRDA:10632,699,0,0
BRDA:10632,699,1,0
BRDA:10679,700,0,0
BRDA:10679,700,1,0
BRDA:10707,701,0,0
BRDA:10707,701,1,0
BRF:1423
BRH:202
end_of_record
